<?xml version="1.0" encoding="UTF-8"?>
<robot generator="Robot 4.1.2 (Python 3.8.10 on win32)" generated="20220103 15:19:06.074" rpa="false" schemaversion="2">
<suite id="s1" name="Magasin-CT2.2" source="C:\Users\Nico\Desktop\projet\3_Petits_Cochons_2021_2022\EcranMagasin\Magasin-CT2.2.robot">
<kw name="ViderLogs" type="SETUP">
<kw name="Run" library="OperatingSystem">
<arg>.\\clear_logs.bat</arg>
<doc>Runs the given command in the system and returns the output.</doc>
<msg timestamp="20220103 15:19:09.277" level="INFO">Running command '.\clear_logs.bat 2&gt;&amp;1'.</msg>
<status status="PASS" starttime="20220103 15:19:09.269" endtime="20220103 15:19:09.291"/>
</kw>
<status status="PASS" starttime="20220103 15:19:09.269" endtime="20220103 15:19:09.291"/>
</kw>
<test id="s1-t1" name="ChoixDefi-CT5.1">
<kw name="Add Needed Image Path" type="SETUP">
<kw name="Add Image Path" library="sk">
<arg>${IMAGE_DIR}</arg>
<doc>Add image path</doc>
<msg timestamp="20220103 15:19:09.306" level="INFO">Params: [C:\Users\Nico\Desktop\projet\3_Petits_Cochons_2021_2022\EcranMagasin\imgProjet\]</msg>
<status status="PASS" starttime="20220103 15:19:09.292" endtime="20220103 15:19:09.306"/>
</kw>
<status status="PASS" starttime="20220103 15:19:09.292" endtime="20220103 15:19:09.306"/>
</kw>
<kw name="selectionTypeCosmetique">
<kw name="Click" library="sk">
<arg>jeu.png</arg>
<doc>Click</doc>
<msg timestamp="20220103 15:19:10.596" level="INFO">Params: [jeu.png]</msg>
<msg timestamp="20220103 15:19:10.596" level="INFO" html="true">&lt;img src='sikuli_captured/sikuliximage-1641219549833.png'/&gt;
[log] CLICK on L[517,1056]@S(0) (556 msec)</msg>
<status status="PASS" starttime="20220103 15:19:09.307" endtime="20220103 15:19:10.596"/>
</kw>
<kw name="Sleep" library="BuiltIn">
<arg>2</arg>
<doc>Pauses the test executed for the given time.</doc>
<msg timestamp="20220103 15:19:12.608" level="INFO">Slept 2 seconds</msg>
<status status="PASS" starttime="20220103 15:19:10.596" endtime="20220103 15:19:12.608"/>
</kw>
<kw name="Wait Until Screen Contain" library="sk">
<arg>\\Magasin-CT2\\classique.png=0.99</arg>
<arg>2</arg>
<doc>Wait until screen contain
 Wait until image shown in screen</doc>
<msg timestamp="20220103 15:19:12.882" level="INFO">Params: [\Magasin-CT2\classique.png=0.99, 2]</msg>
<msg timestamp="20220103 15:19:12.882" level="INFO" html="true">&lt;img src='sikuli_captured/sikuliximage-1641219552877.png'/&gt;</msg>
<status status="PASS" starttime="20220103 15:19:12.608" endtime="20220103 15:19:12.882"/>
</kw>
<kw name="Wait Until Screen Contain" library="sk">
<arg>\\Magasin-CT2\\boueux.png=0.99</arg>
<arg>2</arg>
<doc>Wait until screen contain
 Wait until image shown in screen</doc>
<msg timestamp="20220103 15:19:13.100" level="INFO">Params: [\Magasin-CT2\boueux.png=0.99, 2]</msg>
<msg timestamp="20220103 15:19:13.100" level="INFO" html="true">&lt;img src='sikuli_captured/sikuliximage-1641219553100.png'/&gt;</msg>
<status status="PASS" starttime="20220103 15:19:12.882" endtime="20220103 15:19:13.100"/>
</kw>
<kw name="Wait Until Screen Contain" library="sk">
<arg>\\Magasin-CT2\\hiver.png=0.99</arg>
<arg>2</arg>
<doc>Wait until screen contain
 Wait until image shown in screen</doc>
<msg timestamp="20220103 15:19:13.339" level="INFO">Params: [\Magasin-CT2\hiver.png=0.99, 2]</msg>
<msg timestamp="20220103 15:19:13.339" level="INFO" html="true">&lt;img src='sikuli_captured/sikuliximage-1641219553338.png'/&gt;</msg>
<status status="PASS" starttime="20220103 15:19:13.100" endtime="20220103 15:19:13.339"/>
</kw>
<kw name="Wait Until Screen Contain" library="sk">
<arg>\\Magasin-CT2\\halooween.png=0.99</arg>
<arg>2</arg>
<doc>Wait until screen contain
 Wait until image shown in screen</doc>
<msg timestamp="20220103 15:19:13.556" level="INFO">Params: [\Magasin-CT2\halooween.png=0.99, 2]</msg>
<msg timestamp="20220103 15:19:13.556" level="INFO" html="true">&lt;img src='sikuli_captured/sikuliximage-1641219553545.png'/&gt;</msg>
<status status="PASS" starttime="20220103 15:19:13.339" endtime="20220103 15:19:13.556"/>
</kw>
<kw name="Wait Until Screen Contain" library="sk">
<arg>\\Magasin-CT2\\or.png=0.99</arg>
<arg>2</arg>
<doc>Wait until screen contain
 Wait until image shown in screen</doc>
<msg timestamp="20220103 15:19:13.817" level="INFO">Params: [\Magasin-CT2\or.png=0.99, 2]</msg>
<msg timestamp="20220103 15:19:13.817" level="INFO" html="true">&lt;img src='sikuli_captured/sikuliximage-1641219553817.png'/&gt;</msg>
<status status="PASS" starttime="20220103 15:19:13.556" endtime="20220103 15:19:13.817"/>
</kw>
<status status="PASS" starttime="20220103 15:19:09.307" endtime="20220103 15:19:13.817"/>
</kw>
<kw name="Stop Remote Server" library="sk" type="TEARDOWN">
<doc>Stops the remote server.</doc>
<msg timestamp="20220103 15:19:13.826" level="INFO">Robot Framework remote server stopping</msg>
<status status="PASS" starttime="20220103 15:19:13.817" endtime="20220103 15:19:13.826"/>
</kw>
<status status="PASS" starttime="20220103 15:19:09.292" endtime="20220103 15:19:13.826"/>
</test>
<kw name="Stop Remote Server" library="sk" type="TEARDOWN">
<doc>Stops the remote server.</doc>
<msg timestamp="20220103 15:19:13.831" level="INFO">Robot Framework remote server stopping</msg>
<status status="PASS" starttime="20220103 15:19:13.827" endtime="20220103 15:19:13.831"/>
</kw>
<doc>Sikuli Library Demo</doc>
<status status="PASS" starttime="20220103 15:19:06.074" endtime="20220103 15:19:13.831"/>
</suite>
<statistics>
<total>
<stat pass="1" fail="0" skip="0">All Tests</stat>
</total>
<tag>
</tag>
<suite>
<stat pass="1" fail="0" skip="0" id="s1" name="Magasin-CT2.2">Magasin-CT2.2</stat>
</suite>
</statistics>
<errors>
</errors>
</robot>
