<?xml version="1.0" encoding="UTF-8"?>
<robot generator="Robot 4.1.2 (Python 3.8.10 on win32)" generated="20211129 16:38:20.025" rpa="false" schemaversion="2">
<suite id="s1" name="ChoixDefi-CT2.2" source="C:\Users\Nico\Desktop\projet\3_Petits_Cochons_2021_2022\EcranChoixDefi\ChoixDefi-CT2.2.robot">
<test id="s1-t1" name="Manyfik">
<kw name="Add Needed Image Path" type="SETUP">
<kw name="Add Image Path" library="sk">
<arg>${IMAGE_DIR}</arg>
<doc>Add image path</doc>
<msg timestamp="20211129 16:38:23.505" level="INFO">Params: [C:\Users\Nico\Desktop\projet\3_Petits_Cochons_2021_2022\EcranChoixDefi\imgProjet\ChoixDefi-CT2]</msg>
<status status="PASS" starttime="20211129 16:38:23.493" endtime="20211129 16:38:23.506"/>
</kw>
<status status="PASS" starttime="20211129 16:38:23.493" endtime="20211129 16:38:23.506"/>
</kw>
<kw name="Trobi1">
<kw name="Click" library="sk">
<arg>jeu.png</arg>
<doc>Click</doc>
<msg timestamp="20211129 16:38:24.783" level="INFO">Params: [jeu.png]</msg>
<msg timestamp="20211129 16:38:24.783" level="INFO" html="true">&lt;img src='sikuli_captured/sikuliximage-1638200304013.png'/&gt;
[log] CLICK on L[351,1064]@S(0) (545 msec)</msg>
<status status="PASS" starttime="20211129 16:38:23.506" endtime="20211129 16:38:24.783"/>
</kw>
<kw name="Sleep" library="BuiltIn">
<arg>2</arg>
<doc>Pauses the test executed for the given time.</doc>
<msg timestamp="20211129 16:38:26.788" level="INFO">Slept 2 seconds</msg>
<status status="PASS" starttime="20211129 16:38:24.783" endtime="20211129 16:38:26.788"/>
</kw>
<kw name="Create List" library="BuiltIn">
<var>${reg}</var>
<arg>${571}</arg>
<arg>${527}</arg>
<arg>${83}</arg>
<arg>${88}</arg>
<doc>Returns a list containing given items.</doc>
<msg timestamp="20211129 16:38:26.792" level="INFO">${reg} = [571, 527, 83, 88]</msg>
<status status="PASS" starttime="20211129 16:38:26.788" endtime="20211129 16:38:26.793"/>
</kw>
<for flavor="IN RANGE">
<var>${difficultes}</var>
<value>3</value>
<iter>
<var name="${difficultes}">0</var>
<for flavor="IN RANGE">
<var>${defis}</var>
<value>6</value>
<iter>
<var name="${defis}">0</var>
<kw name="Click Region" library="sk">
<arg>${reg}</arg>
<doc>Click region</doc>
<msg timestamp="20211129 16:38:30.456" level="INFO">Params: [[Ljava.lang.Object;@4bfea72f]</msg>
<msg timestamp="20211129 16:38:30.456" level="INFO" html="true">&lt;img src='sikuli_captured/sikuliximage-1638200306836.png'/&gt;
[log] CLICK on L[612,571]@S(0) (543 msec)</msg>
<msg timestamp="20211129 16:38:30.456" level="INFO" html="true">&lt;img src='sikuli_captured/sikuliximage-1638200310442.png'/&gt;</msg>
<status status="PASS" starttime="20211129 16:38:26.794" endtime="20211129 16:38:30.456"/>
</kw>
<kw name="Wait Until Screen Contain" library="sk">
<arg>ecranJeu.png</arg>
<arg>2</arg>
<doc>Wait until screen contain
 Wait until image shown in screen</doc>
<msg timestamp="20211129 16:38:30.876" level="INFO">Params: [ecranJeu.png, 2]</msg>
<msg timestamp="20211129 16:38:30.876" level="INFO" html="true">&lt;img src='sikuli_captured/sikuliximage-1638200310768.png'/&gt;</msg>
<status status="PASS" starttime="20211129 16:38:30.457" endtime="20211129 16:38:30.876"/>
</kw>
<kw name="Evaluate" library="BuiltIn">
<var>${buff}</var>
<arg>${reg}[0]+${120}</arg>
<doc>Evaluates the given expression in Python and returns the result.</doc>
<msg timestamp="20211129 16:38:30.878" level="INFO">${buff} = 691</msg>
<status status="PASS" starttime="20211129 16:38:30.877" endtime="20211129 16:38:30.878"/>
</kw>
<kw name="Set List Value" library="Collections">
<arg>${reg}</arg>
<arg>0</arg>
<arg>${buff}</arg>
<doc>Sets the value of ``list`` specified by ``index`` to the given ``value``.</doc>
<status status="PASS" starttime="20211129 16:38:30.878" endtime="20211129 16:38:30.878"/>
</kw>
<status status="PASS" starttime="20211129 16:38:26.794" endtime="20211129 16:38:30.878"/>
</iter>
<iter>
<var name="${defis}">1</var>
<kw name="Click Region" library="sk">
<arg>${reg}</arg>
<doc>Click region</doc>
<msg timestamp="20211129 16:38:34.478" level="INFO">Params: [[Ljava.lang.Object;@60858a9f]</msg>
<msg timestamp="20211129 16:38:34.478" level="INFO" html="true">&lt;img src='sikuli_captured/sikuliximage-1638200310905.png'/&gt;
[log] CLICK on L[732,571]@S(0) (531 msec)</msg>
<msg timestamp="20211129 16:38:34.478" level="INFO" html="true">&lt;img src='sikuli_captured/sikuliximage-1638200314471.png'/&gt;</msg>
<status status="PASS" starttime="20211129 16:38:30.878" endtime="20211129 16:38:34.478"/>
</kw>
<kw name="Wait Until Screen Contain" library="sk">
<arg>ecranJeu.png</arg>
<arg>2</arg>
<doc>Wait until screen contain
 Wait until image shown in screen</doc>
<msg timestamp="20211129 16:38:34.888" level="INFO">Params: [ecranJeu.png, 2]</msg>
<msg timestamp="20211129 16:38:34.888" level="INFO" html="true">&lt;img src='sikuli_captured/sikuliximage-1638200314782.png'/&gt;</msg>
<status status="PASS" starttime="20211129 16:38:34.478" endtime="20211129 16:38:34.888"/>
</kw>
<kw name="Evaluate" library="BuiltIn">
<var>${buff}</var>
<arg>${reg}[0]+${120}</arg>
<doc>Evaluates the given expression in Python and returns the result.</doc>
<msg timestamp="20211129 16:38:34.889" level="INFO">${buff} = 811</msg>
<status status="PASS" starttime="20211129 16:38:34.888" endtime="20211129 16:38:34.889"/>
</kw>
<kw name="Set List Value" library="Collections">
<arg>${reg}</arg>
<arg>0</arg>
<arg>${buff}</arg>
<doc>Sets the value of ``list`` specified by ``index`` to the given ``value``.</doc>
<status status="PASS" starttime="20211129 16:38:34.889" endtime="20211129 16:38:34.889"/>
</kw>
<status status="PASS" starttime="20211129 16:38:30.878" endtime="20211129 16:38:34.889"/>
</iter>
<iter>
<var name="${defis}">2</var>
<kw name="Click Region" library="sk">
<arg>${reg}</arg>
<doc>Click region</doc>
<msg timestamp="20211129 16:38:38.514" level="INFO">Params: [[Ljava.lang.Object;@f00f14d]</msg>
<msg timestamp="20211129 16:38:38.514" level="INFO" html="true">&lt;img src='sikuli_captured/sikuliximage-1638200314921.png'/&gt;
[log] CLICK on L[852,571]@S(0) (536 msec)</msg>
<msg timestamp="20211129 16:38:38.514" level="INFO" html="true">&lt;img src='sikuli_captured/sikuliximage-1638200318506.png'/&gt;</msg>
<status status="PASS" starttime="20211129 16:38:34.889" endtime="20211129 16:38:38.514"/>
</kw>
<kw name="Wait Until Screen Contain" library="sk">
<arg>ecranJeu.png</arg>
<arg>2</arg>
<doc>Wait until screen contain
 Wait until image shown in screen</doc>
<msg timestamp="20211129 16:38:38.948" level="INFO">Params: [ecranJeu.png, 2]</msg>
<msg timestamp="20211129 16:38:38.948" level="INFO" html="true">&lt;img src='sikuli_captured/sikuliximage-1638200318836.png'/&gt;</msg>
<status status="PASS" starttime="20211129 16:38:38.514" endtime="20211129 16:38:38.948"/>
</kw>
<kw name="Evaluate" library="BuiltIn">
<var>${buff}</var>
<arg>${reg}[0]+${120}</arg>
<doc>Evaluates the given expression in Python and returns the result.</doc>
<msg timestamp="20211129 16:38:38.949" level="INFO">${buff} = 931</msg>
<status status="PASS" starttime="20211129 16:38:38.948" endtime="20211129 16:38:38.949"/>
</kw>
<kw name="Set List Value" library="Collections">
<arg>${reg}</arg>
<arg>0</arg>
<arg>${buff}</arg>
<doc>Sets the value of ``list`` specified by ``index`` to the given ``value``.</doc>
<status status="PASS" starttime="20211129 16:38:38.949" endtime="20211129 16:38:38.949"/>
</kw>
<status status="PASS" starttime="20211129 16:38:34.889" endtime="20211129 16:38:38.949"/>
</iter>
<iter>
<var name="${defis}">3</var>
<kw name="Click Region" library="sk">
<arg>${reg}</arg>
<doc>Click region</doc>
<msg timestamp="20211129 16:38:42.580" level="INFO">Params: [[Ljava.lang.Object;@9e2c28a]</msg>
<msg timestamp="20211129 16:38:42.580" level="INFO" html="true">&lt;img src='sikuli_captured/sikuliximage-1638200318993.png'/&gt;
[log] CLICK on L[972,571]@S(0) (530 msec)</msg>
<msg timestamp="20211129 16:38:42.580" level="INFO" html="true">&lt;img src='sikuli_captured/sikuliximage-1638200322573.png'/&gt;</msg>
<status status="PASS" starttime="20211129 16:38:38.949" endtime="20211129 16:38:42.580"/>
</kw>
<kw name="Wait Until Screen Contain" library="sk">
<arg>ecranJeu.png</arg>
<arg>2</arg>
<doc>Wait until screen contain
 Wait until image shown in screen</doc>
<msg timestamp="20211129 16:38:42.992" level="INFO">Params: [ecranJeu.png, 2]</msg>
<msg timestamp="20211129 16:38:42.992" level="INFO" html="true">&lt;img src='sikuli_captured/sikuliximage-1638200322899.png'/&gt;</msg>
<status status="PASS" starttime="20211129 16:38:42.581" endtime="20211129 16:38:42.992"/>
</kw>
<kw name="Evaluate" library="BuiltIn">
<var>${buff}</var>
<arg>${reg}[0]+${120}</arg>
<doc>Evaluates the given expression in Python and returns the result.</doc>
<msg timestamp="20211129 16:38:42.993" level="INFO">${buff} = 1051</msg>
<status status="PASS" starttime="20211129 16:38:42.992" endtime="20211129 16:38:42.993"/>
</kw>
<kw name="Set List Value" library="Collections">
<arg>${reg}</arg>
<arg>0</arg>
<arg>${buff}</arg>
<doc>Sets the value of ``list`` specified by ``index`` to the given ``value``.</doc>
<status status="PASS" starttime="20211129 16:38:42.993" endtime="20211129 16:38:42.993"/>
</kw>
<status status="PASS" starttime="20211129 16:38:38.949" endtime="20211129 16:38:42.993"/>
</iter>
<iter>
<var name="${defis}">4</var>
<kw name="Click Region" library="sk">
<arg>${reg}</arg>
<doc>Click region</doc>
<msg timestamp="20211129 16:38:46.939" level="INFO">Params: [[Ljava.lang.Object;@1591d37d]</msg>
<msg timestamp="20211129 16:38:46.939" level="INFO" html="true">&lt;img src='sikuli_captured/sikuliximage-1638200323010.png'/&gt;
[log] CLICK on L[1092,571]@S(0) (539 msec)</msg>
<msg timestamp="20211129 16:38:46.939" level="INFO" html="true">&lt;img src='sikuli_captured/sikuliximage-1638200326929.png'/&gt;</msg>
<status status="PASS" starttime="20211129 16:38:42.993" endtime="20211129 16:38:46.939"/>
</kw>
<kw name="Wait Until Screen Contain" library="sk">
<arg>ecranJeu.png</arg>
<arg>2</arg>
<doc>Wait until screen contain
 Wait until image shown in screen</doc>
<msg timestamp="20211129 16:38:47.366" level="INFO">Params: [ecranJeu.png, 2]</msg>
<msg timestamp="20211129 16:38:47.366" level="INFO" html="true">&lt;img src='sikuli_captured/sikuliximage-1638200327259.png'/&gt;</msg>
<status status="PASS" starttime="20211129 16:38:46.939" endtime="20211129 16:38:47.366"/>
</kw>
<kw name="Evaluate" library="BuiltIn">
<var>${buff}</var>
<arg>${reg}[0]+${120}</arg>
<doc>Evaluates the given expression in Python and returns the result.</doc>
<msg timestamp="20211129 16:38:47.367" level="INFO">${buff} = 1171</msg>
<status status="PASS" starttime="20211129 16:38:47.366" endtime="20211129 16:38:47.367"/>
</kw>
<kw name="Set List Value" library="Collections">
<arg>${reg}</arg>
<arg>0</arg>
<arg>${buff}</arg>
<doc>Sets the value of ``list`` specified by ``index`` to the given ``value``.</doc>
<status status="PASS" starttime="20211129 16:38:47.367" endtime="20211129 16:38:47.367"/>
</kw>
<status status="PASS" starttime="20211129 16:38:42.993" endtime="20211129 16:38:47.367"/>
</iter>
<iter>
<var name="${defis}">5</var>
<kw name="Click Region" library="sk">
<arg>${reg}</arg>
<doc>Click region</doc>
<msg timestamp="20211129 16:38:50.989" level="INFO">Params: [[Ljava.lang.Object;@7d0744ab]</msg>
<msg timestamp="20211129 16:38:50.989" level="INFO" html="true">&lt;img src='sikuli_captured/sikuliximage-1638200327401.png'/&gt;
[log] CLICK on L[1212,571]@S(0) (528 msec)</msg>
<msg timestamp="20211129 16:38:50.989" level="INFO" html="true">&lt;img src='sikuli_captured/sikuliximage-1638200330981.png'/&gt;</msg>
<status status="PASS" starttime="20211129 16:38:47.367" endtime="20211129 16:38:50.989"/>
</kw>
<kw name="Wait Until Screen Contain" library="sk">
<arg>ecranJeu.png</arg>
<arg>2</arg>
<doc>Wait until screen contain
 Wait until image shown in screen</doc>
<msg timestamp="20211129 16:38:51.404" level="INFO">Params: [ecranJeu.png, 2]</msg>
<msg timestamp="20211129 16:38:51.404" level="INFO" html="true">&lt;img src='sikuli_captured/sikuliximage-1638200331308.png'/&gt;</msg>
<status status="PASS" starttime="20211129 16:38:50.989" endtime="20211129 16:38:51.405"/>
</kw>
<kw name="Evaluate" library="BuiltIn">
<var>${buff}</var>
<arg>${reg}[0]+${120}</arg>
<doc>Evaluates the given expression in Python and returns the result.</doc>
<msg timestamp="20211129 16:38:51.405" level="INFO">${buff} = 1291</msg>
<status status="PASS" starttime="20211129 16:38:51.405" endtime="20211129 16:38:51.405"/>
</kw>
<kw name="Set List Value" library="Collections">
<arg>${reg}</arg>
<arg>0</arg>
<arg>${buff}</arg>
<doc>Sets the value of ``list`` specified by ``index`` to the given ``value``.</doc>
<status status="PASS" starttime="20211129 16:38:51.405" endtime="20211129 16:38:51.406"/>
</kw>
<status status="PASS" starttime="20211129 16:38:47.367" endtime="20211129 16:38:51.406"/>
</iter>
<status status="PASS" starttime="20211129 16:38:26.793" endtime="20211129 16:38:51.406"/>
</for>
<kw name="Evaluate" library="BuiltIn">
<var>${buffy}</var>
<arg>${reg}[1]+${110}</arg>
<doc>Evaluates the given expression in Python and returns the result.</doc>
<msg timestamp="20211129 16:38:51.406" level="INFO">${buffy} = 637</msg>
<status status="PASS" starttime="20211129 16:38:51.406" endtime="20211129 16:38:51.406"/>
</kw>
<kw name="Set List Value" library="Collections">
<arg>${reg}</arg>
<arg>1</arg>
<arg>${buffy}</arg>
<doc>Sets the value of ``list`` specified by ``index`` to the given ``value``.</doc>
<status status="PASS" starttime="20211129 16:38:51.406" endtime="20211129 16:38:51.407"/>
</kw>
<kw name="Set List Value" library="Collections">
<arg>${reg}</arg>
<arg>0</arg>
<arg>${coordsx}</arg>
<doc>Sets the value of ``list`` specified by ``index`` to the given ``value``.</doc>
<status status="PASS" starttime="20211129 16:38:51.407" endtime="20211129 16:38:51.407"/>
</kw>
<status status="PASS" starttime="20211129 16:38:26.793" endtime="20211129 16:38:51.407"/>
</iter>
<iter>
<var name="${difficultes}">1</var>
<for flavor="IN RANGE">
<var>${defis}</var>
<value>6</value>
<iter>
<var name="${defis}">0</var>
<kw name="Click Region" library="sk">
<arg>${reg}</arg>
<doc>Click region</doc>
<msg timestamp="20211129 16:38:55.040" level="INFO">Params: [[Ljava.lang.Object;@1d972f05]</msg>
<msg timestamp="20211129 16:38:55.040" level="INFO" html="true">&lt;img src='sikuli_captured/sikuliximage-1638200331448.png'/&gt;
[log] CLICK on L[612,681]@S(0) (530 msec)</msg>
<msg timestamp="20211129 16:38:55.040" level="INFO" html="true">&lt;img src='sikuli_captured/sikuliximage-1638200335024.png'/&gt;</msg>
<status status="PASS" starttime="20211129 16:38:51.407" endtime="20211129 16:38:55.040"/>
</kw>
<kw name="Wait Until Screen Contain" library="sk">
<arg>ecranJeu.png</arg>
<arg>2</arg>
<doc>Wait until screen contain
 Wait until image shown in screen</doc>
<msg timestamp="20211129 16:38:55.433" level="INFO">Params: [ecranJeu.png, 2]</msg>
<msg timestamp="20211129 16:38:55.433" level="INFO" html="true">&lt;img src='sikuli_captured/sikuliximage-1638200335339.png'/&gt;</msg>
<status status="PASS" starttime="20211129 16:38:55.040" endtime="20211129 16:38:55.433"/>
</kw>
<kw name="Evaluate" library="BuiltIn">
<var>${buff}</var>
<arg>${reg}[0]+${120}</arg>
<doc>Evaluates the given expression in Python and returns the result.</doc>
<msg timestamp="20211129 16:38:55.434" level="INFO">${buff} = 691</msg>
<status status="PASS" starttime="20211129 16:38:55.433" endtime="20211129 16:38:55.434"/>
</kw>
<kw name="Set List Value" library="Collections">
<arg>${reg}</arg>
<arg>0</arg>
<arg>${buff}</arg>
<doc>Sets the value of ``list`` specified by ``index`` to the given ``value``.</doc>
<status status="PASS" starttime="20211129 16:38:55.434" endtime="20211129 16:38:55.434"/>
</kw>
<status status="PASS" starttime="20211129 16:38:51.407" endtime="20211129 16:38:55.434"/>
</iter>
<iter>
<var name="${defis}">1</var>
<kw name="Click Region" library="sk">
<arg>${reg}</arg>
<doc>Click region</doc>
<msg timestamp="20211129 16:38:59.075" level="INFO">Params: [[Ljava.lang.Object;@19d27dd6]</msg>
<msg timestamp="20211129 16:38:59.075" level="INFO" html="true">&lt;img src='sikuli_captured/sikuliximage-1638200335465.png'/&gt;
[log] CLICK on L[732,681]@S(0) (541 msec)</msg>
<msg timestamp="20211129 16:38:59.075" level="INFO" html="true">&lt;img src='sikuli_captured/sikuliximage-1638200339067.png'/&gt;</msg>
<status status="PASS" starttime="20211129 16:38:55.434" endtime="20211129 16:38:59.075"/>
</kw>
<kw name="Wait Until Screen Contain" library="sk">
<arg>ecranJeu.png</arg>
<arg>2</arg>
<doc>Wait until screen contain
 Wait until image shown in screen</doc>
<msg timestamp="20211129 16:38:59.474" level="INFO">Params: [ecranJeu.png, 2]</msg>
<msg timestamp="20211129 16:38:59.474" level="INFO" html="true">&lt;img src='sikuli_captured/sikuliximage-1638200339377.png'/&gt;</msg>
<status status="PASS" starttime="20211129 16:38:59.075" endtime="20211129 16:38:59.474"/>
</kw>
<kw name="Evaluate" library="BuiltIn">
<var>${buff}</var>
<arg>${reg}[0]+${120}</arg>
<doc>Evaluates the given expression in Python and returns the result.</doc>
<msg timestamp="20211129 16:38:59.475" level="INFO">${buff} = 811</msg>
<status status="PASS" starttime="20211129 16:38:59.474" endtime="20211129 16:38:59.475"/>
</kw>
<kw name="Set List Value" library="Collections">
<arg>${reg}</arg>
<arg>0</arg>
<arg>${buff}</arg>
<doc>Sets the value of ``list`` specified by ``index`` to the given ``value``.</doc>
<status status="PASS" starttime="20211129 16:38:59.475" endtime="20211129 16:38:59.475"/>
</kw>
<status status="PASS" starttime="20211129 16:38:55.434" endtime="20211129 16:38:59.475"/>
</iter>
<iter>
<var name="${defis}">2</var>
<kw name="Click Region" library="sk">
<arg>${reg}</arg>
<doc>Click region</doc>
<msg timestamp="20211129 16:39:03.103" level="INFO">Params: [[Ljava.lang.Object;@7ca27e0b]</msg>
<msg timestamp="20211129 16:39:03.103" level="INFO" html="true">&lt;img src='sikuli_captured/sikuliximage-1638200339502.png'/&gt;
[log] CLICK on L[852,681]@S(0) (537 msec)</msg>
<msg timestamp="20211129 16:39:03.103" level="INFO" html="true">&lt;img src='sikuli_captured/sikuliximage-1638200343094.png'/&gt;</msg>
<status status="PASS" starttime="20211129 16:38:59.475" endtime="20211129 16:39:03.103"/>
</kw>
<kw name="Wait Until Screen Contain" library="sk">
<arg>ecranJeu.png</arg>
<arg>2</arg>
<doc>Wait until screen contain
 Wait until image shown in screen</doc>
<msg timestamp="20211129 16:39:03.473" level="INFO">Params: [ecranJeu.png, 2]</msg>
<msg timestamp="20211129 16:39:03.473" level="INFO" html="true">&lt;img src='sikuli_captured/sikuliximage-1638200343376.png'/&gt;</msg>
<status status="PASS" starttime="20211129 16:39:03.103" endtime="20211129 16:39:03.473"/>
</kw>
<kw name="Evaluate" library="BuiltIn">
<var>${buff}</var>
<arg>${reg}[0]+${120}</arg>
<doc>Evaluates the given expression in Python and returns the result.</doc>
<msg timestamp="20211129 16:39:03.474" level="INFO">${buff} = 931</msg>
<status status="PASS" starttime="20211129 16:39:03.473" endtime="20211129 16:39:03.474"/>
</kw>
<kw name="Set List Value" library="Collections">
<arg>${reg}</arg>
<arg>0</arg>
<arg>${buff}</arg>
<doc>Sets the value of ``list`` specified by ``index`` to the given ``value``.</doc>
<status status="PASS" starttime="20211129 16:39:03.474" endtime="20211129 16:39:03.474"/>
</kw>
<status status="PASS" starttime="20211129 16:38:59.475" endtime="20211129 16:39:03.474"/>
</iter>
<iter>
<var name="${defis}">3</var>
<kw name="Click Region" library="sk">
<arg>${reg}</arg>
<doc>Click region</doc>
<msg timestamp="20211129 16:39:07.109" level="INFO">Params: [[Ljava.lang.Object;@5ee0869c]</msg>
<msg timestamp="20211129 16:39:07.109" level="INFO" html="true">&lt;img src='sikuli_captured/sikuliximage-1638200343500.png'/&gt;
[log] CLICK on L[972,681]@S(0) (537 msec)</msg>
<msg timestamp="20211129 16:39:07.109" level="INFO" html="true">&lt;img src='sikuli_captured/sikuliximage-1638200347105.png'/&gt;</msg>
<status status="PASS" starttime="20211129 16:39:03.474" endtime="20211129 16:39:07.109"/>
</kw>
<kw name="Wait Until Screen Contain" library="sk">
<arg>ecranJeu.png</arg>
<arg>2</arg>
<doc>Wait until screen contain
 Wait until image shown in screen</doc>
<msg timestamp="20211129 16:39:07.516" level="INFO">Params: [ecranJeu.png, 2]</msg>
<msg timestamp="20211129 16:39:07.516" level="INFO" html="true">&lt;img src='sikuli_captured/sikuliximage-1638200347419.png'/&gt;</msg>
<status status="PASS" starttime="20211129 16:39:07.109" endtime="20211129 16:39:07.516"/>
</kw>
<kw name="Evaluate" library="BuiltIn">
<var>${buff}</var>
<arg>${reg}[0]+${120}</arg>
<doc>Evaluates the given expression in Python and returns the result.</doc>
<msg timestamp="20211129 16:39:07.517" level="INFO">${buff} = 1051</msg>
<status status="PASS" starttime="20211129 16:39:07.516" endtime="20211129 16:39:07.517"/>
</kw>
<kw name="Set List Value" library="Collections">
<arg>${reg}</arg>
<arg>0</arg>
<arg>${buff}</arg>
<doc>Sets the value of ``list`` specified by ``index`` to the given ``value``.</doc>
<status status="PASS" starttime="20211129 16:39:07.517" endtime="20211129 16:39:07.517"/>
</kw>
<status status="PASS" starttime="20211129 16:39:03.474" endtime="20211129 16:39:07.517"/>
</iter>
<iter>
<var name="${defis}">4</var>
<kw name="Click Region" library="sk">
<arg>${reg}</arg>
<doc>Click region</doc>
<msg timestamp="20211129 16:39:08.150" level="INFO">Params: [[Ljava.lang.Object;@5298b392]</msg>
<msg timestamp="20211129 16:39:08.150" level="INFO" html="true">&lt;img src='sikuli_captured/sikuliximage-1638200347543.png'/&gt;
[log] CLICK on L[1092,681]@S(0) (536 msec)</msg>
<msg timestamp="20211129 16:39:08.150" level="INFO" html="true">&lt;img src='sikuli_captured/sikuliximage-1638200348146.png'/&gt;</msg>
<status status="PASS" starttime="20211129 16:39:07.517" endtime="20211129 16:39:08.150"/>
</kw>
<kw name="Wait Until Screen Contain" library="sk">
<arg>ecranJeu.png</arg>
<arg>2</arg>
<doc>Wait until screen contain
 Wait until image shown in screen</doc>
<msg timestamp="20211129 16:39:08.555" level="INFO">Params: [ecranJeu.png, 2]</msg>
<msg timestamp="20211129 16:39:08.555" level="INFO" html="true">&lt;img src='sikuli_captured/sikuliximage-1638200348453.png'/&gt;</msg>
<status status="PASS" starttime="20211129 16:39:08.150" endtime="20211129 16:39:08.555"/>
</kw>
<kw name="Evaluate" library="BuiltIn">
<var>${buff}</var>
<arg>${reg}[0]+${120}</arg>
<doc>Evaluates the given expression in Python and returns the result.</doc>
<msg timestamp="20211129 16:39:08.555" level="INFO">${buff} = 1171</msg>
<status status="PASS" starttime="20211129 16:39:08.555" endtime="20211129 16:39:08.555"/>
</kw>
<kw name="Set List Value" library="Collections">
<arg>${reg}</arg>
<arg>0</arg>
<arg>${buff}</arg>
<doc>Sets the value of ``list`` specified by ``index`` to the given ``value``.</doc>
<status status="PASS" starttime="20211129 16:39:08.555" endtime="20211129 16:39:08.556"/>
</kw>
<status status="PASS" starttime="20211129 16:39:07.517" endtime="20211129 16:39:08.556"/>
</iter>
<iter>
<var name="${defis}">5</var>
<kw name="Click Region" library="sk">
<arg>${reg}</arg>
<doc>Click region</doc>
<msg timestamp="20211129 16:39:12.521" level="INFO">Params: [[Ljava.lang.Object;@1cb4918f]</msg>
<msg timestamp="20211129 16:39:12.521" level="INFO" html="true">&lt;img src='sikuli_captured/sikuliximage-1638200348593.png'/&gt;
[log] CLICK on L[1212,681]@S(0) (536 msec)</msg>
<msg timestamp="20211129 16:39:12.521" level="INFO" html="true">&lt;img src='sikuli_captured/sikuliximage-1638200352512.png'/&gt;</msg>
<status status="PASS" starttime="20211129 16:39:08.556" endtime="20211129 16:39:12.521"/>
</kw>
<kw name="Wait Until Screen Contain" library="sk">
<arg>ecranJeu.png</arg>
<arg>2</arg>
<doc>Wait until screen contain
 Wait until image shown in screen</doc>
<msg timestamp="20211129 16:39:12.951" level="INFO">Params: [ecranJeu.png, 2]</msg>
<msg timestamp="20211129 16:39:12.951" level="INFO" html="true">&lt;img src='sikuli_captured/sikuliximage-1638200352841.png'/&gt;</msg>
<status status="PASS" starttime="20211129 16:39:12.521" endtime="20211129 16:39:12.952"/>
</kw>
<kw name="Evaluate" library="BuiltIn">
<var>${buff}</var>
<arg>${reg}[0]+${120}</arg>
<doc>Evaluates the given expression in Python and returns the result.</doc>
<msg timestamp="20211129 16:39:12.953" level="INFO">${buff} = 1291</msg>
<status status="PASS" starttime="20211129 16:39:12.952" endtime="20211129 16:39:12.953"/>
</kw>
<kw name="Set List Value" library="Collections">
<arg>${reg}</arg>
<arg>0</arg>
<arg>${buff}</arg>
<doc>Sets the value of ``list`` specified by ``index`` to the given ``value``.</doc>
<status status="PASS" starttime="20211129 16:39:12.953" endtime="20211129 16:39:12.954"/>
</kw>
<status status="PASS" starttime="20211129 16:39:08.556" endtime="20211129 16:39:12.954"/>
</iter>
<status status="PASS" starttime="20211129 16:38:51.407" endtime="20211129 16:39:12.954"/>
</for>
<kw name="Evaluate" library="BuiltIn">
<var>${buffy}</var>
<arg>${reg}[1]+${110}</arg>
<doc>Evaluates the given expression in Python and returns the result.</doc>
<msg timestamp="20211129 16:39:12.955" level="INFO">${buffy} = 747</msg>
<status status="PASS" starttime="20211129 16:39:12.954" endtime="20211129 16:39:12.955"/>
</kw>
<kw name="Set List Value" library="Collections">
<arg>${reg}</arg>
<arg>1</arg>
<arg>${buffy}</arg>
<doc>Sets the value of ``list`` specified by ``index`` to the given ``value``.</doc>
<status status="PASS" starttime="20211129 16:39:12.955" endtime="20211129 16:39:12.955"/>
</kw>
<kw name="Set List Value" library="Collections">
<arg>${reg}</arg>
<arg>0</arg>
<arg>${coordsx}</arg>
<doc>Sets the value of ``list`` specified by ``index`` to the given ``value``.</doc>
<status status="PASS" starttime="20211129 16:39:12.955" endtime="20211129 16:39:12.956"/>
</kw>
<status status="PASS" starttime="20211129 16:38:51.407" endtime="20211129 16:39:12.956"/>
</iter>
<iter>
<var name="${difficultes}">2</var>
<for flavor="IN RANGE">
<var>${defis}</var>
<value>6</value>
<iter>
<var name="${defis}">0</var>
<kw name="Click Region" library="sk">
<arg>${reg}</arg>
<doc>Click region</doc>
<msg timestamp="20211129 16:39:16.568" level="INFO">Params: [[Ljava.lang.Object;@7ca6f0cc]</msg>
<msg timestamp="20211129 16:39:16.568" level="INFO" html="true">&lt;img src='sikuli_captured/sikuliximage-1638200352982.png'/&gt;
[log] CLICK on L[612,791]@S(0) (540 msec)</msg>
<msg timestamp="20211129 16:39:16.568" level="INFO" html="true">&lt;img src='sikuli_captured/sikuliximage-1638200356560.png'/&gt;</msg>
<status status="PASS" starttime="20211129 16:39:12.956" endtime="20211129 16:39:16.568"/>
</kw>
<kw name="Wait Until Screen Contain" library="sk">
<arg>ecranJeu.png</arg>
<arg>2</arg>
<doc>Wait until screen contain
 Wait until image shown in screen</doc>
<msg timestamp="20211129 16:39:16.979" level="INFO">Params: [ecranJeu.png, 2]</msg>
<msg timestamp="20211129 16:39:16.979" level="INFO" html="true">&lt;img src='sikuli_captured/sikuliximage-1638200356871.png'/&gt;</msg>
<status status="PASS" starttime="20211129 16:39:16.568" endtime="20211129 16:39:16.979"/>
</kw>
<kw name="Evaluate" library="BuiltIn">
<var>${buff}</var>
<arg>${reg}[0]+${120}</arg>
<doc>Evaluates the given expression in Python and returns the result.</doc>
<msg timestamp="20211129 16:39:16.980" level="INFO">${buff} = 691</msg>
<status status="PASS" starttime="20211129 16:39:16.980" endtime="20211129 16:39:16.980"/>
</kw>
<kw name="Set List Value" library="Collections">
<arg>${reg}</arg>
<arg>0</arg>
<arg>${buff}</arg>
<doc>Sets the value of ``list`` specified by ``index`` to the given ``value``.</doc>
<status status="PASS" starttime="20211129 16:39:16.980" endtime="20211129 16:39:16.980"/>
</kw>
<status status="PASS" starttime="20211129 16:39:12.956" endtime="20211129 16:39:16.980"/>
</iter>
<iter>
<var name="${defis}">1</var>
<kw name="Click Region" library="sk">
<arg>${reg}</arg>
<doc>Click region</doc>
<msg timestamp="20211129 16:39:20.609" level="INFO">Params: [[Ljava.lang.Object;@294c6981]</msg>
<msg timestamp="20211129 16:39:20.609" level="INFO" html="true">&lt;img src='sikuli_captured/sikuliximage-1638200356997.png'/&gt;
[log] CLICK on L[732,791]@S(0) (538 msec)</msg>
<msg timestamp="20211129 16:39:20.609" level="INFO" html="true">&lt;img src='sikuli_captured/sikuliximage-1638200360600.png'/&gt;</msg>
<status status="PASS" starttime="20211129 16:39:16.981" endtime="20211129 16:39:20.609"/>
</kw>
<kw name="Wait Until Screen Contain" library="sk">
<arg>ecranJeu.png</arg>
<arg>2</arg>
<doc>Wait until screen contain
 Wait until image shown in screen</doc>
<msg timestamp="20211129 16:39:21.060" level="INFO">Params: [ecranJeu.png, 2]</msg>
<msg timestamp="20211129 16:39:21.060" level="INFO" html="true">&lt;img src='sikuli_captured/sikuliximage-1638200360954.png'/&gt;</msg>
<status status="PASS" starttime="20211129 16:39:20.609" endtime="20211129 16:39:21.060"/>
</kw>
<kw name="Evaluate" library="BuiltIn">
<var>${buff}</var>
<arg>${reg}[0]+${120}</arg>
<doc>Evaluates the given expression in Python and returns the result.</doc>
<msg timestamp="20211129 16:39:21.061" level="INFO">${buff} = 811</msg>
<status status="PASS" starttime="20211129 16:39:21.061" endtime="20211129 16:39:21.061"/>
</kw>
<kw name="Set List Value" library="Collections">
<arg>${reg}</arg>
<arg>0</arg>
<arg>${buff}</arg>
<doc>Sets the value of ``list`` specified by ``index`` to the given ``value``.</doc>
<status status="PASS" starttime="20211129 16:39:21.061" endtime="20211129 16:39:21.061"/>
</kw>
<status status="PASS" starttime="20211129 16:39:16.981" endtime="20211129 16:39:21.062"/>
</iter>
<iter>
<var name="${defis}">2</var>
<kw name="Click Region" library="sk">
<arg>${reg}</arg>
<doc>Click region</doc>
<msg timestamp="20211129 16:39:24.684" level="INFO">Params: [[Ljava.lang.Object;@148fb461]</msg>
<msg timestamp="20211129 16:39:24.684" level="INFO" html="true">&lt;img src='sikuli_captured/sikuliximage-1638200361094.png'/&gt;
[log] CLICK on L[852,791]@S(0) (536 msec)</msg>
<msg timestamp="20211129 16:39:24.684" level="INFO" html="true">&lt;img src='sikuli_captured/sikuliximage-1638200364673.png'/&gt;</msg>
<status status="PASS" starttime="20211129 16:39:21.062" endtime="20211129 16:39:24.684"/>
</kw>
<kw name="Wait Until Screen Contain" library="sk">
<arg>ecranJeu.png</arg>
<arg>2</arg>
<doc>Wait until screen contain
 Wait until image shown in screen</doc>
<msg timestamp="20211129 16:39:25.125" level="INFO">Params: [ecranJeu.png, 2]</msg>
<msg timestamp="20211129 16:39:25.125" level="INFO" html="true">&lt;img src='sikuli_captured/sikuliximage-1638200365018.png'/&gt;</msg>
<status status="PASS" starttime="20211129 16:39:24.685" endtime="20211129 16:39:25.125"/>
</kw>
<kw name="Evaluate" library="BuiltIn">
<var>${buff}</var>
<arg>${reg}[0]+${120}</arg>
<doc>Evaluates the given expression in Python and returns the result.</doc>
<msg timestamp="20211129 16:39:25.126" level="INFO">${buff} = 931</msg>
<status status="PASS" starttime="20211129 16:39:25.125" endtime="20211129 16:39:25.126"/>
</kw>
<kw name="Set List Value" library="Collections">
<arg>${reg}</arg>
<arg>0</arg>
<arg>${buff}</arg>
<doc>Sets the value of ``list`` specified by ``index`` to the given ``value``.</doc>
<status status="PASS" starttime="20211129 16:39:25.126" endtime="20211129 16:39:25.126"/>
</kw>
<status status="PASS" starttime="20211129 16:39:21.062" endtime="20211129 16:39:25.126"/>
</iter>
<iter>
<var name="${defis}">3</var>
<kw name="Click Region" library="sk">
<arg>${reg}</arg>
<doc>Click region</doc>
<msg timestamp="20211129 16:39:28.751" level="INFO">Params: [[Ljava.lang.Object;@4e1f9b37]</msg>
<msg timestamp="20211129 16:39:28.752" level="INFO" html="true">&lt;img src='sikuli_captured/sikuliximage-1638200365157.png'/&gt;
[log] CLICK on L[972,791]@S(0) (536 msec)</msg>
<msg timestamp="20211129 16:39:28.752" level="INFO" html="true">&lt;img src='sikuli_captured/sikuliximage-1638200368747.png'/&gt;</msg>
<status status="PASS" starttime="20211129 16:39:25.126" endtime="20211129 16:39:28.752"/>
</kw>
<kw name="Wait Until Screen Contain" library="sk">
<arg>ecranJeu.png</arg>
<arg>2</arg>
<doc>Wait until screen contain
 Wait until image shown in screen</doc>
<msg timestamp="20211129 16:39:29.185" level="INFO">Params: [ecranJeu.png, 2]</msg>
<msg timestamp="20211129 16:39:29.185" level="INFO" html="true">&lt;img src='sikuli_captured/sikuliximage-1638200369075.png'/&gt;</msg>
<status status="PASS" starttime="20211129 16:39:28.752" endtime="20211129 16:39:29.185"/>
</kw>
<kw name="Evaluate" library="BuiltIn">
<var>${buff}</var>
<arg>${reg}[0]+${120}</arg>
<doc>Evaluates the given expression in Python and returns the result.</doc>
<msg timestamp="20211129 16:39:29.186" level="INFO">${buff} = 1051</msg>
<status status="PASS" starttime="20211129 16:39:29.185" endtime="20211129 16:39:29.186"/>
</kw>
<kw name="Set List Value" library="Collections">
<arg>${reg}</arg>
<arg>0</arg>
<arg>${buff}</arg>
<doc>Sets the value of ``list`` specified by ``index`` to the given ``value``.</doc>
<status status="PASS" starttime="20211129 16:39:29.186" endtime="20211129 16:39:29.186"/>
</kw>
<status status="PASS" starttime="20211129 16:39:25.126" endtime="20211129 16:39:29.186"/>
</iter>
<iter>
<var name="${defis}">4</var>
<kw name="Click Region" library="sk">
<arg>${reg}</arg>
<doc>Click region</doc>
<msg timestamp="20211129 16:39:32.795" level="INFO">Params: [[Ljava.lang.Object;@78329b35]</msg>
<msg timestamp="20211129 16:39:32.795" level="INFO" html="true">&lt;img src='sikuli_captured/sikuliximage-1638200369214.png'/&gt;
[log] CLICK on L[1092,791]@S(0) (528 msec)</msg>
<msg timestamp="20211129 16:39:32.795" level="INFO" html="true">&lt;img src='sikuli_captured/sikuliximage-1638200372784.png'/&gt;</msg>
<status status="PASS" starttime="20211129 16:39:29.186" endtime="20211129 16:39:32.795"/>
</kw>
<kw name="Wait Until Screen Contain" library="sk">
<arg>ecranJeu.png</arg>
<arg>2</arg>
<doc>Wait until screen contain
 Wait until image shown in screen</doc>
<msg timestamp="20211129 16:39:33.208" level="INFO">Params: [ecranJeu.png, 2]</msg>
<msg timestamp="20211129 16:39:33.208" level="INFO" html="true">&lt;img src='sikuli_captured/sikuliximage-1638200373111.png'/&gt;</msg>
<status status="PASS" starttime="20211129 16:39:32.795" endtime="20211129 16:39:33.208"/>
</kw>
<kw name="Evaluate" library="BuiltIn">
<var>${buff}</var>
<arg>${reg}[0]+${120}</arg>
<doc>Evaluates the given expression in Python and returns the result.</doc>
<msg timestamp="20211129 16:39:33.209" level="INFO">${buff} = 1171</msg>
<status status="PASS" starttime="20211129 16:39:33.208" endtime="20211129 16:39:33.209"/>
</kw>
<kw name="Set List Value" library="Collections">
<arg>${reg}</arg>
<arg>0</arg>
<arg>${buff}</arg>
<doc>Sets the value of ``list`` specified by ``index`` to the given ``value``.</doc>
<status status="PASS" starttime="20211129 16:39:33.209" endtime="20211129 16:39:33.209"/>
</kw>
<status status="PASS" starttime="20211129 16:39:29.186" endtime="20211129 16:39:33.209"/>
</iter>
<iter>
<var name="${defis}">5</var>
<kw name="Click Region" library="sk">
<arg>${reg}</arg>
<doc>Click region</doc>
<msg timestamp="20211129 16:39:36.843" level="INFO">Params: [[Ljava.lang.Object;@383e6976]</msg>
<msg timestamp="20211129 16:39:36.843" level="INFO" html="true">&lt;img src='sikuli_captured/sikuliximage-1638200373237.png'/&gt;
[log] CLICK on L[1212,791]@S(0) (536 msec)</msg>
<msg timestamp="20211129 16:39:36.843" level="INFO" html="true">&lt;img src='sikuli_captured/sikuliximage-1638200376834.png'/&gt;</msg>
<status status="PASS" starttime="20211129 16:39:33.209" endtime="20211129 16:39:36.843"/>
</kw>
<kw name="Wait Until Screen Contain" library="sk">
<arg>ecranJeu.png</arg>
<arg>2</arg>
<doc>Wait until screen contain
 Wait until image shown in screen</doc>
<msg timestamp="20211129 16:39:37.237" level="INFO">Params: [ecranJeu.png, 2]</msg>
<msg timestamp="20211129 16:39:37.237" level="INFO" html="true">&lt;img src='sikuli_captured/sikuliximage-1638200377142.png'/&gt;</msg>
<status status="PASS" starttime="20211129 16:39:36.843" endtime="20211129 16:39:37.237"/>
</kw>
<kw name="Evaluate" library="BuiltIn">
<var>${buff}</var>
<arg>${reg}[0]+${120}</arg>
<doc>Evaluates the given expression in Python and returns the result.</doc>
<msg timestamp="20211129 16:39:37.238" level="INFO">${buff} = 1291</msg>
<status status="PASS" starttime="20211129 16:39:37.237" endtime="20211129 16:39:37.238"/>
</kw>
<kw name="Set List Value" library="Collections">
<arg>${reg}</arg>
<arg>0</arg>
<arg>${buff}</arg>
<doc>Sets the value of ``list`` specified by ``index`` to the given ``value``.</doc>
<status status="PASS" starttime="20211129 16:39:37.238" endtime="20211129 16:39:37.238"/>
</kw>
<status status="PASS" starttime="20211129 16:39:33.209" endtime="20211129 16:39:37.238"/>
</iter>
<status status="PASS" starttime="20211129 16:39:12.956" endtime="20211129 16:39:37.238"/>
</for>
<kw name="Evaluate" library="BuiltIn">
<var>${buffy}</var>
<arg>${reg}[1]+${110}</arg>
<doc>Evaluates the given expression in Python and returns the result.</doc>
<msg timestamp="20211129 16:39:37.239" level="INFO">${buffy} = 857</msg>
<status status="PASS" starttime="20211129 16:39:37.238" endtime="20211129 16:39:37.239"/>
</kw>
<kw name="Set List Value" library="Collections">
<arg>${reg}</arg>
<arg>1</arg>
<arg>${buffy}</arg>
<doc>Sets the value of ``list`` specified by ``index`` to the given ``value``.</doc>
<status status="PASS" starttime="20211129 16:39:37.239" endtime="20211129 16:39:37.239"/>
</kw>
<kw name="Set List Value" library="Collections">
<arg>${reg}</arg>
<arg>0</arg>
<arg>${coordsx}</arg>
<doc>Sets the value of ``list`` specified by ``index`` to the given ``value``.</doc>
<status status="PASS" starttime="20211129 16:39:37.239" endtime="20211129 16:39:37.239"/>
</kw>
<status status="PASS" starttime="20211129 16:39:12.956" endtime="20211129 16:39:37.239"/>
</iter>
<status status="PASS" starttime="20211129 16:38:26.793" endtime="20211129 16:39:37.239"/>
</for>
<status status="PASS" starttime="20211129 16:38:23.506" endtime="20211129 16:39:37.239"/>
</kw>
<kw name="Stop Remote Server" library="sk" type="TEARDOWN">
<doc>Stops the remote server.</doc>
<msg timestamp="20211129 16:39:37.242" level="INFO">Robot Framework remote server stopping</msg>
<status status="PASS" starttime="20211129 16:39:37.240" endtime="20211129 16:39:37.243"/>
</kw>
<status status="PASS" starttime="20211129 16:38:23.492" endtime="20211129 16:39:37.243"/>
</test>
<doc>Sikuli Library Demo</doc>
<status status="PASS" starttime="20211129 16:38:20.027" endtime="20211129 16:39:37.244"/>
</suite>
<statistics>
<total>
<stat pass="1" fail="0" skip="0">All Tests</stat>
</total>
<tag>
</tag>
<suite>
<stat pass="1" fail="0" skip="0" id="s1" name="ChoixDefi-CT2.2">ChoixDefi-CT2.2</stat>
</suite>
</statistics>
<errors>
<msg timestamp="20211129 16:38:23.483" level="ERROR">Error in file 'C:\Users\Nico\Desktop\projet\3_Petits_Cochons_2021_2022\EcranChoixDefi\ChoixDefi-CT2.2.robot' on line 7: Importing library 'BuildIn' failed: ModuleNotFoundError: No module named 'BuildIn'
Traceback (most recent call last):
  None
PYTHONPATH:
  C:\Users\Nico\AppData\Local\Programs\Python\Python38\Scripts\robot.exe
  c:\users\nico\appdata\local\programs\python\python38\python38.zip
  c:\users\nico\appdata\local\programs\python\python38\DLLs
  c:\users\nico\appdata\local\programs\python\python38\lib
  c:\users\nico\appdata\local\programs\python\python38
  c:\users\nico\appdata\local\programs\python\python38\lib\site-packages</msg>
</errors>
</robot>
