<?xml version="1.0" encoding="UTF-8"?>
<robot generator="Robot 4.1.2 (Python 3.8.10 on win32)" generated="20211202 09:26:32.596" rpa="false" schemaversion="2">
<suite id="s1" name="ChoixDefi-CT" source="C:\Users\Nico\Desktop\projet\3_Petits_Cochons_2021_2022\EcranChoixDefi\ChoixDefi-CT.robot">
<kw name="viderLogs" type="SETUP">
<kw name="Run" library="OperatingSystem">
<arg>.\\clear_logs.bat</arg>
<doc>Runs the given command in the system and returns the output.</doc>
<msg timestamp="20211202 09:26:35.711" level="INFO">Running command '.\clear_logs.bat 2&gt;&amp;1'.</msg>
<status status="PASS" starttime="20211202 09:26:35.706" endtime="20211202 09:26:35.852"/>
</kw>
<status status="PASS" starttime="20211202 09:26:35.706" endtime="20211202 09:26:35.852"/>
</kw>
<test id="s1-t1" name="prerequisDuChoixDuDefi">
<kw name="Add Needed Image Path" type="SETUP">
<kw name="Add Image Path" library="sk">
<arg>${IMAGE_DIR}</arg>
<doc>Add image path</doc>
<msg timestamp="20211202 09:26:35.867" level="INFO">Params: [C:\Users\Nico\Desktop\projet\3_Petits_Cochons_2021_2022\EcranChoixDefi\imgProjet\]</msg>
<status status="PASS" starttime="20211202 09:26:35.853" endtime="20211202 09:26:35.867"/>
</kw>
<status status="PASS" starttime="20211202 09:26:35.852" endtime="20211202 09:26:35.867"/>
</kw>
<kw name="creationProfil">
<kw name="Click" library="sk">
<arg>jeu.png</arg>
<doc>Click</doc>
<msg timestamp="20211202 09:26:37.118" level="INFO">Params: [jeu.png]</msg>
<msg timestamp="20211202 09:26:37.118" level="INFO" html="true">&lt;img src='sikuli_captured/sikuliximage-1638433596363.png'/&gt;
[log] CLICK on L[314,1064]@S(0) (546 msec)</msg>
<status status="PASS" starttime="20211202 09:26:35.868" endtime="20211202 09:26:37.118"/>
</kw>
<kw name="Click" library="sk">
<arg>creerUnProfil.png</arg>
<doc>Click</doc>
<msg timestamp="20211202 09:26:40.755" level="INFO">Params: [creerUnProfil.png]</msg>
<msg timestamp="20211202 09:26:40.755" level="INFO" html="true">&lt;img src='sikuli_captured/sikuliximage-1638433600550.png'/&gt;</msg>
<msg timestamp="20211202 09:26:40.755" level="FAIL">com.github.rainmanwy.robotframework.sikulilib.exceptions.TimeoutException: Timeout happend, could not find P(creerUnProfil.png) S: 0.699999988079071</msg>
<status status="FAIL" starttime="20211202 09:26:37.118" endtime="20211202 09:26:40.755"/>
</kw>
<kw name="Input Text" library="sk">
<arg>cadrePsedo.png</arg>
<arg>Psedo0</arg>
<doc>Input text
 Image could be empty</doc>
<status status="NOT RUN" starttime="20211202 09:26:40.756" endtime="20211202 09:26:40.756"/>
</kw>
<kw name="Click" library="sk">
<arg>choixCouleur.png</arg>
<doc>Click</doc>
<status status="NOT RUN" starttime="20211202 09:26:40.756" endtime="20211202 09:26:40.756"/>
</kw>
<kw name="Click" library="sk">
<arg>eregistrePsedo.png</arg>
<doc>Click</doc>
<status status="NOT RUN" starttime="20211202 09:26:40.756" endtime="20211202 09:26:40.756"/>
</kw>
<kw name="Click" library="sk">
<arg>boutonJouer.png</arg>
<doc>Click</doc>
<status status="NOT RUN" starttime="20211202 09:26:40.756" endtime="20211202 09:26:40.756"/>
</kw>
<kw name="Click" library="sk">
<arg>Progression.png</arg>
<doc>Click</doc>
<status status="NOT RUN" starttime="20211202 09:26:40.756" endtime="20211202 09:26:40.756"/>
</kw>
<status status="FAIL" starttime="20211202 09:26:35.867" endtime="20211202 09:26:40.756"/>
</kw>
<status status="FAIL" starttime="20211202 09:26:35.852" endtime="20211202 09:26:40.757">com.github.rainmanwy.robotframework.sikulilib.exceptions.TimeoutException: Timeout happend, could not find P(creerUnProfil.png) S: 0.699999988079071</status>
</test>
<test id="s1-t2" name="ChoixDefi-CT1.1">
<kw name="Add Needed Image Path" type="SETUP">
<kw name="Add Image Path" library="sk">
<arg>${IMAGE_DIR}</arg>
<doc>Add image path</doc>
<msg timestamp="20211202 09:26:40.762" level="INFO">Params: [C:\Users\Nico\Desktop\projet\3_Petits_Cochons_2021_2022\EcranChoixDefi\imgProjet\]</msg>
<status status="PASS" starttime="20211202 09:26:40.758" endtime="20211202 09:26:40.762"/>
</kw>
<status status="PASS" starttime="20211202 09:26:40.758" endtime="20211202 09:26:40.762"/>
</kw>
<kw name="verificationTitre">
<kw name="Sleep" library="BuiltIn">
<arg>2</arg>
<doc>Pauses the test executed for the given time.</doc>
<msg timestamp="20211202 09:26:42.767" level="INFO">Slept 2 seconds</msg>
<status status="PASS" starttime="20211202 09:26:40.763" endtime="20211202 09:26:42.767"/>
</kw>
<kw name="Get Text" library="sk">
<var>${titre}</var>
<arg>\\ChoixDefi-CT1\\titre.png</arg>
<doc>Get text</doc>
<msg timestamp="20211202 09:26:43.230" level="INFO">Params: [\ChoixDefi-CT1\titre.png]</msg>
<msg timestamp="20211202 09:26:43.231" level="INFO" html="true">&lt;img src='sikuli_captured/sikuliximage-1638433603018.png'/&gt;</msg>
<msg timestamp="20211202 09:26:43.231" level="INFO">${titre} = JOUER</msg>
<status status="PASS" starttime="20211202 09:26:42.767" endtime="20211202 09:26:43.231"/>
</kw>
<status status="PASS" starttime="20211202 09:26:40.763" endtime="20211202 09:26:43.231"/>
</kw>
<status status="PASS" starttime="20211202 09:26:40.758" endtime="20211202 09:26:43.231"/>
</test>
<test id="s1-t3" name="ChoixDefi-CT1.2">
<kw name="Add Needed Image Path" type="SETUP">
<kw name="Add Image Path" library="sk">
<arg>${IMAGE_DIR}</arg>
<doc>Add image path</doc>
<msg timestamp="20211202 09:26:43.237" level="INFO">Params: [C:\Users\Nico\Desktop\projet\3_Petits_Cochons_2021_2022\EcranChoixDefi\imgProjet\]</msg>
<status status="PASS" starttime="20211202 09:26:43.233" endtime="20211202 09:26:43.237"/>
</kw>
<status status="PASS" starttime="20211202 09:26:43.233" endtime="20211202 09:26:43.237"/>
</kw>
<kw name="verificationPsedo">
<kw name="Sleep" library="BuiltIn">
<arg>2</arg>
<doc>Pauses the test executed for the given time.</doc>
<msg timestamp="20211202 09:26:45.249" level="INFO">Slept 2 seconds</msg>
<status status="PASS" starttime="20211202 09:26:43.238" endtime="20211202 09:26:45.249"/>
</kw>
<kw name="Get Text" library="sk">
<arg>\\ChoixDefi-CT1\\Psedo.png</arg>
<doc>Get text</doc>
<msg timestamp="20211202 09:26:45.609" level="INFO">Params: [\ChoixDefi-CT1\Psedo.png]</msg>
<msg timestamp="20211202 09:26:45.609" level="INFO" html="true">&lt;img src='sikuli_captured/sikuliximage-1638433605470.png'/&gt;</msg>
<status status="PASS" starttime="20211202 09:26:45.250" endtime="20211202 09:26:45.609"/>
</kw>
<status status="PASS" starttime="20211202 09:26:43.237" endtime="20211202 09:26:45.609"/>
</kw>
<status status="PASS" starttime="20211202 09:26:43.232" endtime="20211202 09:26:45.609"/>
</test>
<test id="s1-t4" name="ChoixDefi-CT1.3">
<kw name="Add Needed Image Path" type="SETUP">
<kw name="Add Image Path" library="sk">
<arg>${IMAGE_DIR}</arg>
<doc>Add image path</doc>
<msg timestamp="20211202 09:26:45.615" level="INFO">Params: [C:\Users\Nico\Desktop\projet\3_Petits_Cochons_2021_2022\EcranChoixDefi\imgProjet\]</msg>
<status status="PASS" starttime="20211202 09:26:45.611" endtime="20211202 09:26:45.615"/>
</kw>
<status status="PASS" starttime="20211202 09:26:45.611" endtime="20211202 09:26:45.615"/>
</kw>
<kw name="verificationXP">
<kw name="Get Text" library="sk">
<arg>\\ChoixDefi-CT1\\XP0.png</arg>
<doc>Get text</doc>
<msg timestamp="20211202 09:26:45.798" level="INFO">Params: [\ChoixDefi-CT1\XP0.png]
Could not find P(\ChoixDefi-CT1\XP0.png) S: 0.699999988079071</msg>
<msg timestamp="20211202 09:26:45.798" level="FAIL">com.github.rainmanwy.robotframework.sikulilib.exceptions.ScreenOperationException: Could not find \ChoixDefi-CT1\XP0.png</msg>
<status status="FAIL" starttime="20211202 09:26:45.616" endtime="20211202 09:26:45.798"/>
</kw>
<status status="FAIL" starttime="20211202 09:26:45.616" endtime="20211202 09:26:45.799"/>
</kw>
<status status="FAIL" starttime="20211202 09:26:45.610" endtime="20211202 09:26:45.799">com.github.rainmanwy.robotframework.sikulilib.exceptions.ScreenOperationException: Could not find \ChoixDefi-CT1\XP0.png</status>
</test>
<test id="s1-t5" name="ChoixDefi-CT1.4">
<kw name="Add Needed Image Path" type="SETUP">
<kw name="Add Image Path" library="sk">
<arg>${IMAGE_DIR}</arg>
<doc>Add image path</doc>
<msg timestamp="20211202 09:26:45.805" level="INFO">Params: [C:\Users\Nico\Desktop\projet\3_Petits_Cochons_2021_2022\EcranChoixDefi\imgProjet\]</msg>
<status status="PASS" starttime="20211202 09:26:45.801" endtime="20211202 09:26:45.805"/>
</kw>
<status status="PASS" starttime="20211202 09:26:45.800" endtime="20211202 09:26:45.805"/>
</kw>
<kw name="verificationAffichageNiveaux">
<kw name="Get Text" library="sk">
<arg>\\ChoixDefi-CT1\\niveaux.png</arg>
<doc>Get text</doc>
<msg timestamp="20211202 09:26:46.215" level="INFO">Params: [\ChoixDefi-CT1\niveaux.png]</msg>
<msg timestamp="20211202 09:26:46.215" level="INFO" html="true">&lt;img src='sikuli_captured/sikuliximage-1638433606027.png'/&gt;</msg>
<status status="PASS" starttime="20211202 09:26:45.806" endtime="20211202 09:26:46.215"/>
</kw>
<status status="PASS" starttime="20211202 09:26:45.805" endtime="20211202 09:26:46.215"/>
</kw>
<status status="PASS" starttime="20211202 09:26:45.800" endtime="20211202 09:26:46.216"/>
</test>
<test id="s1-t6" name="ChoixDefi-CT1.5">
<kw name="Add Needed Image Path" type="SETUP">
<kw name="Add Image Path" library="sk">
<arg>${IMAGE_DIR}</arg>
<doc>Add image path</doc>
<msg timestamp="20211202 09:26:46.221" level="INFO">Params: [C:\Users\Nico\Desktop\projet\3_Petits_Cochons_2021_2022\EcranChoixDefi\imgProjet\]</msg>
<status status="PASS" starttime="20211202 09:26:46.217" endtime="20211202 09:26:46.221"/>
</kw>
<status status="PASS" starttime="20211202 09:26:46.217" endtime="20211202 09:26:46.222"/>
</kw>
<kw name="verificationDefi">
<kw name="Mouse Move" library="sk">
<arg>\\ChoixDefi-CT1\\boutonDefi1.png</arg>
<doc>Mouse moveMove the mouse pointer to the target</doc>
<msg timestamp="20211202 09:26:46.975" level="INFO">Params: [\ChoixDefi-CT1\boutonDefi1.png]</msg>
<msg timestamp="20211202 09:26:46.975" level="INFO" html="true">&lt;img src='sikuli_captured/sikuliximage-1638433606444.png'/&gt;</msg>
<status status="PASS" starttime="20211202 09:26:46.222" endtime="20211202 09:26:46.975"/>
</kw>
<kw name="Screen Should Contain" library="sk">
<arg>\\ChoixDefi-CT1\\boutonDefi1Hover.png</arg>
<doc>Screen should contain</doc>
<msg timestamp="20211202 09:26:47.264" level="INFO">Params: [\ChoixDefi-CT1\boutonDefi1Hover.png]</msg>
<msg timestamp="20211202 09:26:47.264" level="INFO" html="true">&lt;img src='sikuli_captured/sikuliximage-1638433607257.png'/&gt;</msg>
<status status="PASS" starttime="20211202 09:26:46.975" endtime="20211202 09:26:47.264"/>
</kw>
<status status="PASS" starttime="20211202 09:26:46.222" endtime="20211202 09:26:47.264"/>
</kw>
<status status="PASS" starttime="20211202 09:26:46.217" endtime="20211202 09:26:47.265"/>
</test>
<test id="s1-t7" name="ChoixDefi-CT1.6">
<kw name="Add Needed Image Path" type="SETUP">
<kw name="Add Image Path" library="sk">
<arg>${IMAGE_DIR}</arg>
<doc>Add image path</doc>
<msg timestamp="20211202 09:26:47.275" level="INFO">Params: [C:\Users\Nico\Desktop\projet\3_Petits_Cochons_2021_2022\EcranChoixDefi\imgProjet\]</msg>
<status status="PASS" starttime="20211202 09:26:47.269" endtime="20211202 09:26:47.275"/>
</kw>
<status status="PASS" starttime="20211202 09:26:47.269" endtime="20211202 09:26:47.275"/>
</kw>
<kw name="verificationRetour">
<kw name="Mouse Move" library="sk">
<arg>\\ChoixDefi-CT1\\boutonRetour.png</arg>
<doc>Mouse moveMove the mouse pointer to the target</doc>
<msg timestamp="20211202 09:26:48.119" level="INFO">Params: [\ChoixDefi-CT1\boutonRetour.png]</msg>
<msg timestamp="20211202 09:26:48.119" level="INFO" html="true">&lt;img src='sikuli_captured/sikuliximage-1638433607536.png'/&gt;</msg>
<status status="PASS" starttime="20211202 09:26:47.276" endtime="20211202 09:26:48.119"/>
</kw>
<kw name="Screen Should Contain" library="sk">
<arg>\\ChoixDefi-CT1\\boutonRetourHover.png</arg>
<doc>Screen should contain</doc>
<msg timestamp="20211202 09:26:48.398" level="INFO">Params: [\ChoixDefi-CT1\boutonRetourHover.png]</msg>
<msg timestamp="20211202 09:26:48.398" level="INFO" html="true">&lt;img src='sikuli_captured/sikuliximage-1638433608384.png'/&gt;</msg>
<status status="PASS" starttime="20211202 09:26:48.120" endtime="20211202 09:26:48.398"/>
</kw>
<status status="PASS" starttime="20211202 09:26:47.275" endtime="20211202 09:26:48.399"/>
</kw>
<status status="PASS" starttime="20211202 09:26:47.268" endtime="20211202 09:26:48.399"/>
</test>
<test id="s1-t8" name="ChoixDefi-CT1.7">
<kw name="Add Needed Image Path" type="SETUP">
<kw name="Add Image Path" library="sk">
<arg>${IMAGE_DIR}</arg>
<doc>Add image path</doc>
<msg timestamp="20211202 09:26:48.407" level="INFO">Params: [C:\Users\Nico\Desktop\projet\3_Petits_Cochons_2021_2022\EcranChoixDefi\imgProjet\]</msg>
<status status="PASS" starttime="20211202 09:26:48.403" endtime="20211202 09:26:48.407"/>
</kw>
<status status="PASS" starttime="20211202 09:26:48.401" endtime="20211202 09:26:48.407"/>
</kw>
<kw name="recuperationXP1">
<kw name="Get Text" library="sk">
<var>${XP1}</var>
<arg>\\ChoixDefi-CT1\\XP0.png</arg>
<doc>Get text</doc>
<msg timestamp="20211202 09:26:48.589" level="INFO">Params: [\ChoixDefi-CT1\XP0.png]
Could not find P(\ChoixDefi-CT1\XP0.png) S: 0.699999988079071</msg>
<msg timestamp="20211202 09:26:48.589" level="FAIL">com.github.rainmanwy.robotframework.sikulilib.exceptions.ScreenOperationException: Could not find \ChoixDefi-CT1\XP0.png</msg>
<status status="FAIL" starttime="20211202 09:26:48.407" endtime="20211202 09:26:48.589"/>
</kw>
<status status="FAIL" starttime="20211202 09:26:48.407" endtime="20211202 09:26:48.589"/>
</kw>
<kw name="jeu">
<status status="NOT RUN" starttime="20211202 09:26:48.590" endtime="20211202 09:26:48.590"/>
</kw>
<kw name="recuperationXP2">
<status status="NOT RUN" starttime="20211202 09:26:48.590" endtime="20211202 09:26:48.590"/>
</kw>
<status status="FAIL" starttime="20211202 09:26:48.401" endtime="20211202 09:26:48.591">com.github.rainmanwy.robotframework.sikulilib.exceptions.ScreenOperationException: Could not find \ChoixDefi-CT1\XP0.png</status>
</test>
<test id="s1-t9" name="ChoixDefi-CT1.8">
<kw name="Add Needed Image Path" type="SETUP">
<kw name="Add Image Path" library="sk">
<arg>${IMAGE_DIR}</arg>
<doc>Add image path</doc>
<msg timestamp="20211202 09:26:48.595" level="INFO">Params: [C:\Users\Nico\Desktop\projet\3_Petits_Cochons_2021_2022\EcranChoixDefi\imgProjet\]</msg>
<status status="PASS" starttime="20211202 09:26:48.592" endtime="20211202 09:26:48.595"/>
</kw>
<status status="PASS" starttime="20211202 09:26:48.592" endtime="20211202 09:26:48.595"/>
</kw>
<kw name="verificationXPRestante">
<kw name="Screen Should Contain" library="sk">
<arg>\\ChoixDefi-CT1\\visuXPRestante.png</arg>
<doc>Screen should contain</doc>
<msg timestamp="20211202 09:26:49.079" level="INFO">Params: [\ChoixDefi-CT1\visuXPRestante.png]
Could not find P(\ChoixDefi-CT1\visuXPRestante.png) S: 0.699999988079071</msg>
<msg timestamp="20211202 09:26:49.079" level="INFO" html="true">&lt;img src='sikuli_captured/sikuliximage-1638433608865.png'/&gt;</msg>
<msg timestamp="20211202 09:26:49.079" level="FAIL">com.github.rainmanwy.robotframework.sikulilib.exceptions.ScreenOperationException: Screen should contain \ChoixDefi-CT1\visuXPRestante.png</msg>
<status status="FAIL" starttime="20211202 09:26:48.596" endtime="20211202 09:26:49.079"/>
</kw>
<status status="FAIL" starttime="20211202 09:26:48.596" endtime="20211202 09:26:49.080"/>
</kw>
<status status="FAIL" starttime="20211202 09:26:48.592" endtime="20211202 09:26:49.081">com.github.rainmanwy.robotframework.sikulilib.exceptions.ScreenOperationException: Screen should contain \ChoixDefi-CT1\visuXPRestante.png</status>
</test>
<test id="s1-t10" name="ChoixDefi-CT2.1">
<kw name="Add Needed Image Path" type="SETUP">
<kw name="Add Image Path" library="sk">
<arg>${IMAGE_DIR}</arg>
<doc>Add image path</doc>
<msg timestamp="20211202 09:26:49.086" level="INFO">Params: [C:\Users\Nico\Desktop\projet\3_Petits_Cochons_2021_2022\EcranChoixDefi\imgProjet\]</msg>
<status status="PASS" starttime="20211202 09:26:49.083" endtime="20211202 09:26:49.086"/>
</kw>
<status status="PASS" starttime="20211202 09:26:49.082" endtime="20211202 09:26:49.086"/>
</kw>
<kw name="verificationDefisRealisables1">
<kw name="Click" library="sk">
<arg>\\ChoixDefi-CT2\\StarterDefi1.png</arg>
<doc>Click</doc>
<msg timestamp="20211202 09:26:50.057" level="INFO">Params: [\ChoixDefi-CT2\StarterDefi1.png]</msg>
<msg timestamp="20211202 09:26:50.058" level="INFO" html="true">&lt;img src='sikuli_captured/sikuliximage-1638433609321.png'/&gt;
[log] CLICK on L[611,450]@S(0) (538 msec)</msg>
<status status="PASS" starttime="20211202 09:26:49.087" endtime="20211202 09:26:50.058"/>
</kw>
<status status="PASS" starttime="20211202 09:26:49.087" endtime="20211202 09:26:50.058"/>
</kw>
<kw name="jeuBreak">
<kw name="Click" library="sk">
<arg>\\ChoixDefi-CT2\\pause.png</arg>
<doc>Click</doc>
<msg timestamp="20211202 09:26:51.709" level="INFO">Params: [\ChoixDefi-CT2\pause.png]</msg>
<msg timestamp="20211202 09:26:51.710" level="INFO" html="true">&lt;img src='sikuli_captured/sikuliximage-1638433610945.png'/&gt;
[log] CLICK on L[1448,176]@S(0) (547 msec)</msg>
<status status="PASS" starttime="20211202 09:26:50.060" endtime="20211202 09:26:51.710"/>
</kw>
<kw name="Click" library="sk">
<arg>\\ChoixDefi-CT2\\quitter.png</arg>
<doc>Click</doc>
<msg timestamp="20211202 09:26:53.060" level="INFO">Params: [\ChoixDefi-CT2\quitter.png]</msg>
<msg timestamp="20211202 09:26:53.061" level="INFO" html="true">&lt;img src='sikuli_captured/sikuliximage-1638433612272.png'/&gt;
[log] CLICK on L[963,623]@S(0) (533 msec)</msg>
<status status="PASS" starttime="20211202 09:26:51.710" endtime="20211202 09:26:53.061"/>
</kw>
<kw name="Click" library="sk">
<arg>\\ChoixDefi-CT2\\ouiQuitter.png</arg>
<doc>Click</doc>
<msg timestamp="20211202 09:26:54.477" level="INFO">Params: [\ChoixDefi-CT2\ouiQuitter.png]</msg>
<msg timestamp="20211202 09:26:54.477" level="INFO" html="true">&lt;img src='sikuli_captured/sikuliximage-1638433613649.png'/&gt;
[log] CLICK on L[864,645]@S(0) (538 msec)</msg>
<status status="PASS" starttime="20211202 09:26:53.062" endtime="20211202 09:26:54.477"/>
</kw>
<kw name="Sleep" library="BuiltIn">
<arg>1.5</arg>
<doc>Pauses the test executed for the given time.</doc>
<msg timestamp="20211202 09:26:55.989" level="INFO">Slept 1 second 500 milliseconds</msg>
<status status="PASS" starttime="20211202 09:26:54.478" endtime="20211202 09:26:55.989"/>
</kw>
<kw name="Click" library="sk">
<arg>\\ChoixDefi-CT2\\menu.png</arg>
<doc>Click</doc>
<msg timestamp="20211202 09:26:57.700" level="INFO">Params: [\ChoixDefi-CT2\menu.png]</msg>
<msg timestamp="20211202 09:26:57.700" level="INFO" html="true">&lt;img src='sikuli_captured/sikuliximage-1638433616911.png'/&gt;
[log] CLICK on L[369,839]@S(0) (533 msec)</msg>
<status status="PASS" starttime="20211202 09:26:55.989" endtime="20211202 09:26:57.700"/>
</kw>
<status status="PASS" starttime="20211202 09:26:50.059" endtime="20211202 09:26:57.700"/>
</kw>
<kw name="verificationDefisRealisables2">
<kw name="Sleep" library="BuiltIn">
<arg>1</arg>
<doc>Pauses the test executed for the given time.</doc>
<msg timestamp="20211202 09:26:58.710" level="INFO">Slept 1 second</msg>
<status status="PASS" starttime="20211202 09:26:57.701" endtime="20211202 09:26:58.710"/>
</kw>
<kw name="Click" library="sk">
<arg>\\ChoixDefi-CT2\\StarterDefi2.png</arg>
<doc>Click</doc>
<msg timestamp="20211202 09:26:59.728" level="INFO">Params: [\ChoixDefi-CT2\StarterDefi2.png]</msg>
<msg timestamp="20211202 09:26:59.728" level="INFO" html="true">&lt;img src='sikuli_captured/sikuliximage-1638433618959.png'/&gt;
[log] CLICK on L[730,451]@S(0) (552 msec)</msg>
<status status="PASS" starttime="20211202 09:26:58.711" endtime="20211202 09:26:59.729"/>
</kw>
<status status="PASS" starttime="20211202 09:26:57.701" endtime="20211202 09:26:59.729"/>
</kw>
<kw name="jeuBreak">
<kw name="Click" library="sk">
<arg>\\ChoixDefi-CT2\\pause.png</arg>
<doc>Click</doc>
<msg timestamp="20211202 09:27:01.459" level="INFO">Params: [\ChoixDefi-CT2\pause.png]</msg>
<msg timestamp="20211202 09:27:01.459" level="INFO" html="true">&lt;img src='sikuli_captured/sikuliximage-1638433620646.png'/&gt;
[log] CLICK on L[1448,176]@S(0) (551 msec)</msg>
<status status="PASS" starttime="20211202 09:26:59.730" endtime="20211202 09:27:01.459"/>
</kw>
<kw name="Click" library="sk">
<arg>\\ChoixDefi-CT2\\quitter.png</arg>
<doc>Click</doc>
<msg timestamp="20211202 09:27:02.776" level="INFO">Params: [\ChoixDefi-CT2\quitter.png]</msg>
<msg timestamp="20211202 09:27:02.776" level="INFO" html="true">&lt;img src='sikuli_captured/sikuliximage-1638433622019.png'/&gt;
[log] CLICK on L[963,623]@S(0) (537 msec)</msg>
<status status="PASS" starttime="20211202 09:27:01.459" endtime="20211202 09:27:02.776"/>
</kw>
<kw name="Click" library="sk">
<arg>\\ChoixDefi-CT2\\ouiQuitter.png</arg>
<doc>Click</doc>
<msg timestamp="20211202 09:27:04.086" level="INFO">Params: [\ChoixDefi-CT2\ouiQuitter.png]</msg>
<msg timestamp="20211202 09:27:04.086" level="INFO" html="true">&lt;img src='sikuli_captured/sikuliximage-1638433623320.png'/&gt;
[log] CLICK on L[864,645]@S(0) (533 msec)</msg>
<status status="PASS" starttime="20211202 09:27:02.777" endtime="20211202 09:27:04.087"/>
</kw>
<kw name="Sleep" library="BuiltIn">
<arg>1.5</arg>
<doc>Pauses the test executed for the given time.</doc>
<msg timestamp="20211202 09:27:05.589" level="INFO">Slept 1 second 500 milliseconds</msg>
<status status="PASS" starttime="20211202 09:27:04.087" endtime="20211202 09:27:05.589"/>
</kw>
<kw name="Click" library="sk">
<arg>\\ChoixDefi-CT2\\menu.png</arg>
<doc>Click</doc>
<msg timestamp="20211202 09:27:07.261" level="INFO">Params: [\ChoixDefi-CT2\menu.png]</msg>
<msg timestamp="20211202 09:27:07.261" level="INFO" html="true">&lt;img src='sikuli_captured/sikuliximage-1638433626478.png'/&gt;
[log] CLICK on L[369,839]@S(0) (536 msec)</msg>
<status status="PASS" starttime="20211202 09:27:05.589" endtime="20211202 09:27:07.261"/>
</kw>
<status status="PASS" starttime="20211202 09:26:59.730" endtime="20211202 09:27:07.261"/>
</kw>
<kw name="verificationDefisRealisables3">
<kw name="Sleep" library="BuiltIn">
<arg>1</arg>
<doc>Pauses the test executed for the given time.</doc>
<msg timestamp="20211202 09:27:08.275" level="INFO">Slept 1 second</msg>
<status status="PASS" starttime="20211202 09:27:07.262" endtime="20211202 09:27:08.275"/>
</kw>
<kw name="Click" library="sk">
<arg>\\ChoixDefi-CT2\\StarterDefi3.png</arg>
<doc>Click</doc>
<msg timestamp="20211202 09:27:09.278" level="INFO">Params: [\ChoixDefi-CT2\StarterDefi3.png]</msg>
<msg timestamp="20211202 09:27:09.278" level="INFO" html="true">&lt;img src='sikuli_captured/sikuliximage-1638433628511.png'/&gt;
[log] CLICK on L[850,450]@S(0) (545 msec)</msg>
<status status="PASS" starttime="20211202 09:27:08.276" endtime="20211202 09:27:09.278"/>
</kw>
<status status="PASS" starttime="20211202 09:27:07.262" endtime="20211202 09:27:09.278"/>
</kw>
<kw name="jeuBreak">
<kw name="Click" library="sk">
<arg>\\ChoixDefi-CT2\\pause.png</arg>
<doc>Click</doc>
<msg timestamp="20211202 09:27:10.947" level="INFO">Params: [\ChoixDefi-CT2\pause.png]</msg>
<msg timestamp="20211202 09:27:10.947" level="INFO" html="true">&lt;img src='sikuli_captured/sikuliximage-1638433630162.png'/&gt;
[log] CLICK on L[1448,176]@S(0) (543 msec)</msg>
<status status="PASS" starttime="20211202 09:27:09.280" endtime="20211202 09:27:10.947"/>
</kw>
<kw name="Click" library="sk">
<arg>\\ChoixDefi-CT2\\quitter.png</arg>
<doc>Click</doc>
<msg timestamp="20211202 09:27:12.229" level="INFO">Params: [\ChoixDefi-CT2\quitter.png]</msg>
<msg timestamp="20211202 09:27:12.229" level="INFO" html="true">&lt;img src='sikuli_captured/sikuliximage-1638433631493.png'/&gt;
[log] CLICK on L[963,623]@S(0) (541 msec)</msg>
<status status="PASS" starttime="20211202 09:27:10.947" endtime="20211202 09:27:12.229"/>
</kw>
<kw name="Click" library="sk">
<arg>\\ChoixDefi-CT2\\ouiQuitter.png</arg>
<doc>Click</doc>
<msg timestamp="20211202 09:27:13.525" level="INFO">Params: [\ChoixDefi-CT2\ouiQuitter.png]</msg>
<msg timestamp="20211202 09:27:13.526" level="INFO" html="true">&lt;img src='sikuli_captured/sikuliximage-1638433632773.png'/&gt;
[log] CLICK on L[864,645]@S(0) (527 msec)</msg>
<status status="PASS" starttime="20211202 09:27:12.230" endtime="20211202 09:27:13.526"/>
</kw>
<kw name="Sleep" library="BuiltIn">
<arg>1.5</arg>
<doc>Pauses the test executed for the given time.</doc>
<msg timestamp="20211202 09:27:15.032" level="INFO">Slept 1 second 500 milliseconds</msg>
<status status="PASS" starttime="20211202 09:27:13.527" endtime="20211202 09:27:15.032"/>
</kw>
<kw name="Click" library="sk">
<arg>\\ChoixDefi-CT2\\menu.png</arg>
<doc>Click</doc>
<msg timestamp="20211202 09:27:16.718" level="INFO">Params: [\ChoixDefi-CT2\menu.png]</msg>
<msg timestamp="20211202 09:27:16.718" level="INFO" html="true">&lt;img src='sikuli_captured/sikuliximage-1638433635947.png'/&gt;
[log] CLICK on L[369,839]@S(0) (530 msec)</msg>
<status status="PASS" starttime="20211202 09:27:15.033" endtime="20211202 09:27:16.718"/>
</kw>
<status status="PASS" starttime="20211202 09:27:09.279" endtime="20211202 09:27:16.718"/>
</kw>
<kw name="verificationDefisRealisables4">
<kw name="Sleep" library="BuiltIn">
<arg>1</arg>
<doc>Pauses the test executed for the given time.</doc>
<msg timestamp="20211202 09:27:17.721" level="INFO">Slept 1 second</msg>
<status status="PASS" starttime="20211202 09:27:16.719" endtime="20211202 09:27:17.721"/>
</kw>
<kw name="Click" library="sk">
<arg>\\ChoixDefi-CT2\\StarterDefi4.png</arg>
<doc>Click</doc>
<msg timestamp="20211202 09:27:18.757" level="INFO">Params: [\ChoixDefi-CT2\StarterDefi4.png]</msg>
<msg timestamp="20211202 09:27:18.757" level="INFO" html="true">&lt;img src='sikuli_captured/sikuliximage-1638433637984.png'/&gt;
[log] CLICK on L[971,451]@S(0) (544 msec)</msg>
<status status="PASS" starttime="20211202 09:27:17.722" endtime="20211202 09:27:18.757"/>
</kw>
<status status="PASS" starttime="20211202 09:27:16.719" endtime="20211202 09:27:18.757"/>
</kw>
<kw name="jeuBreak">
<kw name="Click" library="sk">
<arg>\\ChoixDefi-CT2\\pause.png</arg>
<doc>Click</doc>
<msg timestamp="20211202 09:27:20.435" level="INFO">Params: [\ChoixDefi-CT2\pause.png]</msg>
<msg timestamp="20211202 09:27:20.435" level="INFO" html="true">&lt;img src='sikuli_captured/sikuliximage-1638433639663.png'/&gt;
[log] CLICK on L[1448,176]@S(0) (538 msec)</msg>
<status status="PASS" starttime="20211202 09:27:18.758" endtime="20211202 09:27:20.435"/>
</kw>
<kw name="Click" library="sk">
<arg>\\ChoixDefi-CT2\\quitter.png</arg>
<doc>Click</doc>
<msg timestamp="20211202 09:27:21.728" level="INFO">Params: [\ChoixDefi-CT2\quitter.png]</msg>
<msg timestamp="20211202 09:27:21.728" level="INFO" html="true">&lt;img src='sikuli_captured/sikuliximage-1638433640977.png'/&gt;
[log] CLICK on L[963,623]@S(0) (531 msec)</msg>
<status status="PASS" starttime="20211202 09:27:20.436" endtime="20211202 09:27:21.728"/>
</kw>
<kw name="Click" library="sk">
<arg>\\ChoixDefi-CT2\\ouiQuitter.png</arg>
<doc>Click</doc>
<msg timestamp="20211202 09:27:23.054" level="INFO">Params: [\ChoixDefi-CT2\ouiQuitter.png]</msg>
<msg timestamp="20211202 09:27:23.054" level="INFO" html="true">&lt;img src='sikuli_captured/sikuliximage-1638433642298.png'/&gt;
[log] CLICK on L[864,645]@S(0) (538 msec)</msg>
<status status="PASS" starttime="20211202 09:27:21.728" endtime="20211202 09:27:23.054"/>
</kw>
<kw name="Sleep" library="BuiltIn">
<arg>1.5</arg>
<doc>Pauses the test executed for the given time.</doc>
<msg timestamp="20211202 09:27:24.559" level="INFO">Slept 1 second 500 milliseconds</msg>
<status status="PASS" starttime="20211202 09:27:23.055" endtime="20211202 09:27:24.559"/>
</kw>
<kw name="Click" library="sk">
<arg>\\ChoixDefi-CT2\\menu.png</arg>
<doc>Click</doc>
<msg timestamp="20211202 09:27:26.276" level="INFO">Params: [\ChoixDefi-CT2\menu.png]</msg>
<msg timestamp="20211202 09:27:26.276" level="INFO" html="true">&lt;img src='sikuli_captured/sikuliximage-1638433645489.png'/&gt;
[log] CLICK on L[369,839]@S(0) (541 msec)</msg>
<status status="PASS" starttime="20211202 09:27:24.560" endtime="20211202 09:27:26.276"/>
</kw>
<status status="PASS" starttime="20211202 09:27:18.757" endtime="20211202 09:27:26.276"/>
</kw>
<kw name="verificationDefisRealisables5">
<kw name="Sleep" library="BuiltIn">
<arg>1</arg>
<doc>Pauses the test executed for the given time.</doc>
<msg timestamp="20211202 09:27:27.277" level="INFO">Slept 1 second</msg>
<status status="PASS" starttime="20211202 09:27:26.277" endtime="20211202 09:27:27.277"/>
</kw>
<kw name="Click" library="sk">
<arg>\\ChoixDefi-CT2\\StarterDefi5.png</arg>
<doc>Click</doc>
<msg timestamp="20211202 09:27:28.277" level="INFO">Params: [\ChoixDefi-CT2\StarterDefi5.png]</msg>
<msg timestamp="20211202 09:27:28.277" level="INFO" html="true">&lt;img src='sikuli_captured/sikuliximage-1638433647526.png'/&gt;
[log] CLICK on L[1090,450]@S(0) (531 msec)</msg>
<status status="PASS" starttime="20211202 09:27:27.278" endtime="20211202 09:27:28.277"/>
</kw>
<status status="PASS" starttime="20211202 09:27:26.277" endtime="20211202 09:27:28.277"/>
</kw>
<kw name="jeuBreak">
<kw name="Click" library="sk">
<arg>\\ChoixDefi-CT2\\pause.png</arg>
<doc>Click</doc>
<msg timestamp="20211202 09:27:29.940" level="INFO">Params: [\ChoixDefi-CT2\pause.png]</msg>
<msg timestamp="20211202 09:27:29.940" level="INFO" html="true">&lt;img src='sikuli_captured/sikuliximage-1638433649174.png'/&gt;
[log] CLICK on L[1448,176]@S(0) (537 msec)</msg>
<status status="PASS" starttime="20211202 09:27:28.278" endtime="20211202 09:27:29.940"/>
</kw>
<kw name="Click" library="sk">
<arg>\\ChoixDefi-CT2\\quitter.png</arg>
<doc>Click</doc>
<msg timestamp="20211202 09:27:31.245" level="INFO">Params: [\ChoixDefi-CT2\quitter.png]</msg>
<msg timestamp="20211202 09:27:31.245" level="INFO" html="true">&lt;img src='sikuli_captured/sikuliximage-1638433650494.png'/&gt;
[log] CLICK on L[963,623]@S(0) (534 msec)</msg>
<status status="PASS" starttime="20211202 09:27:29.941" endtime="20211202 09:27:31.245"/>
</kw>
<kw name="Click" library="sk">
<arg>\\ChoixDefi-CT2\\ouiQuitter.png</arg>
<doc>Click</doc>
<msg timestamp="20211202 09:27:32.557" level="INFO">Params: [\ChoixDefi-CT2\ouiQuitter.png]</msg>
<msg timestamp="20211202 09:27:32.557" level="INFO" html="true">&lt;img src='sikuli_captured/sikuliximage-1638433651807.png'/&gt;
[log] CLICK on L[864,645]@S(0) (526 msec)</msg>
<status status="PASS" starttime="20211202 09:27:31.245" endtime="20211202 09:27:32.557"/>
</kw>
<kw name="Sleep" library="BuiltIn">
<arg>1.5</arg>
<doc>Pauses the test executed for the given time.</doc>
<msg timestamp="20211202 09:27:34.065" level="INFO">Slept 1 second 500 milliseconds</msg>
<status status="PASS" starttime="20211202 09:27:32.558" endtime="20211202 09:27:34.065"/>
</kw>
<kw name="Click" library="sk">
<arg>\\ChoixDefi-CT2\\menu.png</arg>
<doc>Click</doc>
<msg timestamp="20211202 09:27:35.737" level="INFO">Params: [\ChoixDefi-CT2\menu.png]</msg>
<msg timestamp="20211202 09:27:35.737" level="INFO" html="true">&lt;img src='sikuli_captured/sikuliximage-1638433654970.png'/&gt;
[log] CLICK on L[369,839]@S(0) (534 msec)</msg>
<status status="PASS" starttime="20211202 09:27:34.066" endtime="20211202 09:27:35.737"/>
</kw>
<status status="PASS" starttime="20211202 09:27:28.278" endtime="20211202 09:27:35.737"/>
</kw>
<kw name="verificationDefisRealisables6">
<kw name="Sleep" library="BuiltIn">
<arg>1</arg>
<doc>Pauses the test executed for the given time.</doc>
<msg timestamp="20211202 09:27:36.747" level="INFO">Slept 1 second</msg>
<status status="PASS" starttime="20211202 09:27:35.738" endtime="20211202 09:27:36.747"/>
</kw>
<kw name="Click" library="sk">
<arg>\\ChoixDefi-CT2\\StarterDefi6.png</arg>
<doc>Click</doc>
<msg timestamp="20211202 09:27:37.790" level="INFO">Params: [\ChoixDefi-CT2\StarterDefi6.png]</msg>
<msg timestamp="20211202 09:27:37.790" level="INFO" html="true">&lt;img src='sikuli_captured/sikuliximage-1638433657009.png'/&gt;
[log] CLICK on L[1210,450]@S(0) (543 msec)</msg>
<status status="PASS" starttime="20211202 09:27:36.748" endtime="20211202 09:27:37.790"/>
</kw>
<status status="PASS" starttime="20211202 09:27:35.738" endtime="20211202 09:27:37.791"/>
</kw>
<kw name="jeuBreak">
<kw name="Click" library="sk">
<arg>\\ChoixDefi-CT2\\pause.png</arg>
<doc>Click</doc>
<msg timestamp="20211202 09:27:39.434" level="INFO">Params: [\ChoixDefi-CT2\pause.png]</msg>
<msg timestamp="20211202 09:27:39.434" level="INFO" html="true">&lt;img src='sikuli_captured/sikuliximage-1638433658687.png'/&gt;
[log] CLICK on L[1448,176]@S(0) (532 msec)</msg>
<status status="PASS" starttime="20211202 09:27:37.791" endtime="20211202 09:27:39.434"/>
</kw>
<kw name="Click" library="sk">
<arg>\\ChoixDefi-CT2\\quitter.png</arg>
<doc>Click</doc>
<msg timestamp="20211202 09:27:40.711" level="INFO">Params: [\ChoixDefi-CT2\quitter.png]</msg>
<msg timestamp="20211202 09:27:40.711" level="INFO" html="true">&lt;img src='sikuli_captured/sikuliximage-1638433659980.png'/&gt;
[log] CLICK on L[963,623]@S(0) (532 msec)</msg>
<status status="PASS" starttime="20211202 09:27:39.434" endtime="20211202 09:27:40.712"/>
</kw>
<kw name="Click" library="sk">
<arg>\\ChoixDefi-CT2\\ouiQuitter.png</arg>
<doc>Click</doc>
<msg timestamp="20211202 09:27:42.058" level="INFO">Params: [\ChoixDefi-CT2\ouiQuitter.png]</msg>
<msg timestamp="20211202 09:27:42.058" level="INFO" html="true">&lt;img src='sikuli_captured/sikuliximage-1638433661289.png'/&gt;
[log] CLICK on L[864,645]@S(0) (533 msec)</msg>
<status status="PASS" starttime="20211202 09:27:40.712" endtime="20211202 09:27:42.059"/>
</kw>
<kw name="Sleep" library="BuiltIn">
<arg>1.5</arg>
<doc>Pauses the test executed for the given time.</doc>
<msg timestamp="20211202 09:27:43.569" level="INFO">Slept 1 second 500 milliseconds</msg>
<status status="PASS" starttime="20211202 09:27:42.059" endtime="20211202 09:27:43.569"/>
</kw>
<kw name="Click" library="sk">
<arg>\\ChoixDefi-CT2\\menu.png</arg>
<doc>Click</doc>
<msg timestamp="20211202 09:27:45.297" level="INFO">Params: [\ChoixDefi-CT2\menu.png]</msg>
<msg timestamp="20211202 09:27:45.298" level="INFO" html="true">&lt;img src='sikuli_captured/sikuliximage-1638433664505.png'/&gt;
[log] CLICK on L[369,839]@S(0) (532 msec)</msg>
<status status="PASS" starttime="20211202 09:27:43.570" endtime="20211202 09:27:45.298"/>
</kw>
<status status="PASS" starttime="20211202 09:27:37.791" endtime="20211202 09:27:45.298"/>
</kw>
<status status="PASS" starttime="20211202 09:26:49.082" endtime="20211202 09:27:45.298"/>
</test>
<test id="s1-t11" name="ChoixDefi-CT2.2">
<kw name="Add Needed Image Path" type="SETUP">
<kw name="Add Image Path" library="sk">
<arg>${IMAGE_DIR}</arg>
<doc>Add image path</doc>
<msg timestamp="20211202 09:27:45.304" level="INFO">Params: [C:\Users\Nico\Desktop\projet\3_Petits_Cochons_2021_2022\EcranChoixDefi\imgProjet\]</msg>
<status status="PASS" starttime="20211202 09:27:45.300" endtime="20211202 09:27:45.304"/>
</kw>
<status status="PASS" starttime="20211202 09:27:45.300" endtime="20211202 09:27:45.304"/>
</kw>
<kw name="verificationBoutonsBloque">
<kw name="Create List" library="BuiltIn">
<var>${reg}</var>
<arg>${571}</arg>
<arg>${527}</arg>
<arg>${83}</arg>
<arg>${88}</arg>
<doc>Returns a list containing given items.</doc>
<msg timestamp="20211202 09:27:45.306" level="INFO">${reg} = [571, 527, 83, 88]</msg>
<status status="PASS" starttime="20211202 09:27:45.304" endtime="20211202 09:27:45.306"/>
</kw>
<for flavor="IN RANGE">
<var>${difficultes}</var>
<value>3</value>
<iter>
<var name="${difficultes}">0</var>
<for flavor="IN RANGE">
<var>${defis}</var>
<value>6</value>
<iter>
<var name="${defis}">0</var>
<kw name="Click Region" library="sk">
<arg>${reg}</arg>
<doc>Click region</doc>
<msg timestamp="20211202 09:27:45.940" level="INFO">Params: [[Ljava.lang.Object;@27fa92a3]</msg>
<msg timestamp="20211202 09:27:45.940" level="INFO" html="true">&lt;img src='sikuli_captured/sikuliximage-1638433665341.png'/&gt;
[log] CLICK on L[612,571]@S(0) (537 msec)</msg>
<msg timestamp="20211202 09:27:45.940" level="INFO" html="true">&lt;img src='sikuli_captured/sikuliximage-1638433665929.png'/&gt;</msg>
<status status="PASS" starttime="20211202 09:27:45.306" endtime="20211202 09:27:45.940"/>
</kw>
<kw name="Wait Until Screen Contain" library="sk">
<arg>ecranJeu.png</arg>
<arg>2</arg>
<doc>Wait until screen contain
 Wait until image shown in screen</doc>
<msg timestamp="20211202 09:27:48.193" level="INFO">Params: [ecranJeu.png, 2]
[error] ImagePath: find: not there: ecranJeu.png</msg>
<msg timestamp="20211202 09:27:48.193" level="INFO" html="true">&lt;img src='sikuli_captured/sikuliximage-1638433668011.png'/&gt;
[error] ImagePath: find: not there: ecranJeu.png</msg>
<msg timestamp="20211202 09:27:48.193" level="FAIL">com.github.rainmanwy.robotframework.sikulilib.exceptions.TimeoutException: Timeout happend, could not find P(ecranJeu.png -- not valid!) S: 0.699999988079071</msg>
<status status="FAIL" starttime="20211202 09:27:45.940" endtime="20211202 09:27:48.193"/>
</kw>
<kw name="Evaluate" library="BuiltIn">
<var>${buff}</var>
<arg>${reg}[0]+${120}</arg>
<doc>Evaluates the given expression in Python and returns the result.</doc>
<status status="NOT RUN" starttime="20211202 09:27:48.193" endtime="20211202 09:27:48.193"/>
</kw>
<kw name="Set List Value">
<arg>${reg}</arg>
<arg>0</arg>
<arg>${buff}</arg>
<status status="NOT RUN" starttime="20211202 09:27:48.196" endtime="20211202 09:27:48.196"/>
</kw>
<status status="FAIL" starttime="20211202 09:27:45.306" endtime="20211202 09:27:48.196"/>
</iter>
<status status="FAIL" starttime="20211202 09:27:45.306" endtime="20211202 09:27:48.196"/>
</for>
<kw name="Evaluate" library="BuiltIn">
<var>${buffy}</var>
<arg>${reg}[1]+${115}</arg>
<doc>Evaluates the given expression in Python and returns the result.</doc>
<status status="NOT RUN" starttime="20211202 09:27:48.196" endtime="20211202 09:27:48.196"/>
</kw>
<kw name="Set List Value">
<arg>${reg}</arg>
<arg>1</arg>
<arg>${buffy}</arg>
<status status="NOT RUN" starttime="20211202 09:27:48.199" endtime="20211202 09:27:48.199"/>
</kw>
<kw name="Set List Value">
<arg>${reg}</arg>
<arg>0</arg>
<arg>${coordsx}</arg>
<status status="NOT RUN" starttime="20211202 09:27:48.201" endtime="20211202 09:27:48.201"/>
</kw>
<status status="FAIL" starttime="20211202 09:27:45.306" endtime="20211202 09:27:48.201"/>
</iter>
<status status="FAIL" starttime="20211202 09:27:45.306" endtime="20211202 09:27:48.201"/>
</for>
<status status="FAIL" starttime="20211202 09:27:45.304" endtime="20211202 09:27:48.202"/>
</kw>
<status status="FAIL" starttime="20211202 09:27:45.300" endtime="20211202 09:27:48.202">com.github.rainmanwy.robotframework.sikulilib.exceptions.TimeoutException: Timeout happend, could not find P(ecranJeu.png -- not valid!) S: 0.699999988079071</status>
</test>
<test id="s1-t12" name="ChoixDefi-CT2.3">
<kw name="Add Needed Image Path" type="SETUP">
<kw name="Add Image Path" library="sk">
<arg>${IMAGE_DIR}</arg>
<doc>Add image path</doc>
<msg timestamp="20211202 09:27:48.207" level="INFO">Params: [C:\Users\Nico\Desktop\projet\3_Petits_Cochons_2021_2022\EcranChoixDefi\imgProjet\]</msg>
<status status="PASS" starttime="20211202 09:27:48.204" endtime="20211202 09:27:48.207"/>
</kw>
<status status="PASS" starttime="20211202 09:27:48.203" endtime="20211202 09:27:48.207"/>
</kw>
<kw name="verificationCliqueRetour">
<kw name="Click" library="sk">
<arg>.\\ChoixDefi-CT1\\boutonRetour.png</arg>
<doc>Click</doc>
<msg timestamp="20211202 09:27:49.231" level="INFO">Params: [.\ChoixDefi-CT1\boutonRetour.png]</msg>
<msg timestamp="20211202 09:27:49.231" level="INFO" html="true">&lt;img src='sikuli_captured/sikuliximage-1638433668460.png'/&gt;
[log] CLICK on L[332,330]@S(0) (535 msec)</msg>
<status status="PASS" starttime="20211202 09:27:48.208" endtime="20211202 09:27:49.231"/>
</kw>
<kw name="Wait Until Screen Contain" library="sk">
<arg>.\\ChoixDefi-CT2\\choixMode.png=0.70</arg>
<arg>3</arg>
<doc>Wait until screen contain
 Wait until image shown in screen</doc>
<msg timestamp="20211202 09:27:50.006" level="INFO">Params: [.\ChoixDefi-CT2\choixMode.png=0.70, 3]</msg>
<msg timestamp="20211202 09:27:50.007" level="INFO" html="true">&lt;img src='sikuli_captured/sikuliximage-1638433669865.png'/&gt;</msg>
<status status="PASS" starttime="20211202 09:27:49.231" endtime="20211202 09:27:50.007"/>
</kw>
<kw name="Click" library="sk">
<arg>.\\Progression.png</arg>
<doc>Click</doc>
<msg timestamp="20211202 09:27:51.007" level="INFO">Params: [.\Progression.png]</msg>
<msg timestamp="20211202 09:27:51.007" level="INFO" html="true">&lt;img src='sikuli_captured/sikuliximage-1638433670244.png'/&gt;
[log] CLICK on L[961,531]@S(0) (533 msec)</msg>
<status status="PASS" starttime="20211202 09:27:50.007" endtime="20211202 09:27:51.007"/>
</kw>
<status status="PASS" starttime="20211202 09:27:48.207" endtime="20211202 09:27:51.007"/>
</kw>
<kw name="arretServeur">
<kw name="Stop Remote Server" library="sk">
<doc>Stops the remote server.</doc>
<msg timestamp="20211202 09:27:51.011" level="INFO">Robot Framework remote server stopping</msg>
<status status="PASS" starttime="20211202 09:27:51.008" endtime="20211202 09:27:51.011"/>
</kw>
<status status="PASS" starttime="20211202 09:27:51.008" endtime="20211202 09:27:51.011"/>
</kw>
<status status="PASS" starttime="20211202 09:27:48.203" endtime="20211202 09:27:51.012"/>
</test>
<kw name="Stop Remote Server" library="sk" type="TEARDOWN">
<doc>Stops the remote server.</doc>
<msg timestamp="20211202 09:27:51.015" level="INFO">Robot Framework remote server stopping</msg>
<status status="PASS" starttime="20211202 09:27:51.013" endtime="20211202 09:27:51.016"/>
</kw>
<doc>Sikuli Library Demo</doc>
<status status="FAIL" starttime="20211202 09:26:32.598" endtime="20211202 09:27:51.016"/>
</suite>
<statistics>
<total>
<stat pass="7" fail="5" skip="0">All Tests</stat>
</total>
<tag>
</tag>
<suite>
<stat pass="7" fail="5" skip="0" id="s1" name="ChoixDefi-CT">ChoixDefi-CT</stat>
</suite>
</statistics>
<errors>
</errors>
</robot>
