<?xml version="1.0" encoding="UTF-8"?>
<robot generator="Robot 4.1.2 (Python 3.8.10 on win32)" generated="20220103 10:13:58.029" rpa="false" schemaversion="2">
<suite id="s1" name="ChoixDefi-CT5.1" source="C:\Users\Nico\Desktop\projet\3_Petits_Cochons_2021_2022\EcranChoixDefi\ChoixDefi-CT5.1.robot">
<kw name="ViderLogs" type="SETUP">
<kw name="Run" library="OperatingSystem">
<arg>.\\clear_logs.bat</arg>
<doc>Runs the given command in the system and returns the output.</doc>
<msg timestamp="20220103 10:14:01.447" level="INFO">Running command '.\clear_logs.bat 2&gt;&amp;1'.</msg>
<status status="PASS" starttime="20220103 10:14:01.429" endtime="20220103 10:14:01.468"/>
</kw>
<status status="PASS" starttime="20220103 10:14:01.429" endtime="20220103 10:14:01.468"/>
</kw>
<test id="s1-t1" name="ChoixDefi-CT5.1">
<kw name="Add Needed Image Path" type="SETUP">
<kw name="Add Image Path" library="sk">
<arg>${IMAGE_DIR}</arg>
<doc>Add image path</doc>
<msg timestamp="20220103 10:14:01.481" level="INFO">Params: [C:\Users\Nico\Desktop\projet\3_Petits_Cochons_2021_2022\EcranChoixDefi\imgProjet\]</msg>
<status status="PASS" starttime="20220103 10:14:01.469" endtime="20220103 10:14:01.481"/>
</kw>
<status status="PASS" starttime="20220103 10:14:01.468" endtime="20220103 10:14:01.481"/>
</kw>
<kw name="recordDefisNonTermines">
<kw name="Click" library="sk">
<arg>jeu.png</arg>
<doc>Click</doc>
<msg timestamp="20220103 10:14:05.146" level="INFO">Params: [jeu.png]</msg>
<msg timestamp="20220103 10:14:05.146" level="INFO" html="true">&lt;img src='sikuli_captured/sikuliximage-1641201244910.png'/&gt;</msg>
<msg timestamp="20220103 10:14:05.146" level="FAIL">com.github.rainmanwy.robotframework.sikulilib.exceptions.TimeoutException: Timeout happend, could not find P(jeu.png) S: 0.699999988079071</msg>
<status status="FAIL" starttime="20220103 10:14:01.482" endtime="20220103 10:14:05.146"/>
</kw>
<kw name="Sleep" library="BuiltIn">
<arg>2</arg>
<doc>Pauses the test executed for the given time.</doc>
<status status="NOT RUN" starttime="20220103 10:14:05.146" endtime="20220103 10:14:05.146"/>
</kw>
<kw name="sk.Hover">
<arg>\\Choix Defi-CT5\\defi1.png</arg>
<status status="NOT RUN" starttime="20220103 10:14:05.161" endtime="20220103 10:14:05.161"/>
</kw>
<kw name="Wait Until Screen Contain" library="sk">
<arg>\\Choix Defi-CT5\\recordDefiRealise</arg>
<arg>2</arg>
<doc>Wait until screen contain
 Wait until image shown in screen</doc>
<status status="NOT RUN" starttime="20220103 10:14:05.161" endtime="20220103 10:14:05.161"/>
</kw>
<status status="FAIL" starttime="20220103 10:14:01.482" endtime="20220103 10:14:05.161"/>
</kw>
<kw name="Stop Remote Server" library="sk" type="TEARDOWN">
<doc>Stops the remote server.</doc>
<msg timestamp="20220103 10:14:05.168" level="INFO">Robot Framework remote server stopping</msg>
<status status="PASS" starttime="20220103 10:14:05.161" endtime="20220103 10:14:05.168"/>
</kw>
<status status="FAIL" starttime="20220103 10:14:01.468" endtime="20220103 10:14:05.169">com.github.rainmanwy.robotframework.sikulilib.exceptions.TimeoutException: Timeout happend, could not find P(jeu.png) S: 0.699999988079071</status>
</test>
<kw name="Stop Remote Server" library="sk" type="TEARDOWN">
<doc>Stops the remote server.</doc>
<msg timestamp="20220103 10:14:05.174" level="INFO">Robot Framework remote server stopping</msg>
<status status="PASS" starttime="20220103 10:14:05.171" endtime="20220103 10:14:05.174"/>
</kw>
<doc>Sikuli Library Demo</doc>
<status status="FAIL" starttime="20220103 10:13:58.029" endtime="20220103 10:14:05.174"/>
</suite>
<statistics>
<total>
<stat pass="0" fail="1" skip="0">All Tests</stat>
</total>
<tag>
</tag>
<suite>
<stat pass="0" fail="1" skip="0" id="s1" name="ChoixDefi-CT5.1">ChoixDefi-CT5.1</stat>
</suite>
</statistics>
<errors>
</errors>
</robot>
