<?xml version="1.0" encoding="UTF-8"?>
<robot generator="Robot 4.1.2 (Python 3.8.10 on win32)" generated="20211130 09:31:17.630" rpa="false" schemaversion="2">
<suite id="s1" name="ChoixDefi-CT1.1" source="C:\Users\Nico\Desktop\projet\3_Petits_Cochons_2021_2022\EcranChoixDefi\ChoixDefi-CT1.1.robot">
<kw name="ViderLogs" type="SETUP">
<kw name="Run" library="OperatingSystem">
<arg>.\\clear_logs.bat</arg>
<doc>Runs the given command in the system and returns the output.</doc>
<msg timestamp="20211130 09:31:21.047" level="INFO">Running command '.\clear_logs.bat 2&gt;&amp;1'.</msg>
<status status="PASS" starttime="20211130 09:31:21.041" endtime="20211130 09:31:21.070"/>
</kw>
<status status="PASS" starttime="20211130 09:31:21.041" endtime="20211130 09:31:21.070"/>
</kw>
<test id="s1-t1" name="ChoixDefi-CT1.1">
<kw name="Add Needed Image Path" type="SETUP">
<kw name="Add Image Path" library="sk">
<arg>${IMAGE_DIR}</arg>
<doc>Add image path</doc>
<msg timestamp="20211130 09:31:21.084" level="INFO">Params: [C:\Users\Nico\Desktop\projet\3_Petits_Cochons_2021_2022\EcranChoixDefi\imgProjet\ChoixDefi-CT1]</msg>
<status status="PASS" starttime="20211130 09:31:21.071" endtime="20211130 09:31:21.084"/>
</kw>
<status status="PASS" starttime="20211130 09:31:21.071" endtime="20211130 09:31:21.086"/>
</kw>
<kw name="verificationTitre">
<kw name="Click" library="sk">
<arg>jeu.png</arg>
<doc>Click</doc>
<msg timestamp="20211130 09:31:22.318" level="INFO">Params: [jeu.png]</msg>
<msg timestamp="20211130 09:31:22.318" level="INFO" html="true">&lt;img src='sikuli_captured/sikuliximage-1638261081560.png'/&gt;
[log] CLICK on L[351,1064]@S(0) (541 msec)</msg>
<status status="PASS" starttime="20211130 09:31:21.087" endtime="20211130 09:31:22.318"/>
</kw>
<kw name="Sleep" library="BuiltIn">
<arg>2</arg>
<doc>Pauses the test executed for the given time.</doc>
<msg timestamp="20211130 09:31:24.324" level="INFO">Slept 2 seconds</msg>
<status status="PASS" starttime="20211130 09:31:22.319" endtime="20211130 09:31:24.324"/>
</kw>
<kw name="Get Text" library="sk">
<var>${titre}</var>
<arg>titre.png</arg>
<doc>Get text</doc>
<msg timestamp="20211130 09:31:24.824" level="INFO">Params: [titre.png]</msg>
<msg timestamp="20211130 09:31:24.824" level="INFO" html="true">&lt;img src='sikuli_captured/sikuliximage-1638261084556.png'/&gt;</msg>
<msg timestamp="20211130 09:31:24.824" level="INFO">${titre} = JOUER</msg>
<status status="PASS" starttime="20211130 09:31:24.324" endtime="20211130 09:31:24.824"/>
</kw>
<status status="PASS" starttime="20211130 09:31:21.086" endtime="20211130 09:31:24.824"/>
</kw>
<kw name="Stop Remote Server" library="sk" type="TEARDOWN">
<doc>Stops the remote server.</doc>
<msg timestamp="20211130 09:31:24.829" level="INFO">Robot Framework remote server stopping</msg>
<status status="PASS" starttime="20211130 09:31:24.824" endtime="20211130 09:31:24.829"/>
</kw>
<status status="PASS" starttime="20211130 09:31:21.070" endtime="20211130 09:31:24.830"/>
</test>
<kw name="Stop Remote Server" library="sk" type="TEARDOWN">
<doc>Stops the remote server.</doc>
<msg timestamp="20211130 09:31:24.835" level="INFO">Robot Framework remote server stopping</msg>
<status status="PASS" starttime="20211130 09:31:24.832" endtime="20211130 09:31:24.835"/>
</kw>
<doc>Sikuli Library Demo</doc>
<status status="PASS" starttime="20211130 09:31:17.632" endtime="20211130 09:31:24.835"/>
</suite>
<statistics>
<total>
<stat pass="1" fail="0" skip="0">All Tests</stat>
</total>
<tag>
</tag>
<suite>
<stat pass="1" fail="0" skip="0" id="s1" name="ChoixDefi-CT1.1">ChoixDefi-CT1.1</stat>
</suite>
</statistics>
<errors>
</errors>
</robot>
