<?xml version="1.0" encoding="UTF-8"?>
<robot generator="Robot 4.1.2 (Python 3.8.10 on win32)" generated="20211202 09:10:19.699" rpa="false" schemaversion="2">
<suite id="s1" name="ChoixDefi-CT3.1" source="C:\Users\Nico\Desktop\projet\3_Petits_Cochons_2021_2022\EcranChoixDefi\ChoixDefi-CT3.1.robot">
<kw name="ViderLogs" type="SETUP">
<kw name="Run" library="OperatingSystem">
<arg>.\\clear_logs.bat</arg>
<doc>Runs the given command in the system and returns the output.</doc>
<msg timestamp="20211202 09:10:22.914" level="INFO">Running command '.\clear_logs.bat 2&gt;&amp;1'.</msg>
<status status="PASS" starttime="20211202 09:10:22.908" endtime="20211202 09:10:22.942"/>
</kw>
<status status="PASS" starttime="20211202 09:10:22.908" endtime="20211202 09:10:22.942"/>
</kw>
<test id="s1-t1" name="ChoixDefi-CT3.1">
<kw name="Add Needed Image Path" type="SETUP">
<kw name="Add Image Path" library="sk">
<arg>${IMAGE_DIR}</arg>
<doc>Add image path</doc>
<msg timestamp="20211202 09:10:22.956" level="INFO">Params: [C:\Users\Nico\Desktop\projet\3_Petits_Cochons_2021_2022\EcranChoixDefi\imgProjet\]</msg>
<status status="PASS" starttime="20211202 09:10:22.943" endtime="20211202 09:10:22.956"/>
</kw>
<status status="PASS" starttime="20211202 09:10:22.942" endtime="20211202 09:10:22.956"/>
</kw>
<kw name="initalisationSurDiurne">
<kw name="Input Text" library="sk">
<arg>\\Choix Defi - CT3\\rechercher.png=0.80</arg>
<arg>explorateur de fichiers</arg>
<doc>Input text
 Image could be empty</doc>
<msg timestamp="20211202 09:10:25.704" level="INFO">Params: [\Choix Defi - CT3\rechercher.png=0.80, explorateur de fichiers]
Input Text:
explorateur de fichiers</msg>
<msg timestamp="20211202 09:10:25.704" level="INFO" html="true">&lt;img src='sikuli_captured/sikuliximage-1638432623446.png'/&gt;
[log] CLICK on L[54,1065]@S(0) (540 msec)
[log]  TYPE "explorateur de fichiers"</msg>
<status status="PASS" starttime="20211202 09:10:22.957" endtime="20211202 09:10:25.704"/>
</kw>
<kw name="Click" library="sk">
<arg>\\Choix Defi - CT3\\explorateur.png=0.80</arg>
<doc>Click</doc>
<msg timestamp="20211202 09:10:26.743" level="INFO">Params: [\Choix Defi - CT3\explorateur.png=0.80]</msg>
<msg timestamp="20211202 09:10:26.743" level="INFO" html="true">&lt;img src='sikuli_captured/sikuliximage-1638432625952.png'/&gt;
[log] CLICK on L[206,527]@S(0) (546 msec)</msg>
<status status="PASS" starttime="20211202 09:10:25.705" endtime="20211202 09:10:26.744"/>
</kw>
<kw name="Click" library="sk">
<arg>\\Choix Defi - CT3\\cheminDacces.png=0.60</arg>
<doc>Click</doc>
<msg timestamp="20211202 09:10:28.805" level="INFO">Params: [\Choix Defi - CT3\cheminDacces.png=0.60]</msg>
<msg timestamp="20211202 09:10:28.805" level="INFO" html="true">&lt;img src='sikuli_captured/sikuliximage-1638432628037.png'/&gt;
[log] CLICK on L[1006,366]@S(0) (545 msec)</msg>
<status status="PASS" starttime="20211202 09:10:26.744" endtime="20211202 09:10:28.805"/>
</kw>
<kw name="Press Special Key" library="sk">
<arg>BACKSPACE</arg>
<doc>Press special key
 Presses a special keyboard key.</doc>
<msg timestamp="20211202 09:10:28.884" level="INFO">Params: [BACKSPACE]
[log]  TYPE "#BACK."</msg>
<status status="PASS" starttime="20211202 09:10:28.805" endtime="20211202 09:10:28.885"/>
</kw>
<kw name="Input Text" library="sk">
<arg>\\Choix Defi - CT3\\cheminDaccesVide.png=0.80</arg>
<arg>C:\\Users\\Nico</arg>
<doc>Input text
 Image could be empty</doc>
<msg timestamp="20211202 09:10:30.884" level="INFO">Params: [\Choix Defi - CT3\cheminDaccesVide.png=0.80, C:\Users\Nico]
Input Text:
C:\Users\Nico</msg>
<msg timestamp="20211202 09:10:30.884" level="INFO" html="true">&lt;img src='sikuli_captured/sikuliximage-1638432629114.png'/&gt;
[log] CLICK on L[962,367]@S(0) (535 msec)
[log]  TYPE "C:\Users\Nico"</msg>
<status status="PASS" starttime="20211202 09:10:28.885" endtime="20211202 09:10:30.884"/>
</kw>
<kw name="Press Special Key" library="sk">
<arg>ENTER</arg>
<doc>Press special key
 Presses a special keyboard key.</doc>
<msg timestamp="20211202 09:10:30.947" level="INFO">Params: [ENTER]
[log]  TYPE "#ENTER."</msg>
<status status="PASS" starttime="20211202 09:10:30.884" endtime="20211202 09:10:30.947"/>
</kw>
<kw name="Sleep" library="BuiltIn">
<arg>1</arg>
<doc>Pauses the test executed for the given time.</doc>
<msg timestamp="20211202 09:10:31.961" level="INFO">Slept 1 second</msg>
<status status="PASS" starttime="20211202 09:10:30.947" endtime="20211202 09:10:31.961"/>
</kw>
<kw name="Click" library="sk">
<arg>\\Choix Defi - CT3\\barreRecherche.png=0.80</arg>
<doc>Click</doc>
<msg timestamp="20211202 09:10:33.024" level="INFO">Params: [\Choix Defi - CT3\barreRecherche.png=0.80]</msg>
<msg timestamp="20211202 09:10:33.024" level="INFO" html="true">&lt;img src='sikuli_captured/sikuliximage-1638432632243.png'/&gt;
[log] CLICK on L[1758,367]@S(0) (549 msec)</msg>
<status status="PASS" starttime="20211202 09:10:31.962" endtime="20211202 09:10:33.024"/>
</kw>
<kw name="Sleep" library="BuiltIn">
<arg>1</arg>
<doc>Pauses the test executed for the given time.</doc>
<msg timestamp="20211202 09:10:34.025" level="INFO">Slept 1 second</msg>
<status status="PASS" starttime="20211202 09:10:33.024" endtime="20211202 09:10:34.026"/>
</kw>
<kw name="Input Text" library="sk">
<arg>${EMPTY}</arg>
<arg>test.mv.db</arg>
<doc>Input text
 Image could be empty</doc>
<msg timestamp="20211202 09:10:34.722" level="INFO">Params: [, test.mv.db]
Input Text:
test.mv.db
[log]  TYPE "test.mv.db"</msg>
<status status="PASS" starttime="20211202 09:10:34.026" endtime="20211202 09:10:34.722"/>
</kw>
<kw name="Sleep" library="BuiltIn">
<arg>1</arg>
<doc>Pauses the test executed for the given time.</doc>
<msg timestamp="20211202 09:10:35.730" level="INFO">Slept 1 second</msg>
<status status="PASS" starttime="20211202 09:10:34.722" endtime="20211202 09:10:35.730"/>
</kw>
<kw name="Press Special Key" library="sk">
<arg>ENTER</arg>
<doc>Press special key
 Presses a special keyboard key.</doc>
<msg timestamp="20211202 09:10:35.806" level="INFO">Params: [ENTER]
[log]  TYPE "#ENTER."</msg>
<status status="PASS" starttime="20211202 09:10:35.730" endtime="20211202 09:10:35.807"/>
</kw>
<kw name="Click" library="sk">
<arg>\\Choix Defi - CT3\\fichierDBSuppr.png=0.80</arg>
<doc>Click</doc>
<msg timestamp="20211202 09:10:37.479" level="INFO">Params: [\Choix Defi - CT3\fichierDBSuppr.png=0.80]</msg>
<msg timestamp="20211202 09:10:37.479" level="INFO" html="true">&lt;img src='sikuli_captured/sikuliximage-1638432636728.png'/&gt;
[log] CLICK on L[1028,418]@S(0) (540 msec)</msg>
<status status="PASS" starttime="20211202 09:10:35.807" endtime="20211202 09:10:37.479"/>
</kw>
<kw name="Press Special Key" library="sk">
<arg>DELETE</arg>
<doc>Press special key
 Presses a special keyboard key.</doc>
<msg timestamp="20211202 09:10:37.541" level="INFO">Params: [DELETE]
[log]  TYPE "#DEL."</msg>
<status status="PASS" starttime="20211202 09:10:37.479" endtime="20211202 09:10:37.541"/>
</kw>
<kw name="Input Text" library="sk">
<arg>\\Choix Defi - CT3\\cheminDaccesVide.png=0.60</arg>
<arg>C:\\Users\\Nico\\Desktop\\projet\\LES TROIS PETITS COCHONS</arg>
<doc>Input text
 Image could be empty</doc>
<msg timestamp="20211202 09:10:42.978" level="INFO">Params: [\Choix Defi - CT3\cheminDaccesVide.png=0.60, C:\Users\Nico\Desktop\projet\LES TROIS PETITS COCHONS]
Input Text:
C:\Users\Nico\Desktop\projet\LES TROIS PETITS COCHONS</msg>
<msg timestamp="20211202 09:10:42.978" level="INFO" html="true">&lt;img src='sikuli_captured/sikuliximage-1638432637805.png'/&gt;
[log] CLICK on L[1398,367]@S(0) (544 msec)
[log]  TYPE "C:\Users\Nico\Desktop\projet\LES TROIS PETITS COCHONS"</msg>
<status status="PASS" starttime="20211202 09:10:37.541" endtime="20211202 09:10:42.978"/>
</kw>
<kw name="Press Special Key" library="sk">
<arg>ENTER</arg>
<doc>Press special key
 Presses a special keyboard key.</doc>
<msg timestamp="20211202 09:10:43.055" level="INFO">Params: [ENTER]
[log]  TYPE "#ENTER."</msg>
<status status="PASS" starttime="20211202 09:10:42.979" endtime="20211202 09:10:43.056"/>
</kw>
<kw name="Mouse Move" library="sk">
<arg>\\Choix Defi - CT3\\jouerPointBAT.png=0.70</arg>
<doc>Mouse moveMove the mouse pointer to the target</doc>
<msg timestamp="20211202 09:10:44.126" level="INFO">Params: [\Choix Defi - CT3\jouerPointBAT.png=0.70]</msg>
<msg timestamp="20211202 09:10:44.126" level="INFO" html="true">&lt;img src='sikuli_captured/sikuliximage-1638432643616.png'/&gt;</msg>
<status status="PASS" starttime="20211202 09:10:43.056" endtime="20211202 09:10:44.127"/>
</kw>
<kw name="Double Click" library="IHL">
<arg>left</arg>
<arg>0.1</arg>
<doc>Double clicks with the specified mouse button.</doc>
<status status="PASS" starttime="20211202 09:10:44.127" endtime="20211202 09:10:44.479"/>
</kw>
<kw name="Sleep" library="BuiltIn">
<arg>6</arg>
<doc>Pauses the test executed for the given time.</doc>
<msg timestamp="20211202 09:10:50.484" level="INFO">Slept 6 seconds</msg>
<status status="PASS" starttime="20211202 09:10:44.479" endtime="20211202 09:10:50.484"/>
</kw>
<kw name="Click" library="sk">
<arg>creerUnProfil.png</arg>
<doc>Click</doc>
<msg timestamp="20211202 09:10:51.558" level="INFO">Params: [creerUnProfil.png]</msg>
<msg timestamp="20211202 09:10:51.558" level="INFO" html="true">&lt;img src='sikuli_captured/sikuliximage-1638432650761.png'/&gt;
[log] CLICK on L[511,432]@S(0) (547 msec)</msg>
<status status="PASS" starttime="20211202 09:10:50.485" endtime="20211202 09:10:51.558"/>
</kw>
<kw name="Input Text" library="sk">
<arg>cadrePsedo.png</arg>
<arg>Psedo0</arg>
<doc>Input text
 Image could be empty</doc>
<msg timestamp="20211202 09:10:53.350" level="INFO">Params: [cadrePsedo.png, Psedo0]
Input Text:
Psedo0</msg>
<msg timestamp="20211202 09:10:53.350" level="INFO" html="true">&lt;img src='sikuli_captured/sikuliximage-1638432652132.png'/&gt;
[log] CLICK on L[1015,363]@S(0) (539 msec)
[log]  TYPE "Psedo0"</msg>
<status status="PASS" starttime="20211202 09:10:51.558" endtime="20211202 09:10:53.350"/>
</kw>
<kw name="Click" library="sk">
<arg>choixCouleur.png</arg>
<doc>Click</doc>
<msg timestamp="20211202 09:10:54.510" level="INFO">Params: [choixCouleur.png]</msg>
<msg timestamp="20211202 09:10:54.511" level="INFO" html="true">&lt;img src='sikuli_captured/sikuliximage-1638432653675.png'/&gt;
[log] CLICK on L[919,456]@S(0) (532 msec)</msg>
<status status="PASS" starttime="20211202 09:10:53.351" endtime="20211202 09:10:54.511"/>
</kw>
<kw name="Click" library="sk">
<arg>eregistrePsedo.png</arg>
<doc>Click</doc>
<msg timestamp="20211202 09:10:55.464" level="INFO">Params: [eregistrePsedo.png]</msg>
<msg timestamp="20211202 09:10:55.464" level="INFO" html="true">&lt;img src='sikuli_captured/sikuliximage-1638432654729.png'/&gt;
[log] CLICK on L[963,659]@S(0) (534 msec)</msg>
<status status="PASS" starttime="20211202 09:10:54.511" endtime="20211202 09:10:55.465"/>
</kw>
<kw name="Click" library="sk">
<arg>boutonJouer.png</arg>
<doc>Click</doc>
<msg timestamp="20211202 09:10:57.508" level="INFO">Params: [boutonJouer.png]</msg>
<msg timestamp="20211202 09:10:57.508" level="INFO" html="true">&lt;img src='sikuli_captured/sikuliximage-1638432656724.png'/&gt;
[log] CLICK on L[708,443]@S(0) (546 msec)</msg>
<status status="PASS" starttime="20211202 09:10:55.465" endtime="20211202 09:10:57.508"/>
</kw>
<kw name="Click" library="sk">
<arg>Progression.png</arg>
<doc>Click</doc>
<msg timestamp="20211202 09:10:58.902" level="INFO">Params: [Progression.png]</msg>
<msg timestamp="20211202 09:10:58.903" level="INFO" html="true">&lt;img src='sikuli_captured/sikuliximage-1638432658087.png'/&gt;
[log] CLICK on L[961,531]@S(0) (553 msec)</msg>
<status status="PASS" starttime="20211202 09:10:57.508" endtime="20211202 09:10:58.903"/>
</kw>
<kw name="Wait Until Screen Contain" library="sk">
<arg>\\Choix Defi - CT3\\ecranJeuInital.png=0.70</arg>
<arg>2</arg>
<doc>Wait until screen contain
 Wait until image shown in screen</doc>
<msg timestamp="20211202 09:10:59.959" level="INFO">Params: [\Choix Defi - CT3\ecranJeuInital.png=0.70, 2]</msg>
<msg timestamp="20211202 09:10:59.959" level="INFO" html="true">&lt;img src='sikuli_captured/sikuliximage-1638432659865.png'/&gt;</msg>
<status status="PASS" starttime="20211202 09:10:58.903" endtime="20211202 09:10:59.960"/>
</kw>
<status status="PASS" starttime="20211202 09:10:22.956" endtime="20211202 09:10:59.960"/>
</kw>
<kw name="Stop Remote Server" library="sk" type="TEARDOWN">
<doc>Stops the remote server.</doc>
<msg timestamp="20211202 09:10:59.963" level="INFO">Robot Framework remote server stopping</msg>
<status status="PASS" starttime="20211202 09:10:59.960" endtime="20211202 09:10:59.963"/>
</kw>
<status status="PASS" starttime="20211202 09:10:22.942" endtime="20211202 09:10:59.964"/>
</test>
<kw name="Stop Remote Server" library="sk" type="TEARDOWN">
<doc>Stops the remote server.</doc>
<msg timestamp="20211202 09:10:59.967" level="INFO">Robot Framework remote server stopping</msg>
<status status="PASS" starttime="20211202 09:10:59.965" endtime="20211202 09:10:59.967"/>
</kw>
<doc>Sikuli Library Demo</doc>
<status status="PASS" starttime="20211202 09:10:19.700" endtime="20211202 09:10:59.967"/>
</suite>
<statistics>
<total>
<stat pass="1" fail="0" skip="0">All Tests</stat>
</total>
<tag>
</tag>
<suite>
<stat pass="1" fail="0" skip="0" id="s1" name="ChoixDefi-CT3.1">ChoixDefi-CT3.1</stat>
</suite>
</statistics>
<errors>
</errors>
</robot>
