<?xml version="1.0" encoding="UTF-8"?>
<robot generator="Robot 4.1.2 (Python 3.8.10 on win32)" generated="20211130 15:00:02.091" rpa="false" schemaversion="2">
<suite id="s1" name="ChoixDefi-CT3.1" source="C:\Users\Nico\Desktop\projet\3_Petits_Cochons_2021_2022\EcranChoixDefi\ChoixDefi-CT3.1.robot">
<kw name="ViderLogs" type="SETUP">
<kw name="Run" library="OperatingSystem">
<arg>.\\clear_logs.bat</arg>
<doc>Runs the given command in the system and returns the output.</doc>
<msg timestamp="20211130 15:00:09.978" level="INFO">Running command '.\clear_logs.bat 2&gt;&amp;1'.</msg>
<status status="PASS" starttime="20211130 15:00:09.966" endtime="20211130 15:00:10.046"/>
</kw>
<status status="PASS" starttime="20211130 15:00:09.965" endtime="20211130 15:00:10.046"/>
</kw>
<test id="s1-t1" name="ChoixDefi-CT3.1">
<kw name="Add Needed Image Path" type="SETUP">
<kw name="Add Image Path" library="sk">
<arg>${IMAGE_DIR}</arg>
<doc>Add image path</doc>
<msg timestamp="20211130 15:00:10.098" level="INFO">Params: [C:\Users\Nico\Desktop\projet\3_Petits_Cochons_2021_2022\EcranChoixDefi\imgProjet\]</msg>
<status status="PASS" starttime="20211130 15:00:10.049" endtime="20211130 15:00:10.099"/>
</kw>
<status status="PASS" starttime="20211130 15:00:10.048" endtime="20211130 15:00:10.100"/>
</kw>
<kw name="initalisationSurDiurne">
<kw name="Click" library="sk">
<arg>jeu.png</arg>
<doc>Click</doc>
<msg timestamp="20211130 15:00:12.246" level="INFO">Params: [jeu.png]</msg>
<msg timestamp="20211130 15:00:12.246" level="INFO" html="true">&lt;img src='sikuli_captured/sikuliximage-1638280811203.png'/&gt;
[log] CLICK on L[314,1064]@S(0) (550 msec)</msg>
<status status="PASS" starttime="20211130 15:00:10.102" endtime="20211130 15:00:12.247"/>
</kw>
<kw name="Sleep" library="BuiltIn">
<arg>2</arg>
<doc>Pauses the test executed for the given time.</doc>
<msg timestamp="20211130 15:00:14.262" level="INFO">Slept 2 seconds</msg>
<status status="PASS" starttime="20211130 15:00:12.247" endtime="20211130 15:00:14.262"/>
</kw>
<kw name="Wait Until Screen Contain" library="sk">
<arg>\\Choix Defi - CT2\\ecranJeuInital.png=0.70</arg>
<arg>2</arg>
<doc>Wait until screen contain
 Wait until image shown in screen</doc>
<msg timestamp="20211130 15:00:15.385" level="INFO">Params: [\Choix Defi - CT2\ecranJeuInital.png=0.70, 2]</msg>
<msg timestamp="20211130 15:00:15.385" level="INFO" html="true">&lt;img src='sikuli_captured/sikuliximage-1638280814984.png'/&gt;</msg>
<status status="PASS" starttime="20211130 15:00:14.262" endtime="20211130 15:00:15.386"/>
</kw>
<status status="PASS" starttime="20211130 15:00:10.100" endtime="20211130 15:00:15.386"/>
</kw>
<kw name="Stop Remote Server" library="sk" type="TEARDOWN">
<doc>Stops the remote server.</doc>
<msg timestamp="20211130 15:00:15.397" level="INFO">Robot Framework remote server stopping</msg>
<status status="PASS" starttime="20211130 15:00:15.388" endtime="20211130 15:00:15.397"/>
</kw>
<status status="PASS" starttime="20211130 15:00:10.046" endtime="20211130 15:00:15.398"/>
</test>
<kw name="Stop Remote Server" library="sk" type="TEARDOWN">
<doc>Stops the remote server.</doc>
<msg timestamp="20211130 15:00:15.410" level="INFO">Robot Framework remote server stopping</msg>
<status status="PASS" starttime="20211130 15:00:15.402" endtime="20211130 15:00:15.410"/>
</kw>
<doc>Sikuli Library Demo</doc>
<status status="PASS" starttime="20211130 15:00:02.095" endtime="20211130 15:00:15.410"/>
</suite>
<statistics>
<total>
<stat pass="1" fail="0" skip="0">All Tests</stat>
</total>
<tag>
</tag>
<suite>
<stat pass="1" fail="0" skip="0" id="s1" name="ChoixDefi-CT3.1">ChoixDefi-CT3.1</stat>
</suite>
</statistics>
<errors>
</errors>
</robot>
