<?xml version="1.0" encoding="UTF-8"?>
<robot generator="Robot 4.1.2 (Python 3.8.10 on win32)" generated="20211125 14:12:06.599" rpa="false" schemaversion="2">
<suite id="s1" name="ChoixDefi-CT1.7" source="E:\projet\testsRobotFramework\ChoixDefi-CT1.7.robot">
<test id="s1-t1" name="ChoixDefi-CT1.7">
<kw name="Add Needed Image Path" type="SETUP">
<kw name="Add Image Path" library="sk">
<arg>${IMAGE_DIR}</arg>
<doc>Add image path</doc>
<msg timestamp="20211125 14:12:10.656" level="INFO">Params: [E:\projet\testsRobotFramework\imgProjet\ChoixDefi-CT1]</msg>
<status status="PASS" starttime="20211125 14:12:10.634" endtime="20211125 14:12:10.657"/>
</kw>
<status status="PASS" starttime="20211125 14:12:10.634" endtime="20211125 14:12:10.657"/>
</kw>
<kw name="recuperationXP1">
<kw name="Click" library="sk">
<arg>jeu.png</arg>
<doc>Click</doc>
<msg timestamp="20211125 14:12:12.078" level="INFO">Params: [jeu.png]</msg>
<msg timestamp="20211125 14:12:12.078" level="INFO" html="true">&lt;img src='sikuli_captured/sikuliximage-1637845931269.png'/&gt;
[log] CLICK on L[351,1064]@S(0) (544 msec)</msg>
<status status="PASS" starttime="20211125 14:12:10.658" endtime="20211125 14:12:12.079"/>
</kw>
<kw name="Sleep" library="BuiltIn">
<arg>2</arg>
<doc>Pauses the test executed for the given time.</doc>
<msg timestamp="20211125 14:12:14.080" level="INFO">Slept 2 seconds</msg>
<status status="PASS" starttime="20211125 14:12:12.079" endtime="20211125 14:12:14.080"/>
</kw>
<kw name="Get Text" library="sk">
<var>${XP1}</var>
<arg>XP0.png</arg>
<doc>Get text</doc>
<msg timestamp="20211125 14:12:14.718" level="INFO">Params: [XP0.png]</msg>
<msg timestamp="20211125 14:12:14.718" level="INFO" html="true">&lt;img src='sikuli_captured/sikuliximage-1637845934345.png'/&gt;</msg>
<msg timestamp="20211125 14:12:14.718" level="INFO">${XP1} = 0/50 EXP.</msg>
<status status="PASS" starttime="20211125 14:12:14.081" endtime="20211125 14:12:14.718"/>
</kw>
<status status="PASS" starttime="20211125 14:12:10.657" endtime="20211125 14:12:14.718"/>
</kw>
<kw name="jeu">
<kw name="Click" library="sk">
<arg>boutonDefi1.png</arg>
<doc>Click</doc>
<msg timestamp="20211125 14:12:15.810" level="INFO">Params: [boutonDefi1.png]</msg>
<msg timestamp="20211125 14:12:15.810" level="INFO" html="true">&lt;img src='sikuli_captured/sikuliximage-1637845934994.png'/&gt;
[log] CLICK on L[610,449]@S(0) (547 msec)</msg>
<status status="PASS" starttime="20211125 14:12:14.719" endtime="20211125 14:12:15.810"/>
</kw>
<kw name="Click" library="sk">
<arg>piece1.png</arg>
<doc>Click</doc>
<msg timestamp="20211125 14:12:18.262" level="INFO">Params: [piece1.png]</msg>
<msg timestamp="20211125 14:12:18.262" level="INFO" html="true">&lt;img src='sikuli_captured/sikuliximage-1637845937430.png'/&gt;
[log] CLICK on L[1341,322]@S(0) (543 msec)</msg>
<status status="PASS" starttime="20211125 14:12:15.811" endtime="20211125 14:12:18.262"/>
</kw>
<kw name="Wheel Up" library="sk">
<arg>3</arg>
<doc>Wheel up
 Move mouse to the target, and wheel up with give steps</doc>
<msg timestamp="20211125 14:12:18.452" level="INFO">Params: [3]</msg>
<status status="PASS" starttime="20211125 14:12:18.262" endtime="20211125 14:12:18.452"/>
</kw>
<kw name="Click" library="sk">
<arg>enplacement1.png</arg>
<doc>Click</doc>
<msg timestamp="20211125 14:12:19.682" level="INFO">Params: [enplacement1.png]</msg>
<msg timestamp="20211125 14:12:19.682" level="INFO" html="true">&lt;img src='sikuli_captured/sikuliximage-1637845938773.png'/&gt;
[log] CLICK on L[555,345]@S(0) (553 msec)</msg>
<status status="PASS" starttime="20211125 14:12:18.452" endtime="20211125 14:12:19.682"/>
</kw>
<kw name="Click" library="sk">
<arg>piece2.png</arg>
<doc>Click</doc>
<msg timestamp="20211125 14:12:20.885" level="INFO">Params: [piece2.png]</msg>
<msg timestamp="20211125 14:12:20.885" level="INFO" html="true">&lt;img src='sikuli_captured/sikuliximage-1637845940008.png'/&gt;
[log] CLICK on L[1458,566]@S(0) (532 msec)</msg>
<status status="PASS" starttime="20211125 14:12:19.682" endtime="20211125 14:12:20.885"/>
</kw>
<kw name="Click" library="sk">
<arg>enplacement2.png</arg>
<doc>Click</doc>
<msg timestamp="20211125 14:12:22.076" level="INFO">Params: [enplacement2.png]</msg>
<msg timestamp="20211125 14:12:22.076" level="INFO" html="true">&lt;img src='sikuli_captured/sikuliximage-1637845941244.png'/&gt;
[log] CLICK on L[828,473]@S(0) (545 msec)</msg>
<status status="PASS" starttime="20211125 14:12:20.885" endtime="20211125 14:12:22.076"/>
</kw>
<kw name="Click" library="sk">
<arg>piece3.png</arg>
<doc>Click</doc>
<msg timestamp="20211125 14:12:23.152" level="INFO">Params: [piece3.png]</msg>
<msg timestamp="20211125 14:12:23.152" level="INFO" html="true">&lt;img src='sikuli_captured/sikuliximage-1637845942336.png'/&gt;
[log] CLICK on L[1345,794]@S(0) (539 msec)</msg>
<status status="PASS" starttime="20211125 14:12:22.076" endtime="20211125 14:12:23.152"/>
</kw>
<kw name="Wheel Up" library="sk">
<arg>2</arg>
<doc>Wheel up
 Move mouse to the target, and wheel up with give steps</doc>
<msg timestamp="20211125 14:12:23.277" level="INFO">Params: [2]</msg>
<status status="PASS" starttime="20211125 14:12:23.152" endtime="20211125 14:12:23.277"/>
</kw>
<kw name="Click" library="sk">
<arg>enplacement3.png</arg>
<doc>Click</doc>
<msg timestamp="20211125 14:12:24.433" level="INFO">Params: [enplacement3.png]</msg>
<msg timestamp="20211125 14:12:24.433" level="INFO" html="true">&lt;img src='sikuli_captured/sikuliximage-1637845943572.png'/&gt;
[log] CLICK on L[432,470]@S(0) (538 msec)</msg>
<status status="PASS" starttime="20211125 14:12:23.278" endtime="20211125 14:12:24.433"/>
</kw>
<status status="PASS" starttime="20211125 14:12:14.719" endtime="20211125 14:12:24.434"/>
</kw>
<kw name="recuperationXP2">
<kw name="Sleep" library="BuiltIn">
<arg>3</arg>
<doc>Pauses the test executed for the given time.</doc>
<msg timestamp="20211125 14:12:27.443" level="INFO">Slept 3 seconds</msg>
<status status="PASS" starttime="20211125 14:12:24.435" endtime="20211125 14:12:27.443"/>
</kw>
<kw name="Get Text" library="sk">
<var>${XP2}</var>
<arg>XP1.png</arg>
<doc>Get text</doc>
<msg timestamp="20211125 14:12:27.951" level="INFO">Params: [XP1.png]</msg>
<msg timestamp="20211125 14:12:27.951" level="INFO" html="true">&lt;img src='sikuli_captured/sikuliximage-1637845947724.png'/&gt;</msg>
<msg timestamp="20211125 14:12:27.952" level="INFO">${XP2} = 20/100 EXP.</msg>
<status status="PASS" starttime="20211125 14:12:27.443" endtime="20211125 14:12:27.952"/>
</kw>
<if>
<branch type="IF" condition="&quot;${XP2}&quot; &gt; &quot;${XP1}&quot;">
<kw name="Log" library="BuiltIn">
<arg>l'XP s'incrémente bien</arg>
<doc>Logs the given message with the given level.</doc>
<msg timestamp="20211125 14:12:27.952" level="INFO">l'XP s'incrémente bien</msg>
<status status="PASS" starttime="20211125 14:12:27.952" endtime="20211125 14:12:27.953"/>
</kw>
<status status="PASS" starttime="20211125 14:12:27.952" endtime="20211125 14:12:27.953"/>
</branch>
<status status="PASS" starttime="20211125 14:12:27.952" endtime="20211125 14:12:27.953"/>
</if>
<status status="PASS" starttime="20211125 14:12:24.434" endtime="20211125 14:12:27.953"/>
</kw>
<kw name="Stop Remote Server" library="sk" type="TEARDOWN">
<doc>Stops the remote server.</doc>
<msg timestamp="20211125 14:12:27.956" level="INFO">Robot Framework remote server stopping</msg>
<status status="PASS" starttime="20211125 14:12:27.953" endtime="20211125 14:12:27.956"/>
</kw>
<status status="PASS" starttime="20211125 14:12:10.634" endtime="20211125 14:12:27.957"/>
</test>
<doc>Sikuli Library Demo</doc>
<status status="PASS" starttime="20211125 14:12:06.602" endtime="20211125 14:12:27.958"/>
</suite>
<statistics>
<total>
<stat pass="1" fail="0" skip="0">All Tests</stat>
</total>
<tag>
</tag>
<suite>
<stat pass="1" fail="0" skip="0" id="s1" name="ChoixDefi-CT1.7">ChoixDefi-CT1.7</stat>
</suite>
</statistics>
<errors>
</errors>
</robot>
