<?xml version="1.0" encoding="UTF-8"?>
<robot generator="Robot 4.1.2 (Python 3.10.0 on win32)" generated="20211130 16:47:13.144" rpa="false" schemaversion="2">
<suite id="s1" name="Profil-CT1" source="D:\Ersnt gemeint\LP_TQL_2021-2022\Projet3PetitCochon2021-2022\Les 3 petits Cochons\gITHUB\3_Petits_Cochons_2021_2022\3_Petits_Cochons_2021_2022\EcranCreationProfil\Profil-CT1.robot">
<kw name="ViderLogs" type="SETUP">
<kw name="Run" library="OperatingSystem">
<arg>.\\clear_logs.bat</arg>
<doc>Runs the given command in the system and returns the output.</doc>
<msg timestamp="20211130 16:47:16.354" level="INFO">Running command '.\clear_logs.bat 2&gt;&amp;1'.</msg>
<status status="PASS" starttime="20211130 16:47:16.351" endtime="20211130 16:47:16.366"/>
</kw>
<status status="PASS" starttime="20211130 16:47:16.351" endtime="20211130 16:47:16.366"/>
</kw>
<test id="s1-t1" name="Profil-CT1">
<kw name="Add Needed Image Path" type="SETUP">
<kw name="Add Image Path" library="sk">
<arg>${IMAGE_DIR}</arg>
<doc>Add image path</doc>
<status status="PASS" starttime="20211130 16:47:16.367" endtime="20211130 16:47:16.386"/>
</kw>
<status status="PASS" starttime="20211130 16:47:16.367" endtime="20211130 16:47:16.386"/>
</kw>
<kw name="ouvrirMenu">
<kw name="Click" library="sk">
<arg>creerUnProfil.PNG</arg>
<doc>Click</doc>
<msg timestamp="20211130 16:47:17.931" level="INFO" html="true">&lt;img src='sikuli_captured/sikuliximage-1638287237011.png'/&gt;
[log] CLICK on L[566,444]@S(0) (543 msec)</msg>
<status status="PASS" starttime="20211130 16:47:16.387" endtime="20211130 16:47:17.931"/>
</kw>
<status status="PASS" starttime="20211130 16:47:16.387" endtime="20211130 16:47:17.931"/>
</kw>
<kw name="ecrirePseudo">
<kw name="Input Text" library="sk">
<arg>cadrePsedo.PNG</arg>
<arg>test0</arg>
<doc>Input text.
 Image could be empty</doc>
<msg timestamp="20211130 16:47:19.470" level="INFO">Input Text:
test0</msg>
<msg timestamp="20211130 16:47:19.470" level="INFO" html="true">&lt;img src='sikuli_captured/sikuliximage-1638287238266.png'/&gt;
[log] CLICK on L[1070,375]@S(0) (529 msec)
[log]  TYPE "test0"</msg>
<status status="PASS" starttime="20211130 16:47:17.933" endtime="20211130 16:47:19.471"/>
</kw>
<status status="PASS" starttime="20211130 16:47:17.932" endtime="20211130 16:47:19.471"/>
</kw>
<kw name="annuler">
<kw name="Click" library="sk">
<arg>annuler.PNG</arg>
<doc>Click</doc>
<msg timestamp="20211130 16:47:20.541" level="INFO" html="true">&lt;img src='sikuli_captured/sikuliximage-1638287239739.png'/&gt;
[log] CLICK on L[1265,262]@S(0) (543 msec)</msg>
<status status="PASS" starttime="20211130 16:47:19.473" endtime="20211130 16:47:20.541"/>
</kw>
<status status="PASS" starttime="20211130 16:47:19.472" endtime="20211130 16:47:20.542"/>
</kw>
<status status="PASS" starttime="20211130 16:47:16.366" endtime="20211130 16:47:20.543"/>
</test>
<test id="s1-t2" name="Profil-CT2">
<kw name="Add Needed Image Path" type="SETUP">
<kw name="Add Image Path" library="sk">
<arg>${IMAGE_DIR}</arg>
<doc>Add image path</doc>
<status status="PASS" starttime="20211130 16:47:20.547" endtime="20211130 16:47:20.556"/>
</kw>
<status status="PASS" starttime="20211130 16:47:20.546" endtime="20211130 16:47:20.556"/>
</kw>
<kw name="ouvrirMenu">
<kw name="Click" library="sk">
<arg>creerUnProfil.PNG</arg>
<doc>Click</doc>
<msg timestamp="20211130 16:47:21.728" level="INFO" html="true">&lt;img src='sikuli_captured/sikuliximage-1638287240864.png'/&gt;
[log] CLICK on L[566,444]@S(0) (552 msec)</msg>
<status status="PASS" starttime="20211130 16:47:20.558" endtime="20211130 16:47:21.728"/>
</kw>
<status status="PASS" starttime="20211130 16:47:20.557" endtime="20211130 16:47:21.728"/>
</kw>
<kw name="ecrirePseudoVide">
<kw name="Input Text" library="sk">
<arg>cadrePsedo.PNG</arg>
<doc>Input text.
 Image could be empty</doc>
<msg timestamp="20211130 16:47:21.731" level="FAIL">Keyword 'SikuliLibrary.Input Text' expected 2 arguments, got 1.</msg>
<status status="FAIL" starttime="20211130 16:47:21.731" endtime="20211130 16:47:21.731"/>
</kw>
<status status="FAIL" starttime="20211130 16:47:21.730" endtime="20211130 16:47:21.732"/>
</kw>
<kw name="confirmer">
<status status="NOT RUN" starttime="20211130 16:47:21.732" endtime="20211130 16:47:21.732"/>
</kw>
<kw name="annuler">
<status status="NOT RUN" starttime="20211130 16:47:21.733" endtime="20211130 16:47:21.733"/>
</kw>
<status status="FAIL" starttime="20211130 16:47:20.545" endtime="20211130 16:47:21.734">Keyword 'SikuliLibrary.Input Text' expected 2 arguments, got 1.</status>
</test>
<test id="s1-t3" name="Profil-CT3">
<kw name="Add Needed Image Path" type="SETUP">
<kw name="Add Image Path" library="sk">
<arg>${IMAGE_DIR}</arg>
<doc>Add image path</doc>
<status status="PASS" starttime="20211130 16:47:21.738" endtime="20211130 16:47:21.747"/>
</kw>
<status status="PASS" starttime="20211130 16:47:21.737" endtime="20211130 16:47:21.747"/>
</kw>
<kw name="ouvrirMenu">
<kw name="Click" library="sk">
<arg>creerUnProfil.PNG</arg>
<doc>Click</doc>
<msg timestamp="20211130 16:47:25.099" level="INFO" html="true">&lt;img src='sikuli_captured/sikuliximage-1638287244870.png'/&gt;</msg>
<msg timestamp="20211130 16:47:25.101" level="FAIL">com.github.rainmanwy.robotframework.sikulilib.exceptions.TimeoutException: Timeout happend, could not find P(creerUnProfil.PNG) S: 0.7</msg>
<status status="FAIL" starttime="20211130 16:47:21.748" endtime="20211130 16:47:25.101"/>
</kw>
<status status="FAIL" starttime="20211130 16:47:21.748" endtime="20211130 16:47:25.103"/>
</kw>
<kw name="ecrirePseudoVideEspaces">
<status status="NOT RUN" starttime="20211130 16:47:25.104" endtime="20211130 16:47:25.104"/>
</kw>
<kw name="confirmer">
<status status="NOT RUN" starttime="20211130 16:47:25.104" endtime="20211130 16:47:25.104"/>
</kw>
<kw name="annuler">
<status status="NOT RUN" starttime="20211130 16:47:25.105" endtime="20211130 16:47:25.105"/>
</kw>
<status status="FAIL" starttime="20211130 16:47:21.736" endtime="20211130 16:47:25.105">com.github.rainmanwy.robotframework.sikulilib.exceptions.TimeoutException: Timeout happend, could not find P(creerUnProfil.PNG) S: 0.7</status>
</test>
<test id="s1-t4" name="Profil-CT4">
<kw name="Add Needed Image Path" type="SETUP">
<kw name="Add Image Path" library="sk">
<arg>${IMAGE_DIR}</arg>
<doc>Add image path</doc>
<status status="PASS" starttime="20211130 16:47:25.109" endtime="20211130 16:47:25.115"/>
</kw>
<status status="PASS" starttime="20211130 16:47:25.108" endtime="20211130 16:47:25.115"/>
</kw>
<kw name="ouvrirMenu">
<kw name="Click" library="sk">
<arg>creerUnProfil.PNG</arg>
<doc>Click</doc>
<msg timestamp="20211130 16:47:28.453" level="INFO" html="true">&lt;img src='sikuli_captured/sikuliximage-1638287248201.png'/&gt;</msg>
<msg timestamp="20211130 16:47:28.454" level="FAIL">com.github.rainmanwy.robotframework.sikulilib.exceptions.TimeoutException: Timeout happend, could not find P(creerUnProfil.PNG) S: 0.7</msg>
<status status="FAIL" starttime="20211130 16:47:25.116" endtime="20211130 16:47:28.454"/>
</kw>
<status status="FAIL" starttime="20211130 16:47:25.116" endtime="20211130 16:47:28.455"/>
</kw>
<kw name="ecrirePseudoLong">
<status status="NOT RUN" starttime="20211130 16:47:28.455" endtime="20211130 16:47:28.455"/>
</kw>
<kw name="confirmer">
<status status="NOT RUN" starttime="20211130 16:47:28.456" endtime="20211130 16:47:28.456"/>
</kw>
<status status="FAIL" starttime="20211130 16:47:25.107" endtime="20211130 16:47:28.457">com.github.rainmanwy.robotframework.sikulilib.exceptions.TimeoutException: Timeout happend, could not find P(creerUnProfil.PNG) S: 0.7</status>
</test>
<test id="s1-t5" name="Profil-CT5">
<kw name="Add Needed Image Path" type="SETUP">
<kw name="Add Image Path" library="sk">
<arg>${IMAGE_DIR}</arg>
<doc>Add image path</doc>
<status status="PASS" starttime="20211130 16:47:28.460" endtime="20211130 16:47:28.467"/>
</kw>
<status status="PASS" starttime="20211130 16:47:28.460" endtime="20211130 16:47:28.467"/>
</kw>
<kw name="ouvrirMenu">
<kw name="Click" library="sk">
<arg>creerUnProfil.PNG</arg>
<doc>Click</doc>
<msg timestamp="20211130 16:47:31.776" level="INFO" html="true">&lt;img src='sikuli_captured/sikuliximage-1638287251570.png'/&gt;</msg>
<msg timestamp="20211130 16:47:31.776" level="FAIL">com.github.rainmanwy.robotframework.sikulilib.exceptions.TimeoutException: Timeout happend, could not find P(creerUnProfil.PNG) S: 0.7</msg>
<status status="FAIL" starttime="20211130 16:47:28.469" endtime="20211130 16:47:31.776"/>
</kw>
<status status="FAIL" starttime="20211130 16:47:28.468" endtime="20211130 16:47:31.777"/>
</kw>
<kw name="choixCouleur">
<status status="NOT RUN" starttime="20211130 16:47:31.777" endtime="20211130 16:47:31.777"/>
</kw>
<kw name="annuler">
<status status="NOT RUN" starttime="20211130 16:47:31.777" endtime="20211130 16:47:31.777"/>
</kw>
<status status="FAIL" starttime="20211130 16:47:28.459" endtime="20211130 16:47:31.778">com.github.rainmanwy.robotframework.sikulilib.exceptions.TimeoutException: Timeout happend, could not find P(creerUnProfil.PNG) S: 0.7</status>
</test>
<test id="s1-t6" name="Profil-CT6">
<kw name="Add Needed Image Path" type="SETUP">
<kw name="Add Image Path" library="sk">
<arg>${IMAGE_DIR}</arg>
<doc>Add image path</doc>
<status status="PASS" starttime="20211130 16:47:31.780" endtime="20211130 16:47:31.785"/>
</kw>
<status status="PASS" starttime="20211130 16:47:31.780" endtime="20211130 16:47:31.785"/>
</kw>
<kw name="ouvrirMenu">
<kw name="Click" library="sk">
<arg>creerUnProfil.PNG</arg>
<doc>Click</doc>
<msg timestamp="20211130 16:47:35.086" level="INFO" html="true">&lt;img src='sikuli_captured/sikuliximage-1638287254870.png'/&gt;</msg>
<msg timestamp="20211130 16:47:35.087" level="FAIL">com.github.rainmanwy.robotframework.sikulilib.exceptions.TimeoutException: Timeout happend, could not find P(creerUnProfil.PNG) S: 0.7</msg>
<status status="FAIL" starttime="20211130 16:47:31.786" endtime="20211130 16:47:35.087"/>
</kw>
<status status="FAIL" starttime="20211130 16:47:31.785" endtime="20211130 16:47:35.087"/>
</kw>
<kw name="ecrirePseudo">
<status status="NOT RUN" starttime="20211130 16:47:35.088" endtime="20211130 16:47:35.088"/>
</kw>
<kw name="confirmer">
<status status="NOT RUN" starttime="20211130 16:47:35.088" endtime="20211130 16:47:35.088"/>
</kw>
<kw name="ecrirePseudo">
<status status="NOT RUN" starttime="20211130 16:47:35.088" endtime="20211130 16:47:35.088"/>
</kw>
<kw name="confirmer">
<status status="NOT RUN" starttime="20211130 16:47:35.089" endtime="20211130 16:47:35.089"/>
</kw>
<kw name="arretServeur">
<status status="NOT RUN" starttime="20211130 16:47:35.089" endtime="20211130 16:47:35.089"/>
</kw>
<status status="FAIL" starttime="20211130 16:47:31.779" endtime="20211130 16:47:35.089">com.github.rainmanwy.robotframework.sikulilib.exceptions.TimeoutException: Timeout happend, could not find P(creerUnProfil.PNG) S: 0.7</status>
</test>
<kw name="Stop Remote Server" library="sk" type="TEARDOWN">
<doc>Stops the remote server.</doc>
<msg timestamp="20211130 16:47:35.095" level="INFO">Robot Framework remote server stopping</msg>
<status status="PASS" starttime="20211130 16:47:35.091" endtime="20211130 16:47:35.095"/>
</kw>
<doc>Sikuli Library Demo</doc>
<status status="FAIL" starttime="20211130 16:47:13.147" endtime="20211130 16:47:35.096"/>
</suite>
<statistics>
<total>
<stat pass="1" fail="5" skip="0">All Tests</stat>
</total>
<tag>
</tag>
<suite>
<stat pass="1" fail="5" skip="0" id="s1" name="Profil-CT1">Profil-CT1</stat>
</suite>
</statistics>
<errors>
<msg timestamp="20211130 16:47:13.147" level="ERROR">Error in file 'D:\Ersnt gemeint\LP_TQL_2021-2022\Projet3PetitCochon2021-2022\Les 3 petits Cochons\gITHUB\3_Petits_Cochons_2021_2022\3_Petits_Cochons_2021_2022\EcranCreationProfil\Profil-CT1.robot' on line 17: Setting variable '${colonne} ${4}' failed: Invalid variable name '${colonne} ${4}'.</msg>
<msg timestamp="20211130 16:47:16.336" level="ERROR">Error in file 'D:\Ersnt gemeint\LP_TQL_2021-2022\Projet3PetitCochon2021-2022\Les 3 petits Cochons\gITHUB\3_Petits_Cochons_2021_2022\3_Petits_Cochons_2021_2022\EcranCreationProfil\Profil-CT1.robot' on line 6: Importing library 'ImageHorizonLibrary' failed: ModuleNotFoundError: No module named 'ImageHorizonLibrary'
Traceback (most recent call last):
  None
PYTHONPATH:
  C:\Users\Dross\AppData\Local\Programs\Python\Python310\Scripts\robot.exe
  C:\Users\Dross\AppData\Local\Programs\Python\Python310\python310.zip
  C:\Users\Dross\AppData\Local\Programs\Python\Python310\DLLs
  C:\Users\Dross\AppData\Local\Programs\Python\Python310\lib
  C:\Users\Dross\AppData\Local\Programs\Python\Python310
  C:\Users\Dross\AppData\Local\Programs\Python\Python310\lib\site-packages</msg>
</errors>
</robot>
