<?xml version="1.0" encoding="UTF-8"?>
<robot generator="Robot 4.1.2 (Python 3.10.0 on win32)" generated="20211201 09:40:11.612" rpa="false" schemaversion="2">
<suite id="s1" name="Profil-CT1" source="D:\Ersnt gemeint\LP_TQL_2021-2022\Projet3PetitCochon2021-2022\Les 3 petits Cochons\gITHUB\3_Petits_Cochons_2021_2022\3_Petits_Cochons_2021_2022\EcranCreationProfil\Profil-CT1.robot">
<kw name="ViderLogs" type="SETUP">
<kw name="Run" library="OperatingSystem">
<arg>.\\clear_logs.bat</arg>
<doc>Runs the given command in the system and returns the output.</doc>
<msg timestamp="20211201 09:40:14.615" level="INFO">Running command '.\clear_logs.bat 2&gt;&amp;1'.</msg>
<status status="PASS" starttime="20211201 09:40:14.611" endtime="20211201 09:40:14.626"/>
</kw>
<status status="PASS" starttime="20211201 09:40:14.611" endtime="20211201 09:40:14.626"/>
</kw>
<test id="s1-t1" name="Profil-CT1">
<kw name="Add Needed Image Path" type="SETUP">
<kw name="Add Image Path" library="sk">
<arg>${IMAGE_DIR}</arg>
<doc>Add image path</doc>
<status status="PASS" starttime="20211201 09:40:14.627" endtime="20211201 09:40:14.648"/>
</kw>
<status status="PASS" starttime="20211201 09:40:14.627" endtime="20211201 09:40:14.649"/>
</kw>
<kw name="ouvrirMenu">
<kw name="Click" library="sk">
<arg>creerUnProfil.PNG</arg>
<doc>Click</doc>
<msg timestamp="20211201 09:40:16.054" level="INFO" html="true">&lt;img src='sikuli_captured/sikuliximage-1638348015216.png'/&gt;
[log] CLICK on L[511,426]@S(0) (538 msec)</msg>
<status status="PASS" starttime="20211201 09:40:14.650" endtime="20211201 09:40:16.054"/>
</kw>
<status status="PASS" starttime="20211201 09:40:14.649" endtime="20211201 09:40:16.054"/>
</kw>
<kw name="ecrirePseudo">
<kw name="Input Text" library="sk">
<arg>cadrePsedo.PNG</arg>
<arg>test0</arg>
<doc>Input text.
 Image could be empty</doc>
<msg timestamp="20211201 09:40:17.570" level="INFO">Input Text:
test0</msg>
<msg timestamp="20211201 09:40:17.570" level="INFO" html="true">&lt;img src='sikuli_captured/sikuliximage-1638348016348.png'/&gt;
[log] CLICK on L[1015,357]@S(0) (534 msec)
[log]  TYPE "test0"</msg>
<status status="PASS" starttime="20211201 09:40:16.055" endtime="20211201 09:40:17.570"/>
</kw>
<status status="PASS" starttime="20211201 09:40:16.055" endtime="20211201 09:40:17.570"/>
</kw>
<kw name="annuler">
<kw name="Click" library="sk">
<arg>annuler.PNG</arg>
<doc>Click</doc>
<msg timestamp="20211201 09:40:18.594" level="INFO" html="true">&lt;img src='sikuli_captured/sikuliximage-1638348017808.png'/&gt;
[log] CLICK on L[1210,244]@S(0) (550 msec)</msg>
<status status="PASS" starttime="20211201 09:40:17.571" endtime="20211201 09:40:18.594"/>
</kw>
<status status="PASS" starttime="20211201 09:40:17.571" endtime="20211201 09:40:18.594"/>
</kw>
<status status="PASS" starttime="20211201 09:40:14.626" endtime="20211201 09:40:18.595"/>
</test>
<test id="s1-t2" name="Profil-CT2">
<kw name="Add Needed Image Path" type="SETUP">
<kw name="Add Image Path" library="sk">
<arg>${IMAGE_DIR}</arg>
<doc>Add image path</doc>
<status status="PASS" starttime="20211201 09:40:18.599" endtime="20211201 09:40:18.605"/>
</kw>
<status status="PASS" starttime="20211201 09:40:18.598" endtime="20211201 09:40:18.605"/>
</kw>
<kw name="ouvrirMenu">
<kw name="Click" library="sk">
<arg>creerUnProfil.PNG</arg>
<doc>Click</doc>
<msg timestamp="20211201 09:40:19.677" level="INFO" html="true">&lt;img src='sikuli_captured/sikuliximage-1638348018878.png'/&gt;
[log] CLICK on L[511,426]@S(0) (532 msec)</msg>
<status status="PASS" starttime="20211201 09:40:18.606" endtime="20211201 09:40:19.677"/>
</kw>
<status status="PASS" starttime="20211201 09:40:18.606" endtime="20211201 09:40:19.677"/>
</kw>
<kw name="confirmer">
<kw name="Click" library="sk">
<arg>enregistrerPseudo</arg>
<doc>Click</doc>
<msg timestamp="20211201 09:40:20.982" level="INFO" html="true">&lt;img src='sikuli_captured/sikuliximage-1638348020229.png'/&gt;
[log] CLICK on L[963,653]@S(0) (529 msec)</msg>
<status status="PASS" starttime="20211201 09:40:19.678" endtime="20211201 09:40:20.982"/>
</kw>
<status status="PASS" starttime="20211201 09:40:19.678" endtime="20211201 09:40:20.983"/>
</kw>
<kw name="annuler">
<kw name="Click" library="sk">
<arg>annuler.PNG</arg>
<doc>Click</doc>
<msg timestamp="20211201 09:40:22.017" level="INFO" html="true">&lt;img src='sikuli_captured/sikuliximage-1638348021234.png'/&gt;
[log] CLICK on L[1210,244]@S(0) (530 msec)</msg>
<status status="PASS" starttime="20211201 09:40:20.984" endtime="20211201 09:40:22.017"/>
</kw>
<status status="PASS" starttime="20211201 09:40:20.983" endtime="20211201 09:40:22.018"/>
</kw>
<status status="PASS" starttime="20211201 09:40:18.597" endtime="20211201 09:40:22.018"/>
</test>
<test id="s1-t3" name="Profil-CT3">
<kw name="Add Needed Image Path" type="SETUP">
<kw name="Add Image Path" library="sk">
<arg>${IMAGE_DIR}</arg>
<doc>Add image path</doc>
<status status="PASS" starttime="20211201 09:40:22.021" endtime="20211201 09:40:22.026"/>
</kw>
<status status="PASS" starttime="20211201 09:40:22.020" endtime="20211201 09:40:22.026"/>
</kw>
<kw name="ouvrirMenu">
<kw name="Click" library="sk">
<arg>creerUnProfil.PNG</arg>
<doc>Click</doc>
<msg timestamp="20211201 09:40:23.142" level="INFO" html="true">&lt;img src='sikuli_captured/sikuliximage-1638348022331.png'/&gt;
[log] CLICK on L[511,426]@S(0) (549 msec)</msg>
<status status="PASS" starttime="20211201 09:40:22.027" endtime="20211201 09:40:23.142"/>
</kw>
<status status="PASS" starttime="20211201 09:40:22.027" endtime="20211201 09:40:23.142"/>
</kw>
<kw name="ecrirePseudoVideEspaces">
<kw name="Input Text" library="sk">
<arg>cadrePsedo.PNG</arg>
<arg>${SPACE}</arg>
<doc>Input text.
 Image could be empty</doc>
<msg timestamp="20211201 09:40:24.583" level="INFO">Input Text:</msg>
<msg timestamp="20211201 09:40:24.583" level="INFO" html="true">&lt;img src='sikuli_captured/sikuliximage-1638348023739.png'/&gt;
[log] CLICK on L[1015,357]@S(0) (531 msec)
[log]  TYPE " "</msg>
<status status="PASS" starttime="20211201 09:40:23.143" endtime="20211201 09:40:24.583"/>
</kw>
<status status="PASS" starttime="20211201 09:40:23.143" endtime="20211201 09:40:24.584"/>
</kw>
<kw name="confirmer">
<kw name="Click" library="sk">
<arg>enregistrerPseudo</arg>
<doc>Click</doc>
<msg timestamp="20211201 09:40:25.599" level="INFO" html="true">&lt;img src='sikuli_captured/sikuliximage-1638348024817.png'/&gt;
[log] CLICK on L[963,653]@S(0) (533 msec)</msg>
<status status="PASS" starttime="20211201 09:40:24.585" endtime="20211201 09:40:25.599"/>
</kw>
<status status="PASS" starttime="20211201 09:40:24.584" endtime="20211201 09:40:25.600"/>
</kw>
<kw name="annuler">
<kw name="Click" library="sk">
<arg>annuler.PNG</arg>
<doc>Click</doc>
<msg timestamp="20211201 09:40:26.663" level="INFO" html="true">&lt;img src='sikuli_captured/sikuliximage-1638348025881.png'/&gt;
[log] CLICK on L[1210,244]@S(0) (536 msec)</msg>
<status status="PASS" starttime="20211201 09:40:25.602" endtime="20211201 09:40:26.663"/>
</kw>
<status status="PASS" starttime="20211201 09:40:25.601" endtime="20211201 09:40:26.664"/>
</kw>
<status status="PASS" starttime="20211201 09:40:22.020" endtime="20211201 09:40:26.664"/>
</test>
<test id="s1-t4" name="Profil-CT4">
<kw name="Add Needed Image Path" type="SETUP">
<kw name="Add Image Path" library="sk">
<arg>${IMAGE_DIR}</arg>
<doc>Add image path</doc>
<status status="PASS" starttime="20211201 09:40:26.669" endtime="20211201 09:40:26.674"/>
</kw>
<status status="PASS" starttime="20211201 09:40:26.668" endtime="20211201 09:40:26.675"/>
</kw>
<kw name="ouvrirMenu">
<kw name="Click" library="sk">
<arg>creerUnProfil.PNG</arg>
<doc>Click</doc>
<msg timestamp="20211201 09:40:29.968" level="INFO" html="true">&lt;img src='sikuli_captured/sikuliximage-1638348029771.png'/&gt;</msg>
<msg timestamp="20211201 09:40:29.969" level="FAIL">com.github.rainmanwy.robotframework.sikulilib.exceptions.TimeoutException: Timeout happend, could not find P(creerUnProfil.PNG) S: 0.7</msg>
<status status="FAIL" starttime="20211201 09:40:26.676" endtime="20211201 09:40:29.969"/>
</kw>
<status status="FAIL" starttime="20211201 09:40:26.675" endtime="20211201 09:40:29.970"/>
</kw>
<kw name="ecrirePseudoLong">
<status status="NOT RUN" starttime="20211201 09:40:29.970" endtime="20211201 09:40:29.970"/>
</kw>
<kw name="confirmer">
<status status="NOT RUN" starttime="20211201 09:40:29.971" endtime="20211201 09:40:29.971"/>
</kw>
<status status="FAIL" starttime="20211201 09:40:26.667" endtime="20211201 09:40:29.971">com.github.rainmanwy.robotframework.sikulilib.exceptions.TimeoutException: Timeout happend, could not find P(creerUnProfil.PNG) S: 0.7</status>
</test>
<test id="s1-t5" name="Profil-CT5">
<kw name="Add Needed Image Path" type="SETUP">
<kw name="Add Image Path" library="sk">
<arg>${IMAGE_DIR}</arg>
<doc>Add image path</doc>
<status status="PASS" starttime="20211201 09:40:29.974" endtime="20211201 09:40:29.982"/>
</kw>
<status status="PASS" starttime="20211201 09:40:29.973" endtime="20211201 09:40:29.982"/>
</kw>
<kw name="ouvrirMenu">
<kw name="Click" library="sk">
<arg>creerUnProfil.PNG</arg>
<doc>Click</doc>
<msg timestamp="20211201 09:40:33.248" level="INFO" html="true">&lt;img src='sikuli_captured/sikuliximage-1638348033049.png'/&gt;</msg>
<msg timestamp="20211201 09:40:33.248" level="FAIL">com.github.rainmanwy.robotframework.sikulilib.exceptions.TimeoutException: Timeout happend, could not find P(creerUnProfil.PNG) S: 0.7</msg>
<status status="FAIL" starttime="20211201 09:40:29.983" endtime="20211201 09:40:33.248"/>
</kw>
<status status="FAIL" starttime="20211201 09:40:29.982" endtime="20211201 09:40:33.249"/>
</kw>
<kw name="choixCouleur">
<status status="NOT RUN" starttime="20211201 09:40:33.250" endtime="20211201 09:40:33.250"/>
</kw>
<kw name="annuler">
<status status="NOT RUN" starttime="20211201 09:40:33.250" endtime="20211201 09:40:33.250"/>
</kw>
<status status="FAIL" starttime="20211201 09:40:29.972" endtime="20211201 09:40:33.251">com.github.rainmanwy.robotframework.sikulilib.exceptions.TimeoutException: Timeout happend, could not find P(creerUnProfil.PNG) S: 0.7</status>
</test>
<test id="s1-t6" name="Profil-CT6">
<kw name="Add Needed Image Path" type="SETUP">
<kw name="Add Image Path" library="sk">
<arg>${IMAGE_DIR}</arg>
<doc>Add image path</doc>
<status status="PASS" starttime="20211201 09:40:33.254" endtime="20211201 09:40:33.259"/>
</kw>
<status status="PASS" starttime="20211201 09:40:33.253" endtime="20211201 09:40:33.259"/>
</kw>
<kw name="ouvrirMenu">
<kw name="Click" library="sk">
<arg>creerUnProfil.PNG</arg>
<doc>Click</doc>
<msg timestamp="20211201 09:40:36.537" level="INFO" html="true">&lt;img src='sikuli_captured/sikuliximage-1638348036332.png'/&gt;</msg>
<msg timestamp="20211201 09:40:36.537" level="FAIL">com.github.rainmanwy.robotframework.sikulilib.exceptions.TimeoutException: Timeout happend, could not find P(creerUnProfil.PNG) S: 0.7</msg>
<status status="FAIL" starttime="20211201 09:40:33.260" endtime="20211201 09:40:36.537"/>
</kw>
<status status="FAIL" starttime="20211201 09:40:33.260" endtime="20211201 09:40:36.538"/>
</kw>
<kw name="ecrirePseudo">
<status status="NOT RUN" starttime="20211201 09:40:36.539" endtime="20211201 09:40:36.539"/>
</kw>
<kw name="confirmer">
<status status="NOT RUN" starttime="20211201 09:40:36.539" endtime="20211201 09:40:36.539"/>
</kw>
<kw name="ecrirePseudo">
<status status="NOT RUN" starttime="20211201 09:40:36.539" endtime="20211201 09:40:36.539"/>
</kw>
<kw name="confirmer">
<status status="NOT RUN" starttime="20211201 09:40:36.540" endtime="20211201 09:40:36.540"/>
</kw>
<kw name="arretServeur">
<status status="NOT RUN" starttime="20211201 09:40:36.540" endtime="20211201 09:40:36.540"/>
</kw>
<status status="FAIL" starttime="20211201 09:40:33.252" endtime="20211201 09:40:36.540">com.github.rainmanwy.robotframework.sikulilib.exceptions.TimeoutException: Timeout happend, could not find P(creerUnProfil.PNG) S: 0.7</status>
</test>
<kw name="Stop Remote Server" library="sk" type="TEARDOWN">
<doc>Stops the remote server.</doc>
<msg timestamp="20211201 09:40:36.548" level="INFO">Robot Framework remote server stopping</msg>
<status status="PASS" starttime="20211201 09:40:36.543" endtime="20211201 09:40:36.548"/>
</kw>
<doc>Sikuli Library Demo</doc>
<status status="FAIL" starttime="20211201 09:40:11.614" endtime="20211201 09:40:36.548"/>
</suite>
<statistics>
<total>
<stat pass="3" fail="3" skip="0">All Tests</stat>
</total>
<tag>
</tag>
<suite>
<stat pass="3" fail="3" skip="0" id="s1" name="Profil-CT1">Profil-CT1</stat>
</suite>
</statistics>
<errors>
<msg timestamp="20211201 09:40:11.614" level="ERROR">Error in file 'D:\Ersnt gemeint\LP_TQL_2021-2022\Projet3PetitCochon2021-2022\Les 3 petits Cochons\gITHUB\3_Petits_Cochons_2021_2022\3_Petits_Cochons_2021_2022\EcranCreationProfil\Profil-CT1.robot' on line 17: Setting variable '${colonne} ${4}' failed: Invalid variable name '${colonne} ${4}'.</msg>
<msg timestamp="20211201 09:40:14.597" level="ERROR">Error in file 'D:\Ersnt gemeint\LP_TQL_2021-2022\Projet3PetitCochon2021-2022\Les 3 petits Cochons\gITHUB\3_Petits_Cochons_2021_2022\3_Petits_Cochons_2021_2022\EcranCreationProfil\Profil-CT1.robot' on line 6: Importing library 'ImageHorizonLibrary' failed: ModuleNotFoundError: No module named 'ImageHorizonLibrary'
Traceback (most recent call last):
  None
PYTHONPATH:
  C:\Users\Dross\AppData\Local\Programs\Python\Python310\Scripts\robot.exe
  C:\Users\Dross\AppData\Local\Programs\Python\Python310\python310.zip
  C:\Users\Dross\AppData\Local\Programs\Python\Python310\DLLs
  C:\Users\Dross\AppData\Local\Programs\Python\Python310\lib
  C:\Users\Dross\AppData\Local\Programs\Python\Python310
  C:\Users\Dross\AppData\Local\Programs\Python\Python310\lib\site-packages</msg>
</errors>
</robot>
