<?xml version="1.0" encoding="UTF-8"?>
<robot generator="Robot 4.1.2 (Python 3.10.0 on win32)" generated="20211201 10:32:33.810" rpa="false" schemaversion="2">
<suite id="s1" name="Profil-CT1" source="D:\Ersnt gemeint\LP_TQL_2021-2022\Projet3PetitCochon2021-2022\Les 3 petits Cochons\gITHUB\3_Petits_Cochons_2021_2022\3_Petits_Cochons_2021_2022\EcranCreationProfil\Profil-CT1.robot">
<kw name="ViderLogs" type="SETUP">
<kw name="Run" library="OperatingSystem">
<arg>.\\clear_logs.bat</arg>
<doc>Runs the given command in the system and returns the output.</doc>
<msg timestamp="20211201 10:32:38.500" level="INFO">Running command '.\clear_logs.bat 2&gt;&amp;1'.</msg>
<status status="PASS" starttime="20211201 10:32:38.492" endtime="20211201 10:32:38.509"/>
</kw>
<status status="PASS" starttime="20211201 10:32:38.492" endtime="20211201 10:32:38.509"/>
</kw>
<test id="s1-t1" name="Profil-CT1">
<kw name="Add Needed Image Path" type="SETUP">
<kw name="Add Image Path" library="sk">
<arg>${IMAGE_DIR}</arg>
<doc>Add image path</doc>
<status status="PASS" starttime="20211201 10:32:38.516" endtime="20211201 10:32:38.548"/>
</kw>
<status status="PASS" starttime="20211201 10:32:38.516" endtime="20211201 10:32:38.548"/>
</kw>
<kw name="ouvrirMenu">
<kw name="Click" library="sk">
<arg>creerUnProfil.PNG</arg>
<doc>Click</doc>
<msg timestamp="20211201 10:32:40.360" level="INFO" html="true">&lt;img src='sikuli_captured/sikuliximage-1638351159356.png'/&gt;
[log] CLICK on L[511,426]@S(0) (533 msec)</msg>
<status status="PASS" starttime="20211201 10:32:38.548" endtime="20211201 10:32:40.360"/>
</kw>
<status status="PASS" starttime="20211201 10:32:38.548" endtime="20211201 10:32:40.360"/>
</kw>
<kw name="ecrirePseudo">
<kw name="Input Text" library="sk">
<arg>cadrePsedo.PNG</arg>
<arg>test0</arg>
<doc>Input text.
 Image could be empty</doc>
<msg timestamp="20211201 10:32:42.561" level="INFO">Input Text:
test0</msg>
<msg timestamp="20211201 10:32:42.561" level="INFO" html="true">&lt;img src='sikuli_captured/sikuliximage-1638351161228.png'/&gt;
[log] CLICK on L[1015,357]@S(0) (529 msec)
[log]  TYPE "test0"</msg>
<status status="PASS" starttime="20211201 10:32:40.360" endtime="20211201 10:32:42.562"/>
</kw>
<status status="PASS" starttime="20211201 10:32:40.360" endtime="20211201 10:32:42.562"/>
</kw>
<kw name="annuler">
<kw name="Click" library="sk">
<arg>annuler.PNG</arg>
<doc>Click</doc>
<msg timestamp="20211201 10:32:43.853" level="INFO" html="true">&lt;img src='sikuli_captured/sikuliximage-1638351162942.png'/&gt;
[log] CLICK on L[1210,244]@S(0) (529 msec)</msg>
<status status="PASS" starttime="20211201 10:32:42.564" endtime="20211201 10:32:43.853"/>
</kw>
<status status="PASS" starttime="20211201 10:32:42.563" endtime="20211201 10:32:43.854"/>
</kw>
<status status="PASS" starttime="20211201 10:32:38.509" endtime="20211201 10:32:43.854"/>
</test>
<test id="s1-t2" name="Profil-CT2">
<kw name="Add Needed Image Path" type="SETUP">
<kw name="Add Image Path" library="sk">
<arg>${IMAGE_DIR}</arg>
<doc>Add image path</doc>
<status status="PASS" starttime="20211201 10:32:43.857" endtime="20211201 10:32:43.868"/>
</kw>
<status status="PASS" starttime="20211201 10:32:43.857" endtime="20211201 10:32:43.868"/>
</kw>
<kw name="ouvrirMenu">
<kw name="Click" library="sk">
<arg>creerUnProfil.PNG</arg>
<doc>Click</doc>
<msg timestamp="20211201 10:32:45.285" level="INFO" html="true">&lt;img src='sikuli_captured/sikuliximage-1638351164311.png'/&gt;
[log] CLICK on L[511,426]@S(0) (540 msec)</msg>
<status status="PASS" starttime="20211201 10:32:43.870" endtime="20211201 10:32:45.285"/>
</kw>
<status status="PASS" starttime="20211201 10:32:43.869" endtime="20211201 10:32:45.285"/>
</kw>
<kw name="confirmer">
<kw name="Click" library="sk">
<arg>enregistrerPseudo</arg>
<doc>Click</doc>
<msg timestamp="20211201 10:32:46.900" level="INFO" html="true">&lt;img src='sikuli_captured/sikuliximage-1638351166000.png'/&gt;
[log] CLICK on L[963,653]@S(0) (548 msec)</msg>
<status status="PASS" starttime="20211201 10:32:45.287" endtime="20211201 10:32:46.900"/>
</kw>
<status status="PASS" starttime="20211201 10:32:45.286" endtime="20211201 10:32:46.901"/>
</kw>
<kw name="annuler">
<kw name="Click" library="sk">
<arg>annuler.PNG</arg>
<doc>Click</doc>
<msg timestamp="20211201 10:32:48.253" level="INFO" html="true">&lt;img src='sikuli_captured/sikuliximage-1638351167299.png'/&gt;
[log] CLICK on L[1210,244]@S(0) (535 msec)</msg>
<status status="PASS" starttime="20211201 10:32:46.904" endtime="20211201 10:32:48.253"/>
</kw>
<status status="PASS" starttime="20211201 10:32:46.903" endtime="20211201 10:32:48.253"/>
</kw>
<status status="PASS" starttime="20211201 10:32:43.856" endtime="20211201 10:32:48.255"/>
</test>
<test id="s1-t3" name="Profil-CT3">
<kw name="Add Needed Image Path" type="SETUP">
<kw name="Add Image Path" library="sk">
<arg>${IMAGE_DIR}</arg>
<doc>Add image path</doc>
<status status="PASS" starttime="20211201 10:32:48.259" endtime="20211201 10:32:48.270"/>
</kw>
<status status="PASS" starttime="20211201 10:32:48.259" endtime="20211201 10:32:48.270"/>
</kw>
<kw name="ouvrirMenu">
<kw name="Click" library="sk">
<arg>creerUnProfil.PNG</arg>
<doc>Click</doc>
<msg timestamp="20211201 10:32:49.646" level="INFO" html="true">&lt;img src='sikuli_captured/sikuliximage-1638351168710.png'/&gt;
[log] CLICK on L[511,426]@S(0) (534 msec)</msg>
<status status="PASS" starttime="20211201 10:32:48.272" endtime="20211201 10:32:49.646"/>
</kw>
<status status="PASS" starttime="20211201 10:32:48.271" endtime="20211201 10:32:49.647"/>
</kw>
<kw name="ecrirePseudoVideEspaces">
<kw name="Input Text" library="sk">
<arg>cadrePsedo.PNG</arg>
<arg>${SPACE}</arg>
<doc>Input text.
 Image could be empty</doc>
<msg timestamp="20211201 10:32:51.454" level="INFO">Input Text:</msg>
<msg timestamp="20211201 10:32:51.455" level="INFO" html="true">&lt;img src='sikuli_captured/sikuliximage-1638351170469.png'/&gt;
[log] CLICK on L[1015,357]@S(0) (534 msec)
[log]  TYPE " "</msg>
<status status="PASS" starttime="20211201 10:32:49.649" endtime="20211201 10:32:51.455"/>
</kw>
<status status="PASS" starttime="20211201 10:32:49.648" endtime="20211201 10:32:51.455"/>
</kw>
<kw name="confirmer">
<kw name="Click" library="sk">
<arg>enregistrerPseudo</arg>
<doc>Click</doc>
<msg timestamp="20211201 10:32:52.787" level="INFO" html="true">&lt;img src='sikuli_captured/sikuliximage-1638351171846.png'/&gt;
[log] CLICK on L[963,653]@S(0) (538 msec)</msg>
<status status="PASS" starttime="20211201 10:32:51.457" endtime="20211201 10:32:52.787"/>
</kw>
<status status="PASS" starttime="20211201 10:32:51.456" endtime="20211201 10:32:52.787"/>
</kw>
<kw name="deconnexion">
<kw name="Click" library="sk">
<arg>deconnexion.png</arg>
<doc>Click</doc>
<msg timestamp="20211201 10:32:55.641" level="INFO" html="true">&lt;img src='sikuli_captured/sikuliximage-1638351174691.png'/&gt;
[log] CLICK on L[1600,824]@S(0) (536 msec)</msg>
<status status="PASS" starttime="20211201 10:32:52.796" endtime="20211201 10:32:55.641"/>
</kw>
<status status="PASS" starttime="20211201 10:32:52.795" endtime="20211201 10:32:55.642"/>
</kw>
<status status="PASS" starttime="20211201 10:32:48.257" endtime="20211201 10:32:55.644"/>
</test>
<test id="s1-t4" name="Profil-CT4">
<kw name="Add Needed Image Path" type="SETUP">
<kw name="Add Image Path" library="sk">
<arg>${IMAGE_DIR}</arg>
<doc>Add image path</doc>
<status status="PASS" starttime="20211201 10:32:55.650" endtime="20211201 10:32:55.668"/>
</kw>
<status status="PASS" starttime="20211201 10:32:55.649" endtime="20211201 10:32:55.669"/>
</kw>
<kw name="ouvrirMenu">
<kw name="Click" library="sk">
<arg>creerUnProfil.PNG</arg>
<doc>Click</doc>
<msg timestamp="20211201 10:32:58.668" level="INFO" html="true">&lt;img src='sikuli_captured/sikuliximage-1638351177727.png'/&gt;
[log] CLICK on L[511,426]@S(0) (544 msec)</msg>
<status status="PASS" starttime="20211201 10:32:55.670" endtime="20211201 10:32:58.668"/>
</kw>
<status status="PASS" starttime="20211201 10:32:55.669" endtime="20211201 10:32:58.668"/>
</kw>
<kw name="ecrirePseudoLong">
<kw name="Input Text" library="sk">
<arg>cadrePsedo.PNG</arg>
<arg>eeeeeeeeeeeeeeeeeeeeeeeeeeeeeeeeeeeeeeeee</arg>
<doc>Input text.
 Image could be empty</doc>
<msg timestamp="20211201 10:33:03.059" level="INFO">Input Text:
eeeeeeeeeeeeeeeeeeeeeeeeeeeeeeeeeeeeeeeee</msg>
<msg timestamp="20211201 10:33:03.059" level="INFO" html="true">&lt;img src='sikuli_captured/sikuliximage-1638351179492.png'/&gt;
[log] CLICK on L[1015,357]@S(0) (530 msec)
[log]  TYPE "eeeeeeeeeeeeeeeeeeeeeeeeeeeeeeeeeeeeeeeee"</msg>
<status status="PASS" starttime="20211201 10:32:58.670" endtime="20211201 10:33:03.060"/>
</kw>
<status status="PASS" starttime="20211201 10:32:58.669" endtime="20211201 10:33:03.060"/>
</kw>
<kw name="confirmer">
<kw name="Click" library="sk">
<arg>enregistrerPseudo</arg>
<doc>Click</doc>
<msg timestamp="20211201 10:33:04.361" level="INFO" html="true">&lt;img src='sikuli_captured/sikuliximage-1638351183453.png'/&gt;
[log] CLICK on L[963,653]@S(0) (533 msec)</msg>
<status status="PASS" starttime="20211201 10:33:03.066" endtime="20211201 10:33:04.361"/>
</kw>
<status status="PASS" starttime="20211201 10:33:03.065" endtime="20211201 10:33:04.362"/>
</kw>
<kw name="deconnexion">
<kw name="Click" library="sk">
<arg>deconnexion.png</arg>
<doc>Click</doc>
<msg timestamp="20211201 10:33:06.791" level="INFO" html="true">&lt;img src='sikuli_captured/sikuliximage-1638351185864.png'/&gt;
[log] CLICK on L[1600,824]@S(0) (553 msec)</msg>
<status status="PASS" starttime="20211201 10:33:04.365" endtime="20211201 10:33:06.791"/>
</kw>
<status status="PASS" starttime="20211201 10:33:04.363" endtime="20211201 10:33:06.792"/>
</kw>
<status status="PASS" starttime="20211201 10:32:55.647" endtime="20211201 10:33:06.793"/>
</test>
<test id="s1-t5" name="Profil-CT5">
<kw name="Add Needed Image Path" type="SETUP">
<kw name="Add Image Path" library="sk">
<arg>${IMAGE_DIR}</arg>
<doc>Add image path</doc>
<status status="PASS" starttime="20211201 10:33:06.796" endtime="20211201 10:33:06.804"/>
</kw>
<status status="PASS" starttime="20211201 10:33:06.796" endtime="20211201 10:33:06.805"/>
</kw>
<kw name="ouvrirMenu">
<kw name="Click" library="sk">
<arg>creerUnProfil.PNG</arg>
<doc>Click</doc>
<msg timestamp="20211201 10:33:09.837" level="INFO" html="true">&lt;img src='sikuli_captured/sikuliximage-1638351188876.png'/&gt;
[log] CLICK on L[511,426]@S(0) (532 msec)</msg>
<status status="PASS" starttime="20211201 10:33:06.807" endtime="20211201 10:33:09.838"/>
</kw>
<status status="PASS" starttime="20211201 10:33:06.805" endtime="20211201 10:33:09.838"/>
</kw>
<kw name="choixCouleur">
<kw name="Create List" library="BuiltIn">
<var>${reg}</var>
<arg>${830}</arg>
<arg>${450}</arg>
<doc>Returns a list containing given items.</doc>
<msg timestamp="20211201 10:33:09.844" level="INFO">${reg} = [830, 450]</msg>
<status status="PASS" starttime="20211201 10:33:09.840" endtime="20211201 10:33:09.844"/>
</kw>
<for flavor="IN RANGE">
<var>${ligne}</var>
<value>2</value>
<iter>
<var name="${ligne}">0</var>
<for flavor="IN RANGE">
<var>${colonne}</var>
<value>4</value>
<iter>
<var name="${colonne}">0</var>
<kw name="Highlight Region" library="sk">
<arg>${reg}</arg>
<arg>2</arg>
<doc>Highlight region</doc>
<msg timestamp="20211201 10:33:09.863" level="FAIL">java.lang.IndexOutOfBoundsException: Index: 2, Size: 2</msg>
<status status="FAIL" starttime="20211201 10:33:09.846" endtime="20211201 10:33:09.863"/>
</kw>
<kw name="Click Region" library="sk">
<arg>${reg}</arg>
<doc>Click region</doc>
<status status="NOT RUN" starttime="20211201 10:33:09.863" endtime="20211201 10:33:09.864"/>
</kw>
<kw name="Sleep" library="BuiltIn">
<arg>1</arg>
<doc>Pauses the test executed for the given time.</doc>
<status status="NOT RUN" starttime="20211201 10:33:09.864" endtime="20211201 10:33:09.864"/>
</kw>
<kw name="Evaluate" library="BuiltIn">
<var>${buff}</var>
<arg>${reg}[0]+${90}</arg>
<doc>Evaluates the given expression in Python and returns the result.</doc>
<status status="NOT RUN" starttime="20211201 10:33:09.864" endtime="20211201 10:33:09.864"/>
</kw>
<kw name="Set List Value">
<arg>${reg}</arg>
<arg>1</arg>
<arg>${buff}</arg>
<status status="NOT RUN" starttime="20211201 10:33:09.870" endtime="20211201 10:33:09.870"/>
</kw>
<status status="FAIL" starttime="20211201 10:33:09.846" endtime="20211201 10:33:09.870"/>
</iter>
<status status="FAIL" starttime="20211201 10:33:09.845" endtime="20211201 10:33:09.871"/>
</for>
<kw name="Evaluate" library="BuiltIn">
<var>${buffy}</var>
<arg>${reg} [1]+${90}</arg>
<doc>Evaluates the given expression in Python and returns the result.</doc>
<status status="NOT RUN" starttime="20211201 10:33:09.871" endtime="20211201 10:33:09.872"/>
</kw>
<kw name="Set List Value">
<arg>${reg}</arg>
<arg>1</arg>
<arg>${buffy}</arg>
<status status="NOT RUN" starttime="20211201 10:33:09.877" endtime="20211201 10:33:09.878"/>
</kw>
<kw name="Set List Value">
<arg>${reg}</arg>
<arg>0</arg>
<arg>${coordsx}</arg>
<status status="NOT RUN" starttime="20211201 10:33:09.886" endtime="20211201 10:33:09.886"/>
</kw>
<status status="FAIL" starttime="20211201 10:33:09.845" endtime="20211201 10:33:09.886"/>
</iter>
<status status="FAIL" starttime="20211201 10:33:09.844" endtime="20211201 10:33:09.887"/>
</for>
<status status="FAIL" starttime="20211201 10:33:09.839" endtime="20211201 10:33:09.888"/>
</kw>
<kw name="annuler">
<status status="NOT RUN" starttime="20211201 10:33:09.890" endtime="20211201 10:33:09.890"/>
</kw>
<status status="FAIL" starttime="20211201 10:33:06.795" endtime="20211201 10:33:09.891">java.lang.IndexOutOfBoundsException: Index: 2, Size: 2</status>
</test>
<test id="s1-t6" name="Profil-CT6">
<kw name="Add Needed Image Path" type="SETUP">
<kw name="Add Image Path" library="sk">
<arg>${IMAGE_DIR}</arg>
<doc>Add image path</doc>
<status status="PASS" starttime="20211201 10:33:09.897" endtime="20211201 10:33:09.906"/>
</kw>
<status status="PASS" starttime="20211201 10:33:09.895" endtime="20211201 10:33:09.907"/>
</kw>
<kw name="ouvrirMenu">
<kw name="Click" library="sk">
<arg>creerUnProfil.PNG</arg>
<doc>Click</doc>
<msg timestamp="20211201 10:33:13.923" level="INFO" html="true">&lt;img src='sikuli_captured/sikuliximage-1638351190309.png'/&gt;</msg>
<msg timestamp="20211201 10:33:13.923" level="INFO" html="true">&lt;img src='sikuli_captured/sikuliximage-1638351193610.png'/&gt;</msg>
<msg timestamp="20211201 10:33:13.924" level="FAIL">com.github.rainmanwy.robotframework.sikulilib.exceptions.ScreenOperationException: Click creerUnProfil.PNG failedcreerUnProfil.PNG: (236x237) seen at (393, 308) with 1,00 in R[0,0 1920x1080]@S(0)</msg>
<status status="FAIL" starttime="20211201 10:33:09.908" endtime="20211201 10:33:13.924"/>
</kw>
<status status="FAIL" starttime="20211201 10:33:09.907" endtime="20211201 10:33:13.925"/>
</kw>
<kw name="ecrirePseudo">
<status status="NOT RUN" starttime="20211201 10:33:13.926" endtime="20211201 10:33:13.926"/>
</kw>
<kw name="confirmer">
<status status="NOT RUN" starttime="20211201 10:33:13.927" endtime="20211201 10:33:13.927"/>
</kw>
<kw name="ecrirePseudo">
<status status="NOT RUN" starttime="20211201 10:33:13.927" endtime="20211201 10:33:13.928"/>
</kw>
<kw name="confirmer">
<status status="NOT RUN" starttime="20211201 10:33:13.928" endtime="20211201 10:33:13.928"/>
</kw>
<kw name="arretServeur">
<status status="NOT RUN" starttime="20211201 10:33:13.928" endtime="20211201 10:33:13.928"/>
</kw>
<status status="FAIL" starttime="20211201 10:33:09.894" endtime="20211201 10:33:13.929">com.github.rainmanwy.robotframework.sikulilib.exceptions.ScreenOperationException: Click creerUnProfil.PNG failedcreerUnProfil.PNG: (236x237) seen at (393, 308) with 1,00 in R[0,0 1920x1080]@S(0)</status>
</test>
<kw name="Stop Remote Server" library="sk" type="TEARDOWN">
<doc>Stops the remote server.</doc>
<msg timestamp="20211201 10:33:13.944" level="INFO">Robot Framework remote server stopping</msg>
<status status="PASS" starttime="20211201 10:33:13.935" endtime="20211201 10:33:13.945"/>
</kw>
<doc>Sikuli Library Demo</doc>
<status status="FAIL" starttime="20211201 10:32:33.813" endtime="20211201 10:33:13.945"/>
</suite>
<statistics>
<total>
<stat pass="4" fail="2" skip="0">All Tests</stat>
</total>
<tag>
</tag>
<suite>
<stat pass="4" fail="2" skip="0" id="s1" name="Profil-CT1">Profil-CT1</stat>
</suite>
</statistics>
<errors>
<msg timestamp="20211201 10:32:38.460" level="ERROR">Error in file 'D:\Ersnt gemeint\LP_TQL_2021-2022\Projet3PetitCochon2021-2022\Les 3 petits Cochons\gITHUB\3_Petits_Cochons_2021_2022\3_Petits_Cochons_2021_2022\EcranCreationProfil\Profil-CT1.robot' on line 6: Importing library 'ImageHorizonLibrary' failed: ModuleNotFoundError: No module named 'ImageHorizonLibrary'
Traceback (most recent call last):
  None
PYTHONPATH:
  C:\Users\Dross\AppData\Local\Programs\Python\Python310\Scripts\robot.exe
  C:\Users\Dross\AppData\Local\Programs\Python\Python310\python310.zip
  C:\Users\Dross\AppData\Local\Programs\Python\Python310\DLLs
  C:\Users\Dross\AppData\Local\Programs\Python\Python310\lib
  C:\Users\Dross\AppData\Local\Programs\Python\Python310
  C:\Users\Dross\AppData\Local\Programs\Python\Python310\lib\site-packages</msg>
</errors>
</robot>
